12:35:41.592  INFO  manager.ApplicationManager - All tests start in  ChromeDriver
12:35:44.174  INFO  manager.ApplicationManager - Current URL is --->https://contacts-app.tobbymarshall815.vercel.app/home
12:35:44.691  INFO  TestBase - START TEST WITH NAME: registrationWrongEmail
12:35:44.697  INFO  manager.ListenerWD - before Find Elements By ---> By.xpath: //button[text()='Sign Out']
12:35:49.790  INFO  manager.ListenerWD - After Find Elements By ---> By.xpath: //button[text()='Sign Out']
12:35:49.790  INFO  manager.ListenerWD - List size is ---->0
12:35:49.794  INFO  manager.ListenerWD - Before Find Element By ---> By.xpath: //a[@href='/login']
12:35:49.850  INFO  manager.ListenerWD - After Find Element By ---> By.xpath: //a[@href='/login']
12:35:49.959  INFO  manager.ListenerWD - Before Find Element By ---> By.xpath: //input[@placeholder='Email']
12:35:50.007  INFO  manager.ListenerWD - After Find Element By ---> By.xpath: //input[@placeholder='Email']
12:35:50.240  INFO  manager.ListenerWD - Before Find Element By ---> By.xpath: //input[@placeholder='Password']
12:35:50.301  INFO  manager.ListenerWD - After Find Element By ---> By.xpath: //input[@placeholder='Password']
12:35:50.538  INFO  manager.ListenerWD - Before Find Element By ---> By.xpath: //button[2]
12:35:50.575  INFO  manager.ListenerWD - After Find Element By ---> By.xpath: //button[2]
12:35:50.633  INFO  manager.ListenerWD - before Find Elements By ---> By.xpath: //button[text()='Sign Out']
12:35:51.425  INFO  manager.ListenerWD - After Find Elements By ---> By.xpath: //button[text()='Sign Out']
12:35:51.425  INFO  manager.ListenerWD - List size is ---->0
12:35:51.523  INFO  TestBase - START TEST WITH NAME: loginSuccessModel
12:35:51.524  INFO  TestBase - Start checking authorization
12:35:51.529  INFO  manager.ListenerWD - before Find Elements By ---> By.xpath: //button[text()='Sign Out']
12:35:56.561  INFO  manager.ListenerWD - After Find Elements By ---> By.xpath: //button[text()='Sign Out']
12:35:56.562  INFO  manager.ListenerWD - List size is ---->0
12:35:56.563  INFO  TestBase - Test was not needed in logout 
12:35:56.570  INFO  TestBase - Login scenario success was used data: User{email='Nik@gmail.com', password='123589$Nik'}
12:35:56.571  INFO  manager.ListenerWD - Before Find Element By ---> By.xpath: //a[@href='/login']
12:35:56.601  INFO  manager.ListenerWD - After Find Element By ---> By.xpath: //a[@href='/login']
12:35:56.658  INFO  manager.ListenerWD - Before Find Element By ---> By.xpath: //input[@placeholder='Email']
12:35:56.692  INFO  manager.ListenerWD - After Find Element By ---> By.xpath: //input[@placeholder='Email']
12:35:56.915  INFO  manager.ListenerWD - Before Find Element By ---> By.xpath: //input[@placeholder='Password']
12:35:56.940  INFO  manager.ListenerWD - After Find Element By ---> By.xpath: //input[@placeholder='Password']
12:35:57.146  INFO  manager.ListenerWD - Before Find Element By ---> By.xpath: //*[text()=' Login']
12:35:57.190  INFO  manager.ListenerWD - After Find Element By ---> By.xpath: //*[text()=' Login']
12:35:57.265  INFO  manager.ListenerWD - before Find Elements By ---> By.xpath: //button[text()='Sign Out']
12:35:57.692  INFO  manager.ListenerWD - After Find Elements By ---> By.xpath: //button[text()='Sign Out']
12:35:57.692  INFO  manager.ListenerWD - List size is ---->1
12:35:57.695  INFO  TestBase - START TEST WITH NAME: addNewContactSuccessRequiredFields
12:35:57.699  INFO  manager.ListenerWD - before Find Elements By ---> By.xpath: //button[text()='Sign Out']
12:35:57.740  INFO  manager.ListenerWD - After Find Elements By ---> By.xpath: //button[text()='Sign Out']
12:35:57.740  INFO  manager.ListenerWD - List size is ---->1
12:35:57.744  INFO  manager.ListenerWD - Before Find Element By ---> By.cssSelector: [href='/add']
12:35:57.839  INFO  manager.ListenerWD - After Find Element By ---> By.cssSelector: [href='/add']
12:35:57.960  INFO  manager.ListenerWD - Before Find Element By ---> By.cssSelector: [placeholder='Name']
12:35:58.007  INFO  manager.ListenerWD - After Find Element By ---> By.cssSelector: [placeholder='Name']
12:35:58.232  INFO  manager.ListenerWD - Before Find Element By ---> By.cssSelector: [placeholder='Last Name']
12:35:58.274  INFO  manager.ListenerWD - After Find Element By ---> By.cssSelector: [placeholder='Last Name']
12:35:58.459  INFO  manager.ListenerWD - Before Find Element By ---> By.cssSelector: [placeholder='Phone']
12:35:58.486  INFO  manager.ListenerWD - After Find Element By ---> By.cssSelector: [placeholder='Phone']
12:35:58.644  INFO  manager.ListenerWD - Before Find Element By ---> By.cssSelector: [placeholder='email']
12:35:58.672  INFO  manager.ListenerWD - After Find Element By ---> By.cssSelector: [placeholder='email']
12:35:58.844  INFO  manager.ListenerWD - Before Find Element By ---> By.cssSelector: [placeholder='Address']
12:35:58.871  INFO  manager.ListenerWD - After Find Element By ---> By.cssSelector: [placeholder='Address']
12:35:59.033  INFO  manager.ListenerWD - Before Find Element By ---> By.xpath: //button/b
12:35:59.063  INFO  manager.ListenerWD - After Find Element By ---> By.xpath: //button/b
12:35:59.114  INFO  manager.ListenerWD - before Find Elements By ---> By.cssSelector: h2
12:35:59.636  INFO  manager.ListenerWD - After Find Elements By ---> By.cssSelector: h2
12:35:59.637  INFO  manager.ListenerWD - List size is ---->10
12:35:59.843  INFO  manager.ListenerWD - before Find Elements By ---> By.cssSelector: h3
12:35:59.995  INFO  manager.ListenerWD - After Find Elements By ---> By.cssSelector: h3
12:35:59.996  INFO  manager.ListenerWD - List size is ---->10
12:36:00.191  INFO  TestBase - Tests start with data ---> Contacts(name=Alex1429, lastName=Smal, phone=809351429, email=Jon1429@ukr.net, address=Kiev, Ukraine, description=null)
12:36:00.194  INFO  TestBase - START TEST WITH NAME: removeFirstContact
12:36:00.196  INFO  manager.ListenerWD - before Find Elements By ---> By.xpath: //button[text()='Sign Out']
12:36:00.217  INFO  manager.ListenerWD - After Find Elements By ---> By.xpath: //button[text()='Sign Out']
12:36:00.217  INFO  manager.ListenerWD - List size is ---->1
12:36:00.218  INFO  manager.ListenerWD - before Find Elements By ---> By.cssSelector: .contact-item_card__2SOIM
12:36:00.333  INFO  manager.ListenerWD - After Find Elements By ---> By.cssSelector: .contact-item_card__2SOIM
12:36:00.334  INFO  manager.ListenerWD - List size is ---->10
12:36:00.335  INFO  manager.ListenerWD - before Find Elements By ---> By.cssSelector: .contact-item_card__2SOIM
12:36:00.423  INFO  manager.ListenerWD - After Find Elements By ---> By.cssSelector: .contact-item_card__2SOIM
12:36:00.423  INFO  manager.ListenerWD - List size is ---->10
12:36:00.424  INFO  manager.ListenerWD - before Find Elements By ---> By.cssSelector: .contact-item_card__2SOIM
12:36:00.511  INFO  manager.ListenerWD - After Find Elements By ---> By.cssSelector: .contact-item_card__2SOIM
12:36:00.512  INFO  manager.ListenerWD - List size is ---->10
12:36:00.514  INFO  manager.ListenerWD - Before Find Element By ---> By.cssSelector: .contact-item_card__2SOIM
12:36:00.540  INFO  manager.ListenerWD - After Find Element By ---> By.cssSelector: .contact-item_card__2SOIM
12:36:00.623  INFO  manager.ListenerWD - Before Find Element By ---> By.xpath: //button[text()='Remove']
12:36:00.663  INFO  manager.ListenerWD - After Find Element By ---> By.xpath: //button[text()='Remove']
12:36:02.739  INFO  manager.ListenerWD - before Find Elements By ---> By.cssSelector: .contact-item_card__2SOIM
12:36:02.884  INFO  manager.ListenerWD - After Find Elements By ---> By.cssSelector: .contact-item_card__2SOIM
12:36:02.884  INFO  manager.ListenerWD - List size is ---->9
