10:46:37.159  INFO  manager.ListenerNG - onStart
10:46:40.992  INFO  manager.ApplicationManager - Chrome Driver was opened
10:46:44.411  INFO  manager.ApplicationManager - Current URL is --->https://contacts-app.tobbymarshall815.vercel.app/home
10:46:44.437  INFO  manager.ListenerNG - onStart
10:46:44.485  INFO  TestBase - START TEST WITH NAME: addNewContactSuccess
10:46:44.488  INFO  manager.ListenerWD - before Find Elements By ---> By.xpath: //button[text()='Sign Out']
10:46:49.534  INFO  manager.ListenerWD - After Find Elements By ---> By.xpath: //button[text()='Sign Out']
10:46:49.536  INFO  manager.ListenerWD - List size is ---->0
10:46:49.540  INFO  manager.ListenerWD - Before Find Element By ---> By.xpath: //a[@href='/login']
10:46:49.590  INFO  manager.ListenerWD - After Find Element By ---> By.xpath: //a[@href='/login']
10:46:49.686  INFO  manager.ListenerWD - Before Find Element By ---> By.xpath: //input[@placeholder='Email']
10:46:49.726  INFO  manager.ListenerWD - After Find Element By ---> By.xpath: //input[@placeholder='Email']
10:46:49.950  INFO  manager.ListenerWD - Before Find Element By ---> By.xpath: //input[@placeholder='Password']
10:46:50.005  INFO  manager.ListenerWD - After Find Element By ---> By.xpath: //input[@placeholder='Password']
10:46:50.186  INFO  manager.ListenerWD - Before Find Element By ---> By.xpath: //*[text()=' Login']
10:46:50.220  INFO  manager.ListenerWD - After Find Element By ---> By.xpath: //*[text()=' Login']
10:46:50.268  INFO  manager.ListenerNG - onTestStart
10:46:50.272  INFO  manager.ListenerWD - Before Find Element By ---> By.cssSelector: [href='/add']
10:46:51.288  INFO  manager.ListenerWD - After Find Element By ---> By.cssSelector: [href='/add']
10:46:51.352  INFO  manager.ListenerWD - Before Find Element By ---> By.cssSelector: [placeholder='Name']
10:46:51.397  INFO  manager.ListenerWD - After Find Element By ---> By.cssSelector: [placeholder='Name']
10:46:51.551  INFO  manager.ListenerWD - Before Find Element By ---> By.cssSelector: [placeholder='Last Name']
10:46:51.584  INFO  manager.ListenerWD - After Find Element By ---> By.cssSelector: [placeholder='Last Name']
10:46:51.716  INFO  manager.ListenerWD - Before Find Element By ---> By.cssSelector: [placeholder='Phone']
10:46:51.748  INFO  manager.ListenerWD - After Find Element By ---> By.cssSelector: [placeholder='Phone']
10:46:51.905  INFO  manager.ListenerWD - Before Find Element By ---> By.cssSelector: [placeholder='email']
10:46:51.939  INFO  manager.ListenerWD - After Find Element By ---> By.cssSelector: [placeholder='email']
10:46:52.123  INFO  manager.ListenerWD - Before Find Element By ---> By.cssSelector: [placeholder='Address']
10:46:52.155  INFO  manager.ListenerWD - After Find Element By ---> By.cssSelector: [placeholder='Address']
10:46:52.321  INFO  manager.ListenerWD - Before Find Element By ---> By.cssSelector: [placeholder='description']
10:46:52.355  INFO  manager.ListenerWD - After Find Element By ---> By.cssSelector: [placeholder='description']
10:46:52.492  INFO  manager.ListenerWD - Before Find Element By ---> By.xpath: //button/b
10:46:52.519  INFO  manager.ListenerWD - After Find Element By ---> By.xpath: //button/b
10:46:52.569  INFO  manager.ListenerWD - before Find Elements By ---> By.cssSelector: h2
10:46:52.900  INFO  manager.ListenerWD - After Find Elements By ---> By.cssSelector: h2
10:46:52.901  INFO  manager.ListenerWD - List size is ---->1
10:46:52.924  INFO  manager.ListenerWD - before Find Elements By ---> By.cssSelector: h3
10:46:52.950  INFO  manager.ListenerWD - After Find Elements By ---> By.cssSelector: h3
10:46:52.950  INFO  manager.ListenerWD - List size is ---->1
10:46:52.973  INFO  manager.ListenerNG - onTestSuccess
10:46:52.975  INFO  TestBase - START TEST WITH NAME: addNewContactSuccess
10:46:52.977  INFO  manager.ListenerWD - before Find Elements By ---> By.xpath: //button[text()='Sign Out']
10:46:52.999  INFO  manager.ListenerWD - After Find Elements By ---> By.xpath: //button[text()='Sign Out']
10:46:53.000  INFO  manager.ListenerWD - List size is ---->1
10:46:53.001  INFO  manager.ListenerNG - onTestStart
10:46:53.001  INFO  manager.ListenerWD - Before Find Element By ---> By.cssSelector: [href='/add']
10:46:53.022  INFO  manager.ListenerWD - After Find Element By ---> By.cssSelector: [href='/add']
10:46:53.091  INFO  manager.ListenerWD - Before Find Element By ---> By.cssSelector: [placeholder='Name']
10:46:53.131  INFO  manager.ListenerWD - After Find Element By ---> By.cssSelector: [placeholder='Name']
10:46:53.300  INFO  manager.ListenerWD - Before Find Element By ---> By.cssSelector: [placeholder='Last Name']
10:46:53.324  INFO  manager.ListenerWD - After Find Element By ---> By.cssSelector: [placeholder='Last Name']
10:46:53.511  INFO  manager.ListenerWD - Before Find Element By ---> By.cssSelector: [placeholder='Phone']
10:46:53.549  INFO  manager.ListenerWD - After Find Element By ---> By.cssSelector: [placeholder='Phone']
10:46:53.803  INFO  manager.ListenerWD - Before Find Element By ---> By.cssSelector: [placeholder='email']
10:46:53.835  INFO  manager.ListenerWD - After Find Element By ---> By.cssSelector: [placeholder='email']
10:46:54.086  INFO  manager.ListenerWD - Before Find Element By ---> By.cssSelector: [placeholder='Address']
10:46:54.133  INFO  manager.ListenerWD - After Find Element By ---> By.cssSelector: [placeholder='Address']
10:46:54.401  INFO  manager.ListenerWD - Before Find Element By ---> By.cssSelector: [placeholder='description']
10:46:54.429  INFO  manager.ListenerWD - After Find Element By ---> By.cssSelector: [placeholder='description']
10:46:54.622  INFO  manager.ListenerWD - Before Find Element By ---> By.xpath: //button/b
10:46:54.639  INFO  manager.ListenerWD - After Find Element By ---> By.xpath: //button/b
10:46:54.690  INFO  manager.ListenerWD - before Find Elements By ---> By.cssSelector: h2
10:46:54.940  INFO  manager.ListenerWD - After Find Elements By ---> By.cssSelector: h2
10:46:54.941  INFO  manager.ListenerWD - List size is ---->2
10:46:54.982  INFO  manager.ListenerWD - before Find Elements By ---> By.cssSelector: h3
10:46:55.014  INFO  manager.ListenerWD - After Find Elements By ---> By.cssSelector: h3
10:46:55.015  INFO  manager.ListenerWD - List size is ---->2
10:46:55.051  INFO  manager.ListenerNG - onTestSuccess
10:46:55.053  INFO  TestBase - START TEST WITH NAME: addNewContactSuccess
10:46:55.054  INFO  manager.ListenerWD - before Find Elements By ---> By.xpath: //button[text()='Sign Out']
10:46:55.087  INFO  manager.ListenerWD - After Find Elements By ---> By.xpath: //button[text()='Sign Out']
10:46:55.087  INFO  manager.ListenerWD - List size is ---->1
10:46:55.088  INFO  manager.ListenerNG - onTestStart
10:46:55.089  INFO  manager.ListenerWD - Before Find Element By ---> By.cssSelector: [href='/add']
10:46:55.107  INFO  manager.ListenerWD - After Find Element By ---> By.cssSelector: [href='/add']
10:46:55.156  INFO  manager.ListenerWD - Before Find Element By ---> By.cssSelector: [placeholder='Name']
10:46:55.187  INFO  manager.ListenerWD - After Find Element By ---> By.cssSelector: [placeholder='Name']
10:46:55.377  INFO  manager.ListenerWD - Before Find Element By ---> By.cssSelector: [placeholder='Last Name']
10:46:55.422  INFO  manager.ListenerWD - After Find Element By ---> By.cssSelector: [placeholder='Last Name']
10:46:55.575  INFO  manager.ListenerWD - Before Find Element By ---> By.cssSelector: [placeholder='Phone']
10:46:55.598  INFO  manager.ListenerWD - After Find Element By ---> By.cssSelector: [placeholder='Phone']
10:46:55.766  INFO  manager.ListenerWD - Before Find Element By ---> By.cssSelector: [placeholder='email']
10:46:55.783  INFO  manager.ListenerWD - After Find Element By ---> By.cssSelector: [placeholder='email']
10:46:55.942  INFO  manager.ListenerWD - Before Find Element By ---> By.cssSelector: [placeholder='Address']
10:46:55.960  INFO  manager.ListenerWD - After Find Element By ---> By.cssSelector: [placeholder='Address']
10:46:56.116  INFO  manager.ListenerWD - Before Find Element By ---> By.cssSelector: [placeholder='description']
10:46:56.134  INFO  manager.ListenerWD - After Find Element By ---> By.cssSelector: [placeholder='description']
10:46:56.302  INFO  manager.ListenerWD - Before Find Element By ---> By.xpath: //button/b
10:46:56.320  INFO  manager.ListenerWD - After Find Element By ---> By.xpath: //button/b
10:46:56.362  INFO  manager.ListenerWD - before Find Elements By ---> By.cssSelector: h2
10:46:57.156  INFO  manager.ListenerWD - After Find Elements By ---> By.cssSelector: h2
10:46:57.157  INFO  manager.ListenerWD - List size is ---->3
10:46:57.219  INFO  manager.ListenerWD - before Find Elements By ---> By.cssSelector: h3
10:46:57.253  INFO  manager.ListenerWD - After Find Elements By ---> By.cssSelector: h3
10:46:57.253  INFO  manager.ListenerWD - List size is ---->3
10:46:57.309  INFO  manager.ListenerNG - onTestSuccess
10:46:57.314  INFO  TestBase - START TEST WITH NAME: addNewContactSuccessRequiredFields
10:46:57.315  INFO  manager.ListenerWD - before Find Elements By ---> By.xpath: //button[text()='Sign Out']
10:46:57.334  INFO  manager.ListenerWD - After Find Elements By ---> By.xpath: //button[text()='Sign Out']
10:46:57.334  INFO  manager.ListenerWD - List size is ---->1
10:46:57.335  INFO  manager.ListenerNG - onTestStart
10:46:57.336  INFO  manager.ListenerWD - Before Find Element By ---> By.cssSelector: [href='/add']
10:46:57.354  INFO  manager.ListenerWD - After Find Element By ---> By.cssSelector: [href='/add']
10:46:57.403  INFO  manager.ListenerWD - Before Find Element By ---> By.cssSelector: [placeholder='Name']
10:46:57.433  INFO  manager.ListenerWD - After Find Element By ---> By.cssSelector: [placeholder='Name']
10:46:57.571  INFO  manager.ListenerWD - Before Find Element By ---> By.cssSelector: [placeholder='Last Name']
10:46:57.598  INFO  manager.ListenerWD - After Find Element By ---> By.cssSelector: [placeholder='Last Name']
10:46:57.776  INFO  manager.ListenerWD - Before Find Element By ---> By.cssSelector: [placeholder='Phone']
10:46:57.806  INFO  manager.ListenerWD - After Find Element By ---> By.cssSelector: [placeholder='Phone']
10:46:57.975  INFO  manager.ListenerWD - Before Find Element By ---> By.cssSelector: [placeholder='email']
10:46:57.993  INFO  manager.ListenerWD - After Find Element By ---> By.cssSelector: [placeholder='email']
10:46:58.151  INFO  manager.ListenerWD - Before Find Element By ---> By.cssSelector: [placeholder='Address']
10:46:58.169  INFO  manager.ListenerWD - After Find Element By ---> By.cssSelector: [placeholder='Address']
10:46:58.330  INFO  manager.ListenerWD - Before Find Element By ---> By.xpath: //button/b
10:46:58.355  INFO  manager.ListenerWD - After Find Element By ---> By.xpath: //button/b
10:46:58.409  INFO  manager.ListenerWD - before Find Elements By ---> By.cssSelector: h2
10:46:58.754  INFO  manager.ListenerWD - After Find Elements By ---> By.cssSelector: h2
10:46:58.754  INFO  manager.ListenerWD - List size is ---->4
10:46:58.836  INFO  manager.ListenerWD - before Find Elements By ---> By.cssSelector: h3
10:46:58.890  INFO  manager.ListenerWD - After Find Elements By ---> By.cssSelector: h3
10:46:58.890  INFO  manager.ListenerWD - List size is ---->4
10:46:58.974  INFO  TestBase - Tests start with data ---> Contacts(name=Alex1025, lastName=Smal, phone=809351025, email=Jon1025@ukr.net, address=Kiev, Ukraine, description=null)
10:46:58.974  INFO  manager.ListenerNG - onTestSuccess
10:46:58.976  INFO  TestBase - START TEST WITH NAME: addNewContactWrongName
10:46:58.977  INFO  manager.ListenerWD - before Find Elements By ---> By.xpath: //button[text()='Sign Out']
10:46:58.996  INFO  manager.ListenerWD - After Find Elements By ---> By.xpath: //button[text()='Sign Out']
10:46:58.996  INFO  manager.ListenerWD - List size is ---->1
10:46:58.997  INFO  manager.ListenerNG - onTestStart
10:46:58.997  INFO  manager.ListenerWD - Before Find Element By ---> By.cssSelector: [href='/add']
10:46:59.014  INFO  manager.ListenerWD - After Find Element By ---> By.cssSelector: [href='/add']
10:46:59.070  INFO  manager.ListenerWD - Before Find Element By ---> By.cssSelector: [placeholder='Last Name']
10:46:59.100  INFO  manager.ListenerWD - After Find Element By ---> By.cssSelector: [placeholder='Last Name']
10:46:59.252  INFO  manager.ListenerWD - Before Find Element By ---> By.cssSelector: [placeholder='Phone']
10:46:59.272  INFO  manager.ListenerWD - After Find Element By ---> By.cssSelector: [placeholder='Phone']
10:46:59.456  INFO  manager.ListenerWD - Before Find Element By ---> By.cssSelector: [placeholder='email']
10:46:59.473  INFO  manager.ListenerWD - After Find Element By ---> By.cssSelector: [placeholder='email']
10:46:59.634  INFO  manager.ListenerWD - Before Find Element By ---> By.cssSelector: [placeholder='Address']
10:46:59.653  INFO  manager.ListenerWD - After Find Element By ---> By.cssSelector: [placeholder='Address']
10:46:59.814  INFO  manager.ListenerWD - Before Find Element By ---> By.xpath: //button/b
10:46:59.834  INFO  manager.ListenerWD - After Find Element By ---> By.xpath: //button/b
10:46:59.888  INFO  manager.ListenerWD - before Find Elements By ---> By.cssSelector: a.active[href='/add']
10:46:59.909  INFO  manager.ListenerWD - After Find Elements By ---> By.cssSelector: a.active[href='/add']
10:46:59.909  INFO  manager.ListenerWD - List size is ---->1
10:46:59.909  INFO  manager.ListenerNG - onTestSuccess
10:46:59.912  INFO  manager.ListenerNG - onTestStart
10:47:03.653  INFO  manager.ListenerNG - onTestSuccess
10:47:03.656  INFO  TestBase - START TEST WITH NAME: loginNegativeWrongEmailFormat
10:47:03.657  INFO  TestBase - Start checking authorization
10:47:03.658  INFO  manager.ListenerWD - before Find Elements By ---> By.xpath: //button[text()='Sign Out']
10:47:03.692  INFO  manager.ListenerWD - After Find Elements By ---> By.xpath: //button[text()='Sign Out']
10:47:03.693  INFO  manager.ListenerWD - List size is ---->1
10:47:03.693  INFO  manager.ListenerWD - Before Find Element By ---> By.xpath: //button[text()='Sign Out']
10:47:03.725  INFO  manager.ListenerWD - After Find Element By ---> By.xpath: //button[text()='Sign Out']
10:47:03.791  INFO  TestBase - Test was needed in logout 
10:47:03.798  INFO  manager.ListenerNG - onTestStart
10:47:03.799  INFO  manager.ListenerWD - Before Find Element By ---> By.xpath: //a[@href='/login']
10:47:03.820  INFO  manager.ListenerWD - After Find Element By ---> By.xpath: //a[@href='/login']
10:47:03.866  INFO  manager.ListenerWD - Before Find Element By ---> By.xpath: //input[@placeholder='Email']
10:47:03.886  INFO  manager.ListenerWD - After Find Element By ---> By.xpath: //input[@placeholder='Email']
10:47:04.072  INFO  manager.ListenerWD - Before Find Element By ---> By.xpath: //input[@placeholder='Password']
10:47:04.089  INFO  manager.ListenerWD - After Find Element By ---> By.xpath: //input[@placeholder='Password']
10:47:04.223  INFO  manager.ListenerWD - Before Find Element By ---> By.xpath: //*[text()=' Login']
10:47:04.240  INFO  manager.ListenerWD - After Find Element By ---> By.xpath: //*[text()=' Login']
10:47:04.296  INFO  manager.ListenerWD - before Find Elements By ---> By.xpath: //button[text()='Sign Out']
10:47:04.533  INFO  manager.ListenerWD - After Find Elements By ---> By.xpath: //button[text()='Sign Out']
10:47:04.533  INFO  manager.ListenerWD - List size is ---->0
10:47:04.587  INFO  manager.ListenerNG - onTestSuccess
10:47:04.589  INFO  TestBase - START TEST WITH NAME: loginNegativeWrongPasswordFormat
10:47:04.590  INFO  TestBase - Start checking authorization
10:47:04.591  INFO  manager.ListenerWD - before Find Elements By ---> By.xpath: //button[text()='Sign Out']
10:47:09.670  INFO  manager.ListenerWD - After Find Elements By ---> By.xpath: //button[text()='Sign Out']
10:47:09.671  INFO  manager.ListenerWD - List size is ---->0
10:47:09.672  INFO  TestBase - Test was not needed in logout 
10:47:09.673  INFO  manager.ListenerNG - onTestStart
10:47:09.675  INFO  manager.ListenerNG - onTestSuccess
10:47:09.680  INFO  TestBase - START TEST WITH NAME: loginSuccess
10:47:09.683  INFO  TestBase - Start checking authorization
10:47:09.684  INFO  manager.ListenerWD - before Find Elements By ---> By.xpath: //button[text()='Sign Out']
10:47:14.692  INFO  manager.ListenerWD - After Find Elements By ---> By.xpath: //button[text()='Sign Out']
10:47:14.693  INFO  manager.ListenerWD - List size is ---->0
10:47:14.693  INFO  TestBase - Test was not needed in logout 
10:47:14.694  INFO  manager.ListenerNG - onTestStart
10:47:14.694  INFO  TestBase - User login with data: email Nik@gmail.com & password 123589$Nik 
10:47:14.694  INFO  manager.ListenerWD - Before Find Element By ---> By.xpath: //a[@href='/login']
10:47:14.713  INFO  manager.ListenerWD - After Find Element By ---> By.xpath: //a[@href='/login']
10:47:14.763  INFO  manager.ListenerWD - Before Find Element By ---> By.xpath: //input[@placeholder='Email']
10:47:14.790  INFO  manager.ListenerWD - After Find Element By ---> By.xpath: //input[@placeholder='Email']
10:47:15.019  INFO  manager.ListenerWD - Before Find Element By ---> By.xpath: //input[@placeholder='Password']
10:47:15.061  INFO  manager.ListenerWD - After Find Element By ---> By.xpath: //input[@placeholder='Password']
10:47:15.257  INFO  manager.ListenerWD - Before Find Element By ---> By.xpath: //*[text()=' Login']
10:47:15.280  INFO  manager.ListenerWD - After Find Element By ---> By.xpath: //*[text()=' Login']
10:47:15.334  INFO  manager.ListenerWD - before Find Elements By ---> By.xpath: //button[text()='Sign Out']
10:47:15.617  INFO  manager.ListenerWD - After Find Elements By ---> By.xpath: //button[text()='Sign Out']
10:47:15.617  INFO  manager.ListenerWD - List size is ---->1
10:47:15.617  INFO  TestBase - Assert check is Sign Out button Present
10:47:15.618  INFO  manager.ListenerNG - onTestSuccess
10:47:15.629  INFO  manager.ListenerNG - onTestFailure
10:47:15.632  INFO  TestBase - START TEST WITH NAME: registrationSuccess
10:47:15.634  INFO  manager.ListenerWD - before Find Elements By ---> By.xpath: //button[text()='Sign Out']
10:47:15.656  INFO  manager.ListenerWD - After Find Elements By ---> By.xpath: //button[text()='Sign Out']
10:47:15.656  INFO  manager.ListenerWD - List size is ---->1
10:47:15.656  INFO  manager.ListenerWD - Before Find Element By ---> By.xpath: //button[text()='Sign Out']
10:47:15.682  INFO  manager.ListenerWD - After Find Element By ---> By.xpath: //button[text()='Sign Out']
10:47:15.736  INFO  manager.ListenerNG - onTestStart
10:47:15.737  INFO  manager.ListenerWD - Before Find Element By ---> By.xpath: //a[@href='/login']
10:47:15.772  INFO  manager.ListenerWD - After Find Element By ---> By.xpath: //a[@href='/login']
10:47:15.823  INFO  manager.ListenerWD - Before Find Element By ---> By.xpath: //input[@placeholder='Email']
10:47:15.840  INFO  manager.ListenerWD - After Find Element By ---> By.xpath: //input[@placeholder='Email']
10:47:16.004  INFO  manager.ListenerWD - Before Find Element By ---> By.xpath: //input[@placeholder='Password']
10:47:16.022  INFO  manager.ListenerWD - After Find Element By ---> By.xpath: //input[@placeholder='Password']
10:47:16.161  INFO  manager.ListenerWD - Before Find Element By ---> By.xpath: //button[2]
10:47:16.182  INFO  manager.ListenerWD - After Find Element By ---> By.xpath: //button[2]
10:47:18.227  INFO  manager.ListenerWD - before Find Elements By ---> By.xpath: //button[text()='Sign Out']
10:47:18.280  INFO  manager.ListenerWD - After Find Elements By ---> By.xpath: //button[text()='Sign Out']
10:47:18.281  INFO  manager.ListenerWD - List size is ---->1
10:47:18.282  INFO  manager.ListenerNG - onTestSuccess
10:47:18.288  INFO  TestBase - START TEST WITH NAME: registrationSuccessModels
10:47:18.291  INFO  manager.ListenerWD - before Find Elements By ---> By.xpath: //button[text()='Sign Out']
10:47:18.310  INFO  manager.ListenerWD - After Find Elements By ---> By.xpath: //button[text()='Sign Out']
10:47:18.310  INFO  manager.ListenerWD - List size is ---->1
10:47:18.311  INFO  manager.ListenerWD - Before Find Element By ---> By.xpath: //button[text()='Sign Out']
10:47:18.327  INFO  manager.ListenerWD - After Find Element By ---> By.xpath: //button[text()='Sign Out']
10:47:18.399  INFO  manager.ListenerNG - onTestStart
10:47:18.400  INFO  manager.ListenerWD - Before Find Element By ---> By.xpath: //a[@href='/login']
10:47:18.422  INFO  manager.ListenerWD - After Find Element By ---> By.xpath: //a[@href='/login']
10:47:18.483  INFO  manager.ListenerWD - Before Find Element By ---> By.xpath: //input[@placeholder='Email']
10:47:18.502  INFO  manager.ListenerWD - After Find Element By ---> By.xpath: //input[@placeholder='Email']
10:47:18.706  INFO  manager.ListenerWD - Before Find Element By ---> By.xpath: //input[@placeholder='Password']
10:47:18.733  INFO  manager.ListenerWD - After Find Element By ---> By.xpath: //input[@placeholder='Password']
10:47:18.871  INFO  manager.ListenerWD - Before Find Element By ---> By.xpath: //button[2]
10:47:18.894  INFO  manager.ListenerWD - After Find Element By ---> By.xpath: //button[2]
10:47:18.950  INFO  manager.ListenerWD - before Find Elements By ---> By.xpath: //button[text()='Sign Out']
10:47:19.084  INFO  manager.ListenerWD - After Find Elements By ---> By.xpath: //button[text()='Sign Out']
10:47:19.084  INFO  manager.ListenerWD - List size is ---->1
10:47:19.088  INFO  manager.ListenerWD - Before Find Element By ---> By.cssSelector: div.contact-page_message__2qafk>h1
10:47:19.226  INFO  manager.ListenerWD - After Find Element By ---> By.cssSelector: div.contact-page_message__2qafk>h1
10:47:19.247  INFO  manager.ListenerNG - onTestSuccess
10:47:19.249  INFO  TestBase - START TEST WITH NAME: registrationUserAlreadyExists
10:47:19.250  INFO  manager.ListenerWD - before Find Elements By ---> By.xpath: //button[text()='Sign Out']
10:47:19.281  INFO  manager.ListenerWD - After Find Elements By ---> By.xpath: //button[text()='Sign Out']
10:47:19.281  INFO  manager.ListenerWD - List size is ---->1
10:47:19.281  INFO  manager.ListenerWD - Before Find Element By ---> By.xpath: //button[text()='Sign Out']
10:47:19.299  INFO  manager.ListenerWD - After Find Element By ---> By.xpath: //button[text()='Sign Out']
10:47:19.382  INFO  manager.ListenerNG - onTestStart
10:47:19.382  INFO  manager.ListenerWD - Before Find Element By ---> By.xpath: //a[@href='/login']
10:47:19.417  INFO  manager.ListenerWD - After Find Element By ---> By.xpath: //a[@href='/login']
10:47:19.483  INFO  manager.ListenerWD - Before Find Element By ---> By.xpath: //input[@placeholder='Email']
10:47:19.513  INFO  manager.ListenerWD - After Find Element By ---> By.xpath: //input[@placeholder='Email']
10:47:19.703  INFO  manager.ListenerWD - Before Find Element By ---> By.xpath: //input[@placeholder='Password']
10:47:19.725  INFO  manager.ListenerWD - After Find Element By ---> By.xpath: //input[@placeholder='Password']
10:47:19.881  INFO  manager.ListenerWD - Before Find Element By ---> By.xpath: //button[2]
10:47:19.899  INFO  manager.ListenerWD - After Find Element By ---> By.xpath: //button[2]
10:47:19.951  INFO  manager.ListenerWD - before Find Elements By ---> By.xpath: //button[text()='Sign Out']
10:47:20.138  INFO  manager.ListenerWD - After Find Elements By ---> By.xpath: //button[text()='Sign Out']
10:47:20.139  INFO  manager.ListenerWD - List size is ---->0
10:47:20.167  INFO  manager.ListenerNG - onTestSuccess
10:47:20.168  INFO  TestBase - START TEST WITH NAME: registrationWrongEmail
10:47:20.170  INFO  manager.ListenerWD - before Find Elements By ---> By.xpath: //button[text()='Sign Out']
10:47:25.192  INFO  manager.ListenerWD - After Find Elements By ---> By.xpath: //button[text()='Sign Out']
10:47:25.192  INFO  manager.ListenerWD - List size is ---->0
10:47:25.192  INFO  manager.ListenerNG - onTestStart
10:47:25.193  INFO  manager.ListenerWD - Before Find Element By ---> By.xpath: //a[@href='/login']
10:47:25.213  INFO  manager.ListenerWD - After Find Element By ---> By.xpath: //a[@href='/login']
10:47:25.250  INFO  manager.ListenerWD - Before Find Element By ---> By.xpath: //input[@placeholder='Email']
10:47:25.275  INFO  manager.ListenerWD - After Find Element By ---> By.xpath: //input[@placeholder='Email']
10:47:25.448  INFO  manager.ListenerWD - Before Find Element By ---> By.xpath: //input[@placeholder='Password']
10:47:25.464  INFO  manager.ListenerWD - After Find Element By ---> By.xpath: //input[@placeholder='Password']
10:47:25.647  INFO  manager.ListenerWD - Before Find Element By ---> By.xpath: //button[2]
10:47:25.674  INFO  manager.ListenerWD - After Find Element By ---> By.xpath: //button[2]
10:47:25.738  INFO  manager.ListenerWD - before Find Elements By ---> By.xpath: //button[text()='Sign Out']
10:47:25.928  INFO  manager.ListenerWD - After Find Elements By ---> By.xpath: //button[text()='Sign Out']
10:47:25.928  INFO  manager.ListenerWD - List size is ---->0
10:47:25.960  INFO  manager.ListenerNG - onTestSuccess
10:47:25.962  INFO  TestBase - START TEST WITH NAME: registrationWrongPassword
10:47:25.964  INFO  manager.ListenerWD - before Find Elements By ---> By.xpath: //button[text()='Sign Out']
10:47:30.995  INFO  manager.ListenerWD - After Find Elements By ---> By.xpath: //button[text()='Sign Out']
10:47:30.995  INFO  manager.ListenerWD - List size is ---->0
10:47:30.997  INFO  manager.ListenerNG - onTestStart
10:47:30.998  INFO  manager.ListenerWD - Before Find Element By ---> By.xpath: //a[@href='/login']
10:47:31.043  INFO  manager.ListenerWD - After Find Element By ---> By.xpath: //a[@href='/login']
10:47:31.091  INFO  manager.ListenerWD - Before Find Element By ---> By.xpath: //input[@placeholder='Email']
10:47:31.121  INFO  manager.ListenerWD - After Find Element By ---> By.xpath: //input[@placeholder='Email']
10:47:31.290  INFO  manager.ListenerWD - Before Find Element By ---> By.xpath: //input[@placeholder='Password']
10:47:31.307  INFO  manager.ListenerWD - After Find Element By ---> By.xpath: //input[@placeholder='Password']
10:47:31.457  INFO  manager.ListenerWD - Before Find Element By ---> By.xpath: //button[2]
10:47:31.472  INFO  manager.ListenerWD - After Find Element By ---> By.xpath: //button[2]
10:47:31.517  INFO  manager.ListenerWD - before Find Elements By ---> By.xpath: //button[text()='Sign Out']
10:47:31.694  INFO  manager.ListenerWD - After Find Elements By ---> By.xpath: //button[text()='Sign Out']
10:47:31.694  INFO  manager.ListenerWD - List size is ---->0
10:47:31.715  INFO  manager.ListenerNG - onTestSuccess
10:47:31.718  INFO  TestBase - START TEST WITH NAME: removeFirstContact
10:47:31.725  INFO  manager.ListenerWD - before Find Elements By ---> By.xpath: //button[text()='Sign Out']
10:47:36.786  INFO  manager.ListenerWD - After Find Elements By ---> By.xpath: //button[text()='Sign Out']
10:47:36.787  INFO  manager.ListenerWD - List size is ---->0
10:47:36.787  INFO  manager.ListenerWD - Before Find Element By ---> By.xpath: //a[@href='/login']
10:47:36.830  INFO  manager.ListenerWD - After Find Element By ---> By.xpath: //a[@href='/login']
10:47:36.877  INFO  manager.ListenerWD - Before Find Element By ---> By.xpath: //input[@placeholder='Email']
10:47:36.898  INFO  manager.ListenerWD - After Find Element By ---> By.xpath: //input[@placeholder='Email']
10:47:37.075  INFO  manager.ListenerWD - Before Find Element By ---> By.xpath: //input[@placeholder='Password']
10:47:37.092  INFO  manager.ListenerWD - After Find Element By ---> By.xpath: //input[@placeholder='Password']
10:47:37.255  INFO  manager.ListenerWD - Before Find Element By ---> By.xpath: //*[text()=' Login']
10:47:37.270  INFO  manager.ListenerWD - After Find Element By ---> By.xpath: //*[text()=' Login']
10:47:37.315  INFO  manager.ListenerWD - before Find Elements By ---> By.cssSelector: .contact-item_card__2SOIM
10:47:37.663  INFO  manager.ListenerWD - After Find Elements By ---> By.cssSelector: .contact-item_card__2SOIM
10:47:37.663  INFO  manager.ListenerWD - List size is ---->4
10:47:37.663  INFO  manager.ListenerNG - onTestStart
10:47:37.664  INFO  manager.ListenerWD - before Find Elements By ---> By.cssSelector: .contact-item_card__2SOIM
10:47:37.700  INFO  manager.ListenerWD - After Find Elements By ---> By.cssSelector: .contact-item_card__2SOIM
10:47:37.700  INFO  manager.ListenerWD - List size is ---->4
10:47:37.700  INFO  manager.ListenerWD - before Find Elements By ---> By.cssSelector: .contact-item_card__2SOIM
10:47:37.732  INFO  manager.ListenerWD - After Find Elements By ---> By.cssSelector: .contact-item_card__2SOIM
10:47:37.732  INFO  manager.ListenerWD - List size is ---->4
10:47:37.732  INFO  manager.ListenerWD - Before Find Element By ---> By.cssSelector: .contact-item_card__2SOIM
10:47:37.750  INFO  manager.ListenerWD - After Find Element By ---> By.cssSelector: .contact-item_card__2SOIM
10:47:37.829  INFO  manager.ListenerWD - Before Find Element By ---> By.xpath: //button[text()='Remove']
10:47:37.871  INFO  manager.ListenerWD - After Find Element By ---> By.xpath: //button[text()='Remove']
10:47:39.910  INFO  manager.ListenerWD - before Find Elements By ---> By.cssSelector: .contact-item_card__2SOIM
10:47:39.960  INFO  manager.ListenerWD - After Find Elements By ---> By.cssSelector: .contact-item_card__2SOIM
10:47:39.961  INFO  manager.ListenerWD - List size is ---->3
10:47:39.961  INFO  manager.ListenerNG - onTestSuccess
10:47:39.963  INFO  TestBase - START TEST WITH NAME: removeAllContact
10:47:39.964  INFO  manager.ListenerWD - before Find Elements By ---> By.xpath: //button[text()='Sign Out']
10:47:39.981  INFO  manager.ListenerWD - After Find Elements By ---> By.xpath: //button[text()='Sign Out']
10:47:39.981  INFO  manager.ListenerWD - List size is ---->1
10:47:39.981  INFO  manager.ListenerWD - before Find Elements By ---> By.cssSelector: .contact-item_card__2SOIM
10:47:40.007  INFO  manager.ListenerWD - After Find Elements By ---> By.cssSelector: .contact-item_card__2SOIM
10:47:40.007  INFO  manager.ListenerWD - List size is ---->3
10:47:40.008  INFO  manager.ListenerWD - Before Find Element By ---> By.cssSelector: [href='/add']
10:47:40.026  INFO  manager.ListenerWD - After Find Element By ---> By.cssSelector: [href='/add']
10:47:40.097  INFO  manager.ListenerWD - Before Find Element By ---> By.cssSelector: [placeholder='Name']
10:47:40.124  INFO  manager.ListenerWD - After Find Element By ---> By.cssSelector: [placeholder='Name']
10:47:40.313  INFO  manager.ListenerWD - Before Find Element By ---> By.cssSelector: [placeholder='Last Name']
10:47:40.336  INFO  manager.ListenerWD - After Find Element By ---> By.cssSelector: [placeholder='Last Name']
10:47:40.498  INFO  manager.ListenerWD - Before Find Element By ---> By.cssSelector: [placeholder='Phone']
10:47:40.522  INFO  manager.ListenerWD - After Find Element By ---> By.cssSelector: [placeholder='Phone']
10:47:40.704  INFO  manager.ListenerWD - Before Find Element By ---> By.cssSelector: [placeholder='email']
10:47:40.724  INFO  manager.ListenerWD - After Find Element By ---> By.cssSelector: [placeholder='email']
10:47:40.877  INFO  manager.ListenerWD - Before Find Element By ---> By.cssSelector: [placeholder='Address']
10:47:40.896  INFO  manager.ListenerWD - After Find Element By ---> By.cssSelector: [placeholder='Address']
10:47:41.017  INFO  manager.ListenerWD - Before Find Element By ---> By.xpath: //button/b
10:47:41.036  INFO  manager.ListenerWD - After Find Element By ---> By.xpath: //button/b
10:47:43.088  INFO  manager.HelperBase - Provider added contact --->Contacts(name=Inna187, lastName=Snow, phone=123456187, email=inna187gmail.ru, address=Haifa, description=null)
10:47:43.088  INFO  manager.ListenerWD - Before Find Element By ---> By.cssSelector: [href='/add']
10:47:43.128  INFO  manager.ListenerWD - After Find Element By ---> By.cssSelector: [href='/add']
10:47:43.182  INFO  manager.ListenerWD - Before Find Element By ---> By.cssSelector: [placeholder='Name']
10:47:43.208  INFO  manager.ListenerWD - After Find Element By ---> By.cssSelector: [placeholder='Name']
10:47:43.355  INFO  manager.ListenerWD - Before Find Element By ---> By.cssSelector: [placeholder='Last Name']
10:47:43.370  INFO  manager.ListenerWD - After Find Element By ---> By.cssSelector: [placeholder='Last Name']
10:47:43.537  INFO  manager.ListenerWD - Before Find Element By ---> By.cssSelector: [placeholder='Phone']
10:47:43.552  INFO  manager.ListenerWD - After Find Element By ---> By.cssSelector: [placeholder='Phone']
10:47:43.696  INFO  manager.ListenerWD - Before Find Element By ---> By.cssSelector: [placeholder='email']
10:47:43.713  INFO  manager.ListenerWD - After Find Element By ---> By.cssSelector: [placeholder='email']
10:47:43.868  INFO  manager.ListenerWD - Before Find Element By ---> By.cssSelector: [placeholder='Address']
10:47:43.883  INFO  manager.ListenerWD - After Find Element By ---> By.cssSelector: [placeholder='Address']
10:47:44.024  INFO  manager.ListenerWD - Before Find Element By ---> By.xpath: //button/b
10:47:44.045  INFO  manager.ListenerWD - After Find Element By ---> By.xpath: //button/b
10:47:46.099  INFO  manager.HelperBase - Provider added contact --->Contacts(name=Inna104, lastName=Snow, phone=123456104, email=inna104gmail.ru, address=Haifa, description=null)
10:47:46.100  INFO  manager.ListenerWD - Before Find Element By ---> By.cssSelector: [href='/add']
10:47:46.140  INFO  manager.ListenerWD - After Find Element By ---> By.cssSelector: [href='/add']
10:47:46.182  INFO  manager.ListenerWD - Before Find Element By ---> By.cssSelector: [placeholder='Name']
10:47:46.212  INFO  manager.ListenerWD - After Find Element By ---> By.cssSelector: [placeholder='Name']
10:47:46.348  INFO  manager.ListenerWD - Before Find Element By ---> By.cssSelector: [placeholder='Last Name']
10:47:46.367  INFO  manager.ListenerWD - After Find Element By ---> By.cssSelector: [placeholder='Last Name']
10:47:46.499  INFO  manager.ListenerWD - Before Find Element By ---> By.cssSelector: [placeholder='Phone']
10:47:46.528  INFO  manager.ListenerWD - After Find Element By ---> By.cssSelector: [placeholder='Phone']
10:47:46.685  INFO  manager.ListenerWD - Before Find Element By ---> By.cssSelector: [placeholder='email']
10:47:46.700  INFO  manager.ListenerWD - After Find Element By ---> By.cssSelector: [placeholder='email']
10:47:46.851  INFO  manager.ListenerWD - Before Find Element By ---> By.cssSelector: [placeholder='Address']
10:47:46.865  INFO  manager.ListenerWD - After Find Element By ---> By.cssSelector: [placeholder='Address']
10:47:46.993  INFO  manager.ListenerWD - Before Find Element By ---> By.xpath: //button/b
10:47:47.008  INFO  manager.ListenerWD - After Find Element By ---> By.xpath: //button/b
10:47:49.050  INFO  manager.HelperBase - Provider added contact --->Contacts(name=Inna106, lastName=Snow, phone=123456106, email=inna106gmail.ru, address=Haifa, description=null)
10:47:49.052  INFO  manager.ListenerNG - onTestStart
10:47:49.056  INFO  manager.ListenerWD - before Find Elements By ---> By.cssSelector: .contact-item_card__2SOIM
10:47:49.125  INFO  manager.ListenerWD - After Find Elements By ---> By.cssSelector: .contact-item_card__2SOIM
10:47:49.126  INFO  manager.ListenerWD - List size is ---->6
10:47:49.126  INFO  manager.ListenerWD - Before Find Element By ---> By.cssSelector: .contact-item_card__2SOIM
10:47:49.144  INFO  manager.ListenerWD - After Find Element By ---> By.cssSelector: .contact-item_card__2SOIM
10:47:49.201  INFO  manager.ListenerWD - Before Find Element By ---> By.xpath: //button[text()='Remove']
10:47:49.226  INFO  manager.ListenerWD - After Find Element By ---> By.xpath: //button[text()='Remove']
10:47:51.268  INFO  manager.ListenerWD - before Find Elements By ---> By.cssSelector: .contact-item_card__2SOIM
10:47:51.351  INFO  manager.ListenerWD - After Find Elements By ---> By.cssSelector: .contact-item_card__2SOIM
10:47:51.351  INFO  manager.ListenerWD - List size is ---->5
10:47:51.351  INFO  manager.ListenerWD - Before Find Element By ---> By.cssSelector: .contact-item_card__2SOIM
10:47:51.369  INFO  manager.ListenerWD - After Find Element By ---> By.cssSelector: .contact-item_card__2SOIM
10:47:51.433  INFO  manager.ListenerWD - Before Find Element By ---> By.xpath: //button[text()='Remove']
10:47:51.452  INFO  manager.ListenerWD - After Find Element By ---> By.xpath: //button[text()='Remove']
10:47:53.492  INFO  manager.ListenerWD - before Find Elements By ---> By.cssSelector: .contact-item_card__2SOIM
10:47:53.559  INFO  manager.ListenerWD - After Find Elements By ---> By.cssSelector: .contact-item_card__2SOIM
10:47:53.560  INFO  manager.ListenerWD - List size is ---->4
10:47:53.560  INFO  manager.ListenerWD - Before Find Element By ---> By.cssSelector: .contact-item_card__2SOIM
10:47:53.576  INFO  manager.ListenerWD - After Find Element By ---> By.cssSelector: .contact-item_card__2SOIM
10:47:53.623  INFO  manager.ListenerWD - Before Find Element By ---> By.xpath: //button[text()='Remove']
10:47:53.642  INFO  manager.ListenerWD - After Find Element By ---> By.xpath: //button[text()='Remove']
10:47:55.687  INFO  manager.ListenerWD - before Find Elements By ---> By.cssSelector: .contact-item_card__2SOIM
10:47:55.765  INFO  manager.ListenerWD - After Find Elements By ---> By.cssSelector: .contact-item_card__2SOIM
10:47:55.766  INFO  manager.ListenerWD - List size is ---->3
10:47:55.766  INFO  manager.ListenerWD - Before Find Element By ---> By.cssSelector: .contact-item_card__2SOIM
10:47:55.781  INFO  manager.ListenerWD - After Find Element By ---> By.cssSelector: .contact-item_card__2SOIM
10:47:55.833  INFO  manager.ListenerWD - Before Find Element By ---> By.xpath: //button[text()='Remove']
10:47:55.854  INFO  manager.ListenerWD - After Find Element By ---> By.xpath: //button[text()='Remove']
10:47:57.895  INFO  manager.ListenerWD - before Find Elements By ---> By.cssSelector: .contact-item_card__2SOIM
10:47:57.956  INFO  manager.ListenerWD - After Find Elements By ---> By.cssSelector: .contact-item_card__2SOIM
10:47:57.956  INFO  manager.ListenerWD - List size is ---->2
10:47:57.956  INFO  manager.ListenerWD - Before Find Element By ---> By.cssSelector: .contact-item_card__2SOIM
10:47:57.971  INFO  manager.ListenerWD - After Find Element By ---> By.cssSelector: .contact-item_card__2SOIM
10:47:58.011  INFO  manager.ListenerWD - Before Find Element By ---> By.xpath: //button[text()='Remove']
10:47:58.028  INFO  manager.ListenerWD - After Find Element By ---> By.xpath: //button[text()='Remove']
10:48:00.076  INFO  manager.ListenerWD - before Find Elements By ---> By.cssSelector: .contact-item_card__2SOIM
10:48:00.092  INFO  manager.ListenerWD - After Find Elements By ---> By.cssSelector: .contact-item_card__2SOIM
10:48:00.093  INFO  manager.ListenerWD - List size is ---->1
10:48:00.093  INFO  manager.ListenerWD - Before Find Element By ---> By.cssSelector: .contact-item_card__2SOIM
10:48:00.107  INFO  manager.ListenerWD - After Find Element By ---> By.cssSelector: .contact-item_card__2SOIM
10:48:00.151  INFO  manager.ListenerWD - Before Find Element By ---> By.xpath: //button[text()='Remove']
10:48:00.170  INFO  manager.ListenerWD - After Find Element By ---> By.xpath: //button[text()='Remove']
10:48:02.215  INFO  manager.ListenerWD - before Find Elements By ---> By.cssSelector: .contact-item_card__2SOIM
10:48:07.253  INFO  manager.ListenerWD - After Find Elements By ---> By.cssSelector: .contact-item_card__2SOIM
10:48:07.253  INFO  manager.ListenerWD - List size is ---->0
10:48:07.254  INFO  manager.ListenerWD - Before Find Element By ---> By.cssSelector: .contact-page_message__2qafk h1
10:48:07.292  INFO  manager.ListenerWD - After Find Element By ---> By.cssSelector: .contact-page_message__2qafk h1
10:48:07.316  INFO  manager.ListenerNG - onTestSuccess
10:48:07.317  INFO  manager.ListenerNG - onFinish
10:48:07.652  INFO  manager.ListenerNG - onFinish
