22:23:16.330  INFO  manager.ApplicationManager - Chrome Driver was opened
22:23:18.893  INFO  manager.ApplicationManager - Current URL is --->https://contacts-app.tobbymarshall815.vercel.app/home
22:23:19.082  INFO  TestBase - START TEST WITH NAME: loginSuccess
22:23:19.103  INFO  TestBase - Start checking authorization
22:23:19.113  INFO  manager.ListenerWD - before Find Elements By ---> By.xpath: //button[text()='Sign Out']
22:23:24.174  INFO  manager.ListenerWD - After Find Elements By ---> By.xpath: //button[text()='Sign Out']
22:23:24.174  INFO  manager.ListenerWD - List size is ---->0
22:23:24.175  INFO  TestBase - Test was not needed in logout 
22:23:24.179  INFO  TestBase - User login with data: email Nik@gmail.com & password 123589$Nik 
22:23:24.180  INFO  manager.ListenerWD - Before Find Element By ---> By.xpath: //a[@href='/login']
22:23:24.235  INFO  manager.ListenerWD - After Find Element By ---> By.xpath: //a[@href='/login']
22:23:24.444  INFO  manager.ListenerWD - Before Find Element By ---> By.xpath: //input[@placeholder='Email']
22:23:24.576  INFO  manager.ListenerWD - After Find Element By ---> By.xpath: //input[@placeholder='Email']
22:23:25.192  INFO  manager.ListenerWD - Before Find Element By ---> By.xpath: //input[@placeholder='Password']
22:23:25.238  INFO  manager.ListenerWD - After Find Element By ---> By.xpath: //input[@placeholder='Password']
22:23:25.450  INFO  manager.ListenerWD - Before Find Element By ---> By.xpath: //*[text()=' Login']
22:23:25.492  INFO  manager.ListenerWD - After Find Element By ---> By.xpath: //*[text()=' Login']
22:23:25.556  INFO  manager.ListenerWD - before Find Elements By ---> By.xpath: //button[text()='Sign Out']
22:23:26.607  INFO  manager.ListenerWD - After Find Elements By ---> By.xpath: //button[text()='Sign Out']
22:23:26.608  INFO  manager.ListenerWD - List size is ---->1
22:23:26.615  INFO  TestBase - Assert check is Sign Out button Present
22:23:26.621  INFO  TestBase - START TEST WITH NAME: loginSuccess
22:23:26.628  INFO  TestBase - Start checking authorization
22:23:26.629  INFO  manager.ListenerWD - before Find Elements By ---> By.xpath: //button[text()='Sign Out']
22:23:26.671  INFO  manager.ListenerWD - After Find Elements By ---> By.xpath: //button[text()='Sign Out']
22:23:26.671  INFO  manager.ListenerWD - List size is ---->1
22:23:26.672  INFO  manager.ListenerWD - Before Find Element By ---> By.xpath: //button[text()='Sign Out']
22:23:26.742  INFO  manager.ListenerWD - After Find Element By ---> By.xpath: //button[text()='Sign Out']
22:23:26.835  INFO  TestBase - Test was needed in logout 
22:23:26.836  INFO  TestBase - User login with data: email Nik@gmail.com & password 123589$Nik 
22:23:26.837  INFO  manager.ListenerWD - Before Find Element By ---> By.xpath: //a[@href='/login']
22:23:26.899  INFO  manager.ListenerWD - After Find Element By ---> By.xpath: //a[@href='/login']
22:23:26.986  INFO  manager.ListenerWD - Before Find Element By ---> By.xpath: //input[@placeholder='Email']
22:23:27.024  INFO  manager.ListenerWD - After Find Element By ---> By.xpath: //input[@placeholder='Email']
22:23:27.239  INFO  manager.ListenerWD - Before Find Element By ---> By.xpath: //input[@placeholder='Password']
22:23:27.280  INFO  manager.ListenerWD - After Find Element By ---> By.xpath: //input[@placeholder='Password']
22:23:27.482  INFO  manager.ListenerWD - Before Find Element By ---> By.xpath: //*[text()=' Login']
22:23:27.515  INFO  manager.ListenerWD - After Find Element By ---> By.xpath: //*[text()=' Login']
22:23:27.583  INFO  manager.ListenerWD - before Find Elements By ---> By.xpath: //button[text()='Sign Out']
22:23:27.727  INFO  manager.ListenerWD - After Find Elements By ---> By.xpath: //button[text()='Sign Out']
22:23:27.727  INFO  manager.ListenerWD - List size is ---->1
22:23:27.727  INFO  TestBase - Assert check is Sign Out button Present
22:23:27.731  INFO  TestBase - START TEST WITH NAME: loginSuccess
22:23:27.732  INFO  TestBase - Start checking authorization
22:23:27.733  INFO  manager.ListenerWD - before Find Elements By ---> By.xpath: //button[text()='Sign Out']
22:23:27.812  INFO  manager.ListenerWD - After Find Elements By ---> By.xpath: //button[text()='Sign Out']
22:23:27.820  INFO  manager.ListenerWD - List size is ---->1
22:23:27.825  INFO  manager.ListenerWD - Before Find Element By ---> By.xpath: //button[text()='Sign Out']
22:23:27.850  INFO  manager.ListenerWD - After Find Element By ---> By.xpath: //button[text()='Sign Out']
22:23:27.918  INFO  TestBase - Test was needed in logout 
22:23:27.919  INFO  TestBase - User login with data: email Nik@gmail.com & password 123589$Nik 
22:23:27.920  INFO  manager.ListenerWD - Before Find Element By ---> By.xpath: //a[@href='/login']
22:23:27.973  INFO  manager.ListenerWD - After Find Element By ---> By.xpath: //a[@href='/login']
22:23:28.075  INFO  manager.ListenerWD - Before Find Element By ---> By.xpath: //input[@placeholder='Email']
22:23:28.104  INFO  manager.ListenerWD - After Find Element By ---> By.xpath: //input[@placeholder='Email']
22:23:28.298  INFO  manager.ListenerWD - Before Find Element By ---> By.xpath: //input[@placeholder='Password']
22:23:28.318  INFO  manager.ListenerWD - After Find Element By ---> By.xpath: //input[@placeholder='Password']
22:23:28.501  INFO  manager.ListenerWD - Before Find Element By ---> By.xpath: //*[text()=' Login']
22:23:28.528  INFO  manager.ListenerWD - After Find Element By ---> By.xpath: //*[text()=' Login']
22:23:28.583  INFO  manager.ListenerWD - before Find Elements By ---> By.xpath: //button[text()='Sign Out']
22:23:28.723  INFO  manager.ListenerWD - After Find Elements By ---> By.xpath: //button[text()='Sign Out']
22:23:28.724  INFO  manager.ListenerWD - List size is ---->1
22:23:28.725  INFO  TestBase - Assert check is Sign Out button Present
