22:51:27.344  INFO  manager.ApplicationManager - Chrome Driver was opened
22:51:30.256  INFO  manager.ApplicationManager - Current URL is --->https://contacts-app.tobbymarshall815.vercel.app/home
22:51:30.431  INFO  TestBase - START TEST WITH NAME: loginSuccess
22:51:30.434  INFO  TestBase - Start checking authorization
22:51:30.435  INFO  manager.ListenerWD - before Find Elements By ---> By.xpath: //button[text()='Sign Out']
22:51:35.489  INFO  manager.ListenerWD - After Find Elements By ---> By.xpath: //button[text()='Sign Out']
22:51:35.490  INFO  manager.ListenerWD - List size is ---->0
22:51:35.492  INFO  TestBase - Test was not needed in logout 
22:51:35.496  INFO  TestBase - User login with data: email Nik@gmail.com & password 123589$Nik 
22:51:35.497  INFO  manager.ListenerWD - Before Find Element By ---> By.xpath: //a[@href='/login']
22:51:35.558  INFO  manager.ListenerWD - After Find Element By ---> By.xpath: //a[@href='/login']
22:51:35.714  INFO  manager.ListenerWD - Before Find Element By ---> By.xpath: //input[@placeholder='Email']
22:51:35.813  INFO  manager.ListenerWD - After Find Element By ---> By.xpath: //input[@placeholder='Email']
22:51:36.060  INFO  manager.ListenerWD - Before Find Element By ---> By.xpath: //input[@placeholder='Password']
22:51:36.113  INFO  manager.ListenerWD - After Find Element By ---> By.xpath: //input[@placeholder='Password']
22:51:36.305  INFO  manager.ListenerWD - Before Find Element By ---> By.xpath: //*[text()=' Login']
22:51:36.339  INFO  manager.ListenerWD - After Find Element By ---> By.xpath: //*[text()=' Login']
22:51:36.407  INFO  manager.ListenerWD - before Find Elements By ---> By.xpath: //button[text()='Sign Out']
22:51:37.169  INFO  manager.ListenerWD - After Find Elements By ---> By.xpath: //button[text()='Sign Out']
22:51:37.169  INFO  manager.ListenerWD - List size is ---->1
22:51:37.173  INFO  TestBase - Assert check is Sign Out button Present
22:51:37.180  INFO  TestBase - START TEST WITH NAME: loginSuccess
22:51:37.181  INFO  TestBase - Start checking authorization
22:51:37.181  INFO  manager.ListenerWD - before Find Elements By ---> By.xpath: //button[text()='Sign Out']
22:51:37.226  INFO  manager.ListenerWD - After Find Elements By ---> By.xpath: //button[text()='Sign Out']
22:51:37.227  INFO  manager.ListenerWD - List size is ---->1
22:51:37.227  INFO  manager.ListenerWD - Before Find Element By ---> By.xpath: //button[text()='Sign Out']
22:51:37.262  INFO  manager.ListenerWD - After Find Element By ---> By.xpath: //button[text()='Sign Out']
22:51:37.339  INFO  TestBase - Test was needed in logout 
22:51:37.342  INFO  TestBase - User login with data: email Nik@gmail.com & password 123589$Nik 
22:51:37.343  INFO  manager.ListenerWD - Before Find Element By ---> By.xpath: //a[@href='/login']
22:51:37.377  INFO  manager.ListenerWD - After Find Element By ---> By.xpath: //a[@href='/login']
22:51:37.443  INFO  manager.ListenerWD - Before Find Element By ---> By.xpath: //input[@placeholder='Email']
22:51:37.475  INFO  manager.ListenerWD - After Find Element By ---> By.xpath: //input[@placeholder='Email']
22:51:37.635  INFO  manager.ListenerWD - Before Find Element By ---> By.xpath: //input[@placeholder='Password']
22:51:37.668  INFO  manager.ListenerWD - After Find Element By ---> By.xpath: //input[@placeholder='Password']
22:51:37.822  INFO  manager.ListenerWD - Before Find Element By ---> By.xpath: //*[text()=' Login']
22:51:37.848  INFO  manager.ListenerWD - After Find Element By ---> By.xpath: //*[text()=' Login']
22:51:37.900  INFO  manager.ListenerWD - before Find Elements By ---> By.xpath: //button[text()='Sign Out']
22:51:38.067  INFO  manager.ListenerWD - After Find Elements By ---> By.xpath: //button[text()='Sign Out']
22:51:38.067  INFO  manager.ListenerWD - List size is ---->1
22:51:38.067  INFO  TestBase - Assert check is Sign Out button Present
22:51:38.071  INFO  TestBase - START TEST WITH NAME: loginSuccess
22:51:38.073  INFO  TestBase - Start checking authorization
22:51:38.074  INFO  manager.ListenerWD - before Find Elements By ---> By.xpath: //button[text()='Sign Out']
22:51:38.101  INFO  manager.ListenerWD - After Find Elements By ---> By.xpath: //button[text()='Sign Out']
22:51:38.102  INFO  manager.ListenerWD - List size is ---->1
22:51:38.105  INFO  manager.ListenerWD - Before Find Element By ---> By.xpath: //button[text()='Sign Out']
22:51:38.138  INFO  manager.ListenerWD - After Find Element By ---> By.xpath: //button[text()='Sign Out']
22:51:38.199  INFO  TestBase - Test was needed in logout 
22:51:38.200  INFO  TestBase - User login with data: email Nik@gmail.com & password 123589$Nik 
22:51:38.200  INFO  manager.ListenerWD - Before Find Element By ---> By.xpath: //a[@href='/login']
22:51:38.231  INFO  manager.ListenerWD - After Find Element By ---> By.xpath: //a[@href='/login']
22:51:38.284  INFO  manager.ListenerWD - Before Find Element By ---> By.xpath: //input[@placeholder='Email']
22:51:38.309  INFO  manager.ListenerWD - After Find Element By ---> By.xpath: //input[@placeholder='Email']
22:51:38.465  INFO  manager.ListenerWD - Before Find Element By ---> By.xpath: //input[@placeholder='Password']
22:51:38.487  INFO  manager.ListenerWD - After Find Element By ---> By.xpath: //input[@placeholder='Password']
22:51:38.631  INFO  manager.ListenerWD - Before Find Element By ---> By.xpath: //*[text()=' Login']
22:51:38.655  INFO  manager.ListenerWD - After Find Element By ---> By.xpath: //*[text()=' Login']
22:51:38.703  INFO  manager.ListenerWD - before Find Elements By ---> By.xpath: //button[text()='Sign Out']
22:51:38.902  INFO  manager.ListenerWD - After Find Elements By ---> By.xpath: //button[text()='Sign Out']
22:51:38.903  INFO  manager.ListenerWD - List size is ---->1
22:51:38.903  INFO  TestBase - Assert check is Sign Out button Present
