13:08:08.682  INFO  manager.ApplicationManager - All tests start in  Firefox
13:08:12.191  INFO  manager.ApplicationManager - Current URL is --->https://contacts-app.tobbymarshall815.vercel.app/home
13:08:12.442  INFO  TestBase - START TEST WITH NAME: registrationWrongEmail
13:08:12.459  INFO  manager.ListenerWD - before Find Elements By ---> By.xpath: //button[text()='Sign Out']
13:08:17.592  INFO  manager.ListenerWD - After Find Elements By ---> By.xpath: //button[text()='Sign Out']
13:08:17.595  INFO  manager.ListenerWD - List size is ---->0
13:08:17.604  INFO  manager.ListenerWD - Before Find Element By ---> By.xpath: //a[@href='/login']
13:08:17.680  INFO  manager.ListenerWD - After Find Element By ---> By.xpath: //a[@href='/login']
13:08:17.986  INFO  manager.ListenerWD - Before Find Element By ---> By.xpath: //input[@placeholder='Email']
13:08:18.034  INFO  manager.ListenerWD - After Find Element By ---> By.xpath: //input[@placeholder='Email']
13:08:18.841  INFO  manager.ListenerWD - Before Find Element By ---> By.xpath: //input[@placeholder='Password']
13:08:18.885  INFO  manager.ListenerWD - After Find Element By ---> By.xpath: //input[@placeholder='Password']
13:08:19.334  INFO  manager.ListenerWD - Before Find Element By ---> By.xpath: //button[2]
13:08:19.368  INFO  manager.ListenerWD - After Find Element By ---> By.xpath: //button[2]
13:08:20.088  INFO  manager.ListenerWD - before Find Elements By ---> By.xpath: //button[text()='Sign Out']
13:08:20.525  INFO  manager.ListenerWD - We have a 'problem'
13:08:20.526  INFO  manager.ListenerWD - The name of error method findElements
13:08:20.535  INFO  manager.ListenerWD - Describe of error org.openqa.selenium.WebDriverException: Failed to interpret value as array
Build info: version: '4.4.0', revision: 'e5c75ed026a'
System info: host: 'DESKTOP-FMI0Q92', ip: '192.168.1.209', os.name: 'Windows 10', os.arch: 'amd64', os.version: '10.0', java.version: '11.0.16.1'
Driver info: org.openqa.selenium.firefox.FirefoxDriver
Command: [9330257d-6630-465b-8cae-e13ed9aae3af, findElements {using=xpath, value=//button[text()='Sign Out']}]
Capabilities {acceptInsecureCerts: true, browserName: firefox, browserVersion: 106.0.2, moz:accessibilityChecks: false, moz:buildID: 20221025065831, moz:debuggerAddress: 127.0.0.1:52707, moz:geckodriverVersion: 0.32.0, moz:headless: false, moz:platformVersion: 10.0, moz:processID: 1736, moz:profile: C:\Temp\rust_mozprofileWRuRjh, moz:shutdownTimeout: 60000, moz:useNonSpecCompliantPointerOrigin: false, moz:webdriverClick: true, moz:windowless: false, pageLoadStrategy: normal, platformName: WINDOWS, proxy: Proxy(), se:cdp: ws://127.0.0.1:52707/devtoo..., se:cdpVersion: 85.0, setWindowRect: true, strictFileInteractability: false, timeouts: {implicit: 0, pageLoad: 300000, script: 30000}, unhandledPromptBehavior: dismiss and notify}
Session ID: 9330257d-6630-465b-8cae-e13ed9aae3af
13:08:20.536  INFO  manager.ListenerWD - **********************
13:08:20.541  INFO  manager.ListenerWD - Screen with error is 1896 ***  src/test/screenshots/screen1896.png
13:08:20.605  INFO  TestBase - START TEST WITH NAME: loginSuccessModel
13:08:20.607  INFO  TestBase - Start checking authorization
13:08:20.618  INFO  manager.ListenerWD - before Find Elements By ---> By.xpath: //button[text()='Sign Out']
13:08:21.376  INFO  manager.ListenerWD - We have a 'problem'
13:08:21.380  INFO  manager.ListenerWD - The name of error method findElements
13:08:21.382  INFO  manager.ListenerWD - Describe of error org.openqa.selenium.UnhandledAlertException: Dismissed user prompt dialog: Wrong email or password format
            Email must contains one @ and minimum 2 symbols after last dot
            Password must contain at least one uppercase letter!
            Password must contain at least one lowercase letter!
            Password must contain at least one digit!
            Password must contain at least one special symbol from [‘$’,’~’,’-‘,’_’]!: 
Build info: version: '4.4.0', revision: 'e5c75ed026a'
System info: host: 'DESKTOP-FMI0Q92', ip: '192.168.1.209', os.name: 'Windows 10', os.arch: 'amd64', os.version: '10.0', java.version: '11.0.16.1'
Driver info: org.openqa.selenium.firefox.FirefoxDriver
Command: [9330257d-6630-465b-8cae-e13ed9aae3af, findElements {using=xpath, value=//button[text()='Sign Out']}]
Capabilities {acceptInsecureCerts: true, browserName: firefox, browserVersion: 106.0.2, moz:accessibilityChecks: false, moz:buildID: 20221025065831, moz:debuggerAddress: 127.0.0.1:52707, moz:geckodriverVersion: 0.32.0, moz:headless: false, moz:platformVersion: 10.0, moz:processID: 1736, moz:profile: C:\Temp\rust_mozprofileWRuRjh, moz:shutdownTimeout: 60000, moz:useNonSpecCompliantPointerOrigin: false, moz:webdriverClick: true, moz:windowless: false, pageLoadStrategy: normal, platformName: WINDOWS, proxy: Proxy(), se:cdp: ws://127.0.0.1:52707/devtoo..., se:cdpVersion: 85.0, setWindowRect: true, strictFileInteractability: false, timeouts: {implicit: 0, pageLoad: 300000, script: 30000}, unhandledPromptBehavior: dismiss and notify}
Session ID: 9330257d-6630-465b-8cae-e13ed9aae3af
13:08:21.386  INFO  manager.ListenerWD - **********************
13:08:21.386  INFO  manager.ListenerWD - Screen with error is 1224 ***  src/test/screenshots/screen1224.png
13:08:21.407  INFO  TestBase - START TEST WITH NAME: addNewContactSuccessRequiredFields
13:08:21.411  INFO  manager.ListenerWD - before Find Elements By ---> By.xpath: //button[text()='Sign Out']
13:08:26.473  INFO  manager.ListenerWD - After Find Elements By ---> By.xpath: //button[text()='Sign Out']
13:08:26.475  INFO  manager.ListenerWD - List size is ---->0
13:08:26.478  INFO  manager.ListenerWD - Before Find Element By ---> By.xpath: //a[@href='/login']
13:08:26.541  INFO  manager.ListenerWD - After Find Element By ---> By.xpath: //a[@href='/login']
13:08:27.273  INFO  manager.ListenerWD - Before Find Element By ---> By.xpath: //input[@placeholder='Email']
13:08:27.316  INFO  manager.ListenerWD - After Find Element By ---> By.xpath: //input[@placeholder='Email']
13:08:27.856  INFO  manager.ListenerWD - Before Find Element By ---> By.xpath: //input[@placeholder='Password']
13:08:27.902  INFO  manager.ListenerWD - After Find Element By ---> By.xpath: //input[@placeholder='Password']
13:08:28.699  INFO  manager.ListenerWD - Before Find Element By ---> By.xpath: //*[text()=' Login']
13:08:28.752  INFO  manager.ListenerWD - After Find Element By ---> By.xpath: //*[text()=' Login']
13:08:29.147  INFO  manager.ListenerWD - Before Find Element By ---> By.cssSelector: [href='/add']
13:08:29.310  INFO  manager.ListenerWD - After Find Element By ---> By.cssSelector: [href='/add']
13:08:30.049  INFO  manager.ListenerWD - Before Find Element By ---> By.cssSelector: [placeholder='Name']
13:08:30.100  INFO  manager.ListenerWD - After Find Element By ---> By.cssSelector: [placeholder='Name']
13:08:31.520  INFO  manager.ListenerWD - Before Find Element By ---> By.cssSelector: [placeholder='Last Name']
13:08:31.548  INFO  manager.ListenerWD - After Find Element By ---> By.cssSelector: [placeholder='Last Name']
13:08:32.489  INFO  manager.ListenerWD - Before Find Element By ---> By.cssSelector: [placeholder='Phone']
13:08:32.537  INFO  manager.ListenerWD - After Find Element By ---> By.cssSelector: [placeholder='Phone']
13:08:33.460  INFO  manager.ListenerWD - Before Find Element By ---> By.cssSelector: [placeholder='email']
13:08:33.487  INFO  manager.ListenerWD - After Find Element By ---> By.cssSelector: [placeholder='email']
13:08:38.670  INFO  manager.ListenerWD - Before Find Element By ---> By.cssSelector: [placeholder='Address']
13:08:38.702  INFO  manager.ListenerWD - After Find Element By ---> By.cssSelector: [placeholder='Address']
13:08:39.471  INFO  manager.ListenerWD - Before Find Element By ---> By.xpath: //button/b
13:08:39.497  INFO  manager.ListenerWD - After Find Element By ---> By.xpath: //button/b
13:08:39.949  INFO  manager.ListenerWD - before Find Elements By ---> By.cssSelector: h2
13:08:40.544  INFO  manager.ListenerWD - After Find Elements By ---> By.cssSelector: h2
13:08:40.545  INFO  manager.ListenerWD - List size is ---->20
13:08:40.808  INFO  manager.ListenerWD - before Find Elements By ---> By.cssSelector: h3
13:08:41.085  INFO  manager.ListenerWD - After Find Elements By ---> By.cssSelector: h3
13:08:41.085  INFO  manager.ListenerWD - List size is ---->20
13:08:41.315  INFO  TestBase - Tests start with data ---> Contacts(name=Alex1160, lastName=Smal, phone=809351160, email=Jon1160@ukr.net, address=Kiev, Ukraine, description=null)
13:08:41.329  INFO  TestBase - START TEST WITH NAME: removeFirstContact
13:08:41.331  INFO  manager.ListenerWD - before Find Elements By ---> By.xpath: //button[text()='Sign Out']
13:08:41.362  INFO  manager.ListenerWD - After Find Elements By ---> By.xpath: //button[text()='Sign Out']
13:08:41.363  INFO  manager.ListenerWD - List size is ---->1
13:08:41.364  INFO  manager.ListenerWD - before Find Elements By ---> By.cssSelector: .contact-item_card__2SOIM
13:08:41.718  INFO  manager.ListenerWD - After Find Elements By ---> By.cssSelector: .contact-item_card__2SOIM
13:08:41.718  INFO  manager.ListenerWD - List size is ---->20
13:08:41.728  INFO  manager.ListenerWD - before Find Elements By ---> By.cssSelector: .contact-item_card__2SOIM
13:08:42.137  INFO  manager.ListenerWD - After Find Elements By ---> By.cssSelector: .contact-item_card__2SOIM
13:08:42.139  INFO  manager.ListenerWD - List size is ---->20
13:08:42.139  INFO  manager.ListenerWD - before Find Elements By ---> By.cssSelector: .contact-item_card__2SOIM
13:08:42.460  INFO  manager.ListenerWD - After Find Elements By ---> By.cssSelector: .contact-item_card__2SOIM
13:08:42.461  INFO  manager.ListenerWD - List size is ---->20
13:08:42.463  INFO  manager.ListenerWD - Before Find Element By ---> By.cssSelector: .contact-item_card__2SOIM
13:08:42.483  INFO  manager.ListenerWD - After Find Element By ---> By.cssSelector: .contact-item_card__2SOIM
13:08:43.208  INFO  manager.ListenerWD - Before Find Element By ---> By.xpath: //button[text()='Remove']
13:08:43.221  INFO  manager.ListenerWD - After Find Element By ---> By.xpath: //button[text()='Remove']
13:08:45.742  INFO  manager.ListenerWD - before Find Elements By ---> By.cssSelector: .contact-item_card__2SOIM
13:08:46.149  INFO  manager.ListenerWD - After Find Elements By ---> By.cssSelector: .contact-item_card__2SOIM
13:08:46.149  INFO  manager.ListenerWD - List size is ---->19
