18:30:09.928  INFO  manager.ApplicationManager - Chrome Driver was opened
18:30:16.919  INFO  manager.ApplicationManager - Current URL is --->https://contacts-app.tobbymarshall815.vercel.app/home
18:30:17.022  INFO  TestBase - START TEST WITH NAME: removeAllContact
18:30:17.031  INFO  manager.ListenerWD - before Find Elements By ---> By.xpath: //button[text()='Sign Out']
18:30:22.055  INFO  manager.ListenerWD - After Find Elements By ---> By.xpath: //button[text()='Sign Out']
18:30:22.057  INFO  manager.ListenerWD - List size is ---->0
18:30:22.060  INFO  manager.ListenerWD - Before Find Element By ---> By.xpath: //a[@href='/login']
18:30:22.128  INFO  manager.ListenerWD - After Find Element By ---> By.xpath: //a[@href='/login']
18:30:22.325  INFO  manager.ListenerWD - Before Find Element By ---> By.xpath: //input[@placeholder='Email']
18:30:22.390  INFO  manager.ListenerWD - After Find Element By ---> By.xpath: //input[@placeholder='Email']
18:30:22.631  INFO  manager.ListenerWD - Before Find Element By ---> By.xpath: //input[@placeholder='Password']
18:30:22.682  INFO  manager.ListenerWD - After Find Element By ---> By.xpath: //input[@placeholder='Password']
18:30:22.987  INFO  manager.ListenerWD - Before Find Element By ---> By.xpath: //*[text()=' Login']
18:30:23.036  INFO  manager.ListenerWD - After Find Element By ---> By.xpath: //*[text()=' Login']
18:30:25.091  INFO  manager.ListenerWD - before Find Elements By ---> By.cssSelector: .contact-item_card__2SOIM
18:30:30.207  INFO  manager.ListenerWD - After Find Elements By ---> By.cssSelector: .contact-item_card__2SOIM
18:30:30.207  INFO  manager.ListenerWD - List size is ---->0
18:30:30.217  INFO  manager.ListenerWD - Before Find Element By ---> By.cssSelector: [href='/add']
18:30:30.282  INFO  manager.ListenerWD - After Find Element By ---> By.cssSelector: [href='/add']
18:30:30.449  INFO  manager.ListenerWD - Before Find Element By ---> By.cssSelector: .add_form__2rsm2 button
18:30:30.520  INFO  manager.ListenerWD - After Find Element By ---> By.cssSelector: .add_form__2rsm2 button
18:30:30.754  INFO  manager.HelperBase - Provider added contact --->Contacts(name=Inna164, lastName=Snow, phone=123456164, email=inna164gmail.ru, address=Haifa, description=null)
18:30:30.755  INFO  manager.ListenerWD - Before Find Element By ---> By.cssSelector: [href='/add']
18:30:30.862  INFO  manager.ListenerWD - After Find Element By ---> By.cssSelector: [href='/add']
18:30:31.107  INFO  manager.ListenerWD - Before Find Element By ---> By.cssSelector: .add_form__2rsm2 button
18:30:31.161  INFO  manager.ListenerWD - After Find Element By ---> By.cssSelector: .add_form__2rsm2 button
18:30:31.259  INFO  manager.HelperBase - Provider added contact --->Contacts(name=Inna173, lastName=Snow, phone=123456173, email=inna173gmail.ru, address=Haifa, description=null)
18:30:31.261  INFO  manager.ListenerWD - Before Find Element By ---> By.cssSelector: [href='/add']
18:30:31.300  INFO  manager.ListenerWD - After Find Element By ---> By.cssSelector: [href='/add']
18:30:31.371  INFO  manager.ListenerWD - Before Find Element By ---> By.cssSelector: .add_form__2rsm2 button
18:30:31.428  INFO  manager.ListenerWD - After Find Element By ---> By.cssSelector: .add_form__2rsm2 button
18:30:31.675  INFO  manager.HelperBase - Provider added contact --->Contacts(name=Inna192, lastName=Snow, phone=123456192, email=inna192gmail.ru, address=Haifa, description=null)
18:30:31.679  INFO  manager.ListenerWD - before Find Elements By ---> By.cssSelector: .contact-item_card__2SOIM
18:30:36.701  INFO  manager.ListenerWD - After Find Elements By ---> By.cssSelector: .contact-item_card__2SOIM
18:30:36.701  INFO  manager.ListenerWD - List size is ---->0
18:30:36.708  INFO  manager.ListenerWD - Before Find Element By ---> By.cssSelector: .contact-page_message__2qafk h1
18:30:41.768  INFO  manager.ListenerWD - We have a 'problem'
18:30:41.769  INFO  manager.ListenerWD - The name of error method findElement
18:30:41.774  INFO  manager.ListenerWD - Describe of error org.openqa.selenium.NoSuchElementException: no such element: Unable to locate element: {"method":"css selector","selector":".contact-page_message__2qafk h1"}
  (Session info: chrome=106.0.5249.91)
For documentation on this error, please visit: https://selenium.dev/exceptions/#no_such_element
Build info: version: '4.4.0', revision: 'e5c75ed026a'
System info: host: 'DESKTOP-FMI0Q92', ip: '192.168.1.209', os.name: 'Windows 10', os.arch: 'amd64', os.version: '10.0', java.version: '11.0.16.1'
Driver info: org.openqa.selenium.chrome.ChromeDriver
Command: [10fb6719fb347ef24d83774a93631218, findElement {using=css selector, value=.contact-page_message__2qafk h1}]
Capabilities {acceptInsecureCerts: false, browserName: chrome, browserVersion: 106.0.5249.91, chrome: {chromedriverVersion: 106.0.5249.61 (511755355844..., userDataDir: C:\Temp\scoped_dir8512_2005...}, goog:chromeOptions: {debuggerAddress: localhost:52770}, networkConnectionEnabled: false, pageLoadStrategy: normal, platformName: WINDOWS, proxy: Proxy(), se:cdp: ws://localhost:52770/devtoo..., se:cdpVersion: 106.0.5249.91, setWindowRect: true, strictFileInteractability: false, timeouts: {implicit: 0, pageLoad: 300000, script: 30000}, unhandledPromptBehavior: dismiss and notify, webauthn:extension:credBlob: true, webauthn:extension:largeBlob: true, webauthn:virtualAuthenticators: true}
Session ID: 10fb6719fb347ef24d83774a93631218
18:30:41.776  INFO  manager.ListenerWD - **********************
18:30:41.780  INFO  manager.ListenerWD - Screen with error is 1317 ***  src/test/screenshots/screen1317.png
18:30:42.414  INFO  TestBase - START TEST WITH NAME: removeFirstContact
18:30:42.416  INFO  manager.ListenerWD - before Find Elements By ---> By.xpath: //button[text()='Sign Out']
18:30:42.446  INFO  manager.ListenerWD - After Find Elements By ---> By.xpath: //button[text()='Sign Out']
18:30:42.446  INFO  manager.ListenerWD - List size is ---->1
18:30:44.446  INFO  manager.ListenerWD - before Find Elements By ---> By.cssSelector: .contact-item_card__2SOIM
18:30:49.463  INFO  manager.ListenerWD - After Find Elements By ---> By.cssSelector: .contact-item_card__2SOIM
18:30:49.464  INFO  manager.ListenerWD - List size is ---->0
18:30:49.464  INFO  manager.ListenerWD - Before Find Element By ---> By.cssSelector: [href='/add']
18:30:49.491  INFO  manager.ListenerWD - After Find Element By ---> By.cssSelector: [href='/add']
18:30:49.600  INFO  manager.ListenerWD - Before Find Element By ---> By.cssSelector: .add_form__2rsm2 button
18:30:49.651  INFO  manager.ListenerWD - After Find Element By ---> By.cssSelector: .add_form__2rsm2 button
18:30:49.683  INFO  manager.HelperBase - Provider added contact --->Contacts(name=Inna177, lastName=Snow, phone=123456177, email=inna177gmail.ru, address=Haifa, description=null)
18:30:49.683  INFO  manager.ListenerWD - Before Find Element By ---> By.cssSelector: [href='/add']
18:30:49.720  INFO  manager.ListenerWD - After Find Element By ---> By.cssSelector: [href='/add']
18:30:49.770  INFO  manager.ListenerWD - Before Find Element By ---> By.cssSelector: .add_form__2rsm2 button
18:30:49.801  INFO  manager.ListenerWD - After Find Element By ---> By.cssSelector: .add_form__2rsm2 button
18:30:49.840  INFO  manager.HelperBase - Provider added contact --->Contacts(name=Inna151, lastName=Snow, phone=123456151, email=inna151gmail.ru, address=Haifa, description=null)
18:30:49.840  INFO  manager.ListenerWD - Before Find Element By ---> By.cssSelector: [href='/add']
18:30:49.863  INFO  manager.ListenerWD - After Find Element By ---> By.cssSelector: [href='/add']
18:30:49.919  INFO  manager.ListenerWD - Before Find Element By ---> By.cssSelector: .add_form__2rsm2 button
18:30:49.953  INFO  manager.ListenerWD - After Find Element By ---> By.cssSelector: .add_form__2rsm2 button
18:30:49.995  INFO  manager.HelperBase - Provider added contact --->Contacts(name=Inna170, lastName=Snow, phone=123456170, email=inna170gmail.ru, address=Haifa, description=null)
18:30:49.998  INFO  manager.ListenerWD - before Find Elements By ---> By.cssSelector: .contact-item_card__2SOIM
18:30:55.026  INFO  manager.ListenerWD - After Find Elements By ---> By.cssSelector: .contact-item_card__2SOIM
18:30:55.026  INFO  manager.ListenerWD - List size is ---->0
18:30:55.027  INFO  manager.ListenerWD - before Find Elements By ---> By.cssSelector: .contact-item_card__2SOIM
18:31:00.057  INFO  manager.ListenerWD - After Find Elements By ---> By.cssSelector: .contact-item_card__2SOIM
18:31:00.057  INFO  manager.ListenerWD - List size is ---->0
18:31:00.058  INFO  manager.ListenerWD - Before Find Element By ---> By.cssSelector: .contact-item_card__2SOIM
18:31:05.071  INFO  manager.ListenerWD - We have a 'problem'
18:31:05.072  INFO  manager.ListenerWD - The name of error method findElement
18:31:05.073  INFO  manager.ListenerWD - Describe of error org.openqa.selenium.NoSuchElementException: no such element: Unable to locate element: {"method":"css selector","selector":".contact-item_card__2SOIM"}
  (Session info: chrome=106.0.5249.91)
For documentation on this error, please visit: https://selenium.dev/exceptions/#no_such_element
Build info: version: '4.4.0', revision: 'e5c75ed026a'
System info: host: 'DESKTOP-FMI0Q92', ip: '192.168.1.209', os.name: 'Windows 10', os.arch: 'amd64', os.version: '10.0', java.version: '11.0.16.1'
Driver info: org.openqa.selenium.chrome.ChromeDriver
Command: [10fb6719fb347ef24d83774a93631218, findElement {using=css selector, value=.contact-item_card__2SOIM}]
Capabilities {acceptInsecureCerts: false, browserName: chrome, browserVersion: 106.0.5249.91, chrome: {chromedriverVersion: 106.0.5249.61 (511755355844..., userDataDir: C:\Temp\scoped_dir8512_2005...}, goog:chromeOptions: {debuggerAddress: localhost:52770}, networkConnectionEnabled: false, pageLoadStrategy: normal, platformName: WINDOWS, proxy: Proxy(), se:cdp: ws://localhost:52770/devtoo..., se:cdpVersion: 106.0.5249.91, setWindowRect: true, strictFileInteractability: false, timeouts: {implicit: 0, pageLoad: 300000, script: 30000}, unhandledPromptBehavior: dismiss and notify, webauthn:extension:credBlob: true, webauthn:extension:largeBlob: true, webauthn:virtualAuthenticators: true}
Session ID: 10fb6719fb347ef24d83774a93631218
18:31:05.075  INFO  manager.ListenerWD - **********************
18:31:05.075  INFO  manager.ListenerWD - Screen with error is 1394 ***  src/test/screenshots/screen1394.png
