12:19:05.167  INFO  manager.ApplicationManager - All tests start in  ChromeDriver
12:19:08.469  INFO  manager.ApplicationManager - Current URL is --->https://contacts-app.tobbymarshall815.vercel.app/home
12:19:08.617  INFO  TestBase - START TEST WITH NAME: loginNegativeWrongPasswordFormat
12:19:08.621  INFO  TestBase - Start checking authorization
12:19:08.623  INFO  manager.ListenerWD - before Find Elements By ---> By.xpath: //button[text()='Sign Out']
12:19:13.663  INFO  manager.ListenerWD - After Find Elements By ---> By.xpath: //button[text()='Sign Out']
12:19:13.663  INFO  manager.ListenerWD - List size is ---->0
12:19:13.664  INFO  TestBase - Test was not needed in logout 
12:19:13.675  INFO  TestBase - Login negative scenario with wrong password was used data: User{email='Nik@gmail.com', password='null'}
12:19:13.676  INFO  manager.ListenerWD - Before Find Element By ---> By.xpath: //a[@href='/login']
12:19:13.725  INFO  manager.ListenerWD - After Find Element By ---> By.xpath: //a[@href='/login']
12:19:13.930  INFO  manager.ListenerWD - Before Find Element By ---> By.xpath: //input[@placeholder='Email']
12:19:14.023  INFO  manager.ListenerWD - After Find Element By ---> By.xpath: //input[@placeholder='Email']
12:19:14.273  INFO  manager.ListenerWD - Before Find Element By ---> By.xpath: //*[text()=' Login']
12:19:14.341  INFO  manager.ListenerWD - After Find Element By ---> By.xpath: //*[text()=' Login']
12:19:14.407  INFO  manager.ListenerWD - before Find Elements By ---> By.xpath: //button[text()='Sign Out']
12:19:15.173  INFO  manager.ListenerWD - After Find Elements By ---> By.xpath: //button[text()='Sign Out']
12:19:15.173  INFO  manager.ListenerWD - List size is ---->0
12:19:15.279  INFO  TestBase - In assert checked error message 'Wrong email or password format' 
12:19:15.290  INFO  TestBase - START TEST WITH NAME: loginNegativeWrongPasswordFormat
12:19:15.293  INFO  TestBase - Start checking authorization
12:19:15.293  INFO  manager.ListenerWD - before Find Elements By ---> By.xpath: //button[text()='Sign Out']
12:19:20.376  INFO  manager.ListenerWD - After Find Elements By ---> By.xpath: //button[text()='Sign Out']
12:19:20.376  INFO  manager.ListenerWD - List size is ---->0
12:19:20.377  INFO  TestBase - Test was not needed in logout 
12:19:20.378  INFO  TestBase - Login negative scenario with wrong password was used data: User{email='Nik@gmail.com', password='1235890Nik'}
12:19:20.379  INFO  manager.ListenerWD - Before Find Element By ---> By.xpath: //a[@href='/login']
12:19:20.440  INFO  manager.ListenerWD - After Find Element By ---> By.xpath: //a[@href='/login']
12:19:20.547  INFO  manager.ListenerWD - Before Find Element By ---> By.xpath: //input[@placeholder='Email']
12:19:20.599  INFO  manager.ListenerWD - After Find Element By ---> By.xpath: //input[@placeholder='Email']
12:19:21.011  INFO  manager.ListenerWD - Before Find Element By ---> By.xpath: //input[@placeholder='Password']
12:19:21.058  INFO  manager.ListenerWD - After Find Element By ---> By.xpath: //input[@placeholder='Password']
12:19:21.422  INFO  manager.ListenerWD - Before Find Element By ---> By.xpath: //*[text()=' Login']
12:19:21.465  INFO  manager.ListenerWD - After Find Element By ---> By.xpath: //*[text()=' Login']
12:19:21.546  INFO  manager.ListenerWD - before Find Elements By ---> By.xpath: //button[text()='Sign Out']
12:19:21.853  INFO  manager.ListenerWD - After Find Elements By ---> By.xpath: //button[text()='Sign Out']
12:19:21.853  INFO  manager.ListenerWD - List size is ---->0
12:19:21.936  INFO  TestBase - In assert checked error message 'Wrong email or password format' 
12:19:21.939  INFO  TestBase - START TEST WITH NAME: loginNegativeWrongPasswordFormat
12:19:21.941  INFO  TestBase - Start checking authorization
12:19:21.941  INFO  manager.ListenerWD - before Find Elements By ---> By.xpath: //button[text()='Sign Out']
12:19:27.003  INFO  manager.ListenerWD - After Find Elements By ---> By.xpath: //button[text()='Sign Out']
12:19:27.003  INFO  manager.ListenerWD - List size is ---->0
12:19:27.003  INFO  TestBase - Test was not needed in logout 
12:19:27.004  INFO  TestBase - Login negative scenario with wrong password was used data: User{email='Nik@gmail.com', password='123589$nik'}
12:19:27.005  INFO  manager.ListenerWD - Before Find Element By ---> By.xpath: //a[@href='/login']
12:19:27.033  INFO  manager.ListenerWD - After Find Element By ---> By.xpath: //a[@href='/login']
12:19:27.080  INFO  manager.ListenerWD - Before Find Element By ---> By.xpath: //input[@placeholder='Email']
12:19:27.144  INFO  manager.ListenerWD - After Find Element By ---> By.xpath: //input[@placeholder='Email']
12:19:27.370  INFO  manager.ListenerWD - Before Find Element By ---> By.xpath: //input[@placeholder='Password']
12:19:27.398  INFO  manager.ListenerWD - After Find Element By ---> By.xpath: //input[@placeholder='Password']
12:19:27.646  INFO  manager.ListenerWD - Before Find Element By ---> By.xpath: //*[text()=' Login']
12:19:27.693  INFO  manager.ListenerWD - After Find Element By ---> By.xpath: //*[text()=' Login']
12:19:27.763  INFO  manager.ListenerWD - before Find Elements By ---> By.xpath: //button[text()='Sign Out']
12:19:27.981  INFO  manager.ListenerWD - After Find Elements By ---> By.xpath: //button[text()='Sign Out']
12:19:27.981  INFO  manager.ListenerWD - List size is ---->0
12:19:28.073  INFO  TestBase - In assert checked error message 'Wrong email or password format' 
12:19:28.085  INFO  TestBase - START TEST WITH NAME: loginNegativeWrongPasswordFormat
12:19:28.092  INFO  TestBase - Start checking authorization
12:19:28.092  INFO  manager.ListenerWD - before Find Elements By ---> By.xpath: //button[text()='Sign Out']
12:19:33.112  INFO  manager.ListenerWD - After Find Elements By ---> By.xpath: //button[text()='Sign Out']
12:19:33.113  INFO  manager.ListenerWD - List size is ---->0
12:19:33.113  INFO  TestBase - Test was not needed in logout 
12:19:33.115  INFO  TestBase - Login negative scenario with wrong password was used data: User{email='Nik@gmail.com', password='123589$NIK'}
12:19:33.116  INFO  manager.ListenerWD - Before Find Element By ---> By.xpath: //a[@href='/login']
12:19:33.139  INFO  manager.ListenerWD - After Find Element By ---> By.xpath: //a[@href='/login']
12:19:33.192  INFO  manager.ListenerWD - Before Find Element By ---> By.xpath: //input[@placeholder='Email']
12:19:33.244  INFO  manager.ListenerWD - After Find Element By ---> By.xpath: //input[@placeholder='Email']
12:19:33.460  INFO  manager.ListenerWD - Before Find Element By ---> By.xpath: //input[@placeholder='Password']
12:19:33.495  INFO  manager.ListenerWD - After Find Element By ---> By.xpath: //input[@placeholder='Password']
12:19:33.922  INFO  manager.ListenerWD - Before Find Element By ---> By.xpath: //*[text()=' Login']
12:19:33.957  INFO  manager.ListenerWD - After Find Element By ---> By.xpath: //*[text()=' Login']
12:19:34.096  INFO  manager.ListenerWD - before Find Elements By ---> By.xpath: //button[text()='Sign Out']
12:19:34.590  INFO  manager.ListenerWD - After Find Elements By ---> By.xpath: //button[text()='Sign Out']
12:19:34.591  INFO  manager.ListenerWD - List size is ---->0
12:19:34.677  INFO  TestBase - In assert checked error message 'Wrong email or password format' 
12:19:34.680  INFO  TestBase - START TEST WITH NAME: loginNegativeWrongPasswordFormat
12:19:34.691  INFO  TestBase - Start checking authorization
12:19:34.692  INFO  manager.ListenerWD - before Find Elements By ---> By.xpath: //button[text()='Sign Out']
12:19:39.768  INFO  manager.ListenerWD - After Find Elements By ---> By.xpath: //button[text()='Sign Out']
12:19:39.769  INFO  manager.ListenerWD - List size is ---->0
12:19:39.769  INFO  TestBase - Test was not needed in logout 
12:19:39.770  INFO  TestBase - Login negative scenario with wrong password was used data: User{email='Nik@gmail.com', password='$Nikiknik'}
12:19:39.771  INFO  manager.ListenerWD - Before Find Element By ---> By.xpath: //a[@href='/login']
12:19:39.806  INFO  manager.ListenerWD - After Find Element By ---> By.xpath: //a[@href='/login']
12:19:39.859  INFO  manager.ListenerWD - Before Find Element By ---> By.xpath: //input[@placeholder='Email']
12:19:39.896  INFO  manager.ListenerWD - After Find Element By ---> By.xpath: //input[@placeholder='Email']
12:19:40.090  INFO  manager.ListenerWD - Before Find Element By ---> By.xpath: //input[@placeholder='Password']
12:19:40.117  INFO  manager.ListenerWD - After Find Element By ---> By.xpath: //input[@placeholder='Password']
12:19:40.347  INFO  manager.ListenerWD - Before Find Element By ---> By.xpath: //*[text()=' Login']
12:19:40.390  INFO  manager.ListenerWD - After Find Element By ---> By.xpath: //*[text()=' Login']
12:19:40.461  INFO  manager.ListenerWD - before Find Elements By ---> By.xpath: //button[text()='Sign Out']
12:19:40.927  INFO  manager.ListenerWD - After Find Elements By ---> By.xpath: //button[text()='Sign Out']
12:19:40.930  INFO  manager.ListenerWD - List size is ---->0
12:19:41.008  INFO  TestBase - In assert checked error message 'Wrong email or password format' 
12:19:41.019  INFO  TestBase - START TEST WITH NAME: loginNegativeWrongPasswordFormat
12:19:41.023  INFO  TestBase - Start checking authorization
12:19:41.023  INFO  manager.ListenerWD - before Find Elements By ---> By.xpath: //button[text()='Sign Out']
12:19:46.054  INFO  manager.ListenerWD - After Find Elements By ---> By.xpath: //button[text()='Sign Out']
12:19:46.055  INFO  manager.ListenerWD - List size is ---->0
12:19:46.055  INFO  TestBase - Test was not needed in logout 
12:19:46.058  INFO  TestBase - Login negative scenario with wrong password was used data: User{email='Nik@gmail.com', password='589$Nik'}
12:19:46.058  INFO  manager.ListenerWD - Before Find Element By ---> By.xpath: //a[@href='/login']
12:19:46.084  INFO  manager.ListenerWD - After Find Element By ---> By.xpath: //a[@href='/login']
12:19:46.134  INFO  manager.ListenerWD - Before Find Element By ---> By.xpath: //input[@placeholder='Email']
12:19:46.170  INFO  manager.ListenerWD - After Find Element By ---> By.xpath: //input[@placeholder='Email']
12:19:46.395  INFO  manager.ListenerWD - Before Find Element By ---> By.xpath: //input[@placeholder='Password']
12:19:46.424  INFO  manager.ListenerWD - After Find Element By ---> By.xpath: //input[@placeholder='Password']
12:19:46.636  INFO  manager.ListenerWD - Before Find Element By ---> By.xpath: //*[text()=' Login']
12:19:46.687  INFO  manager.ListenerWD - After Find Element By ---> By.xpath: //*[text()=' Login']
12:19:46.779  INFO  manager.ListenerWD - before Find Elements By ---> By.xpath: //button[text()='Sign Out']
12:19:47.045  INFO  manager.ListenerWD - After Find Elements By ---> By.xpath: //button[text()='Sign Out']
12:19:47.046  INFO  manager.ListenerWD - List size is ---->0
12:19:47.103  INFO  TestBase - In assert checked error message 'Wrong email or password format' 
