14:11:15.849  INFO  manager.ApplicationManager - All tests start in  ChromeDriver
14:11:18.973  INFO  manager.ApplicationManager - Current URL is --->https://contacts-app.tobbymarshall815.vercel.app/home
14:11:19.207  INFO  TestBase - START TEST WITH NAME: registrationWrongEmail
14:11:19.233  INFO  manager.ListenerWD - before Find Elements By ---> By.xpath: //button[text()='Sign Out']
14:11:24.301  INFO  manager.ListenerWD - After Find Elements By ---> By.xpath: //button[text()='Sign Out']
14:11:24.302  INFO  manager.ListenerWD - List size is ---->0
14:11:24.305  INFO  manager.ListenerWD - Before Find Element By ---> By.xpath: //a[@href='/login']
14:11:24.353  INFO  manager.ListenerWD - After Find Element By ---> By.xpath: //a[@href='/login']
14:11:24.467  INFO  manager.ListenerWD - Before Find Element By ---> By.xpath: //input[@placeholder='Email']
14:11:24.516  INFO  manager.ListenerWD - After Find Element By ---> By.xpath: //input[@placeholder='Email']
14:11:24.780  INFO  manager.ListenerWD - Before Find Element By ---> By.xpath: //input[@placeholder='Password']
14:11:24.832  INFO  manager.ListenerWD - After Find Element By ---> By.xpath: //input[@placeholder='Password']
14:11:25.086  INFO  manager.ListenerWD - Before Find Element By ---> By.xpath: //button[2]
14:11:25.129  INFO  manager.ListenerWD - After Find Element By ---> By.xpath: //button[2]
14:11:25.185  INFO  manager.ListenerWD - before Find Elements By ---> By.xpath: //button[text()='Sign Out']
14:11:26.205  INFO  manager.ListenerWD - After Find Elements By ---> By.xpath: //button[text()='Sign Out']
14:11:26.208  INFO  manager.ListenerWD - List size is ---->0
14:11:26.333  INFO  TestBase - START TEST WITH NAME: loginSuccessModel
14:11:26.336  INFO  TestBase - Start checking authorization
14:11:26.337  INFO  manager.ListenerWD - before Find Elements By ---> By.xpath: //button[text()='Sign Out']
14:11:31.428  INFO  manager.ListenerWD - After Find Elements By ---> By.xpath: //button[text()='Sign Out']
14:11:31.429  INFO  manager.ListenerWD - List size is ---->0
14:11:31.429  INFO  TestBase - Test was not needed in logout 
14:11:31.434  INFO  TestBase - Login scenario success was used data: User{email='Nik@gmail.com', password='123589$Nik'}
14:11:31.435  INFO  manager.ListenerWD - Before Find Element By ---> By.xpath: //a[@href='/login']
14:11:31.472  INFO  manager.ListenerWD - After Find Element By ---> By.xpath: //a[@href='/login']
14:11:31.544  INFO  manager.ListenerWD - Before Find Element By ---> By.xpath: //input[@placeholder='Email']
14:11:31.582  INFO  manager.ListenerWD - After Find Element By ---> By.xpath: //input[@placeholder='Email']
14:11:31.797  INFO  manager.ListenerWD - Before Find Element By ---> By.xpath: //input[@placeholder='Password']
14:11:31.825  INFO  manager.ListenerWD - After Find Element By ---> By.xpath: //input[@placeholder='Password']
14:11:32.006  INFO  manager.ListenerWD - Before Find Element By ---> By.xpath: //*[text()=' Login']
14:11:32.040  INFO  manager.ListenerWD - After Find Element By ---> By.xpath: //*[text()=' Login']
14:11:32.094  INFO  manager.ListenerWD - before Find Elements By ---> By.xpath: //button[text()='Sign Out']
14:11:32.554  INFO  manager.ListenerWD - After Find Elements By ---> By.xpath: //button[text()='Sign Out']
14:11:32.555  INFO  manager.ListenerWD - List size is ---->1
14:11:32.558  INFO  TestBase - START TEST WITH NAME: addNewContactSuccessRequiredFields
14:11:32.560  INFO  manager.ListenerWD - before Find Elements By ---> By.xpath: //button[text()='Sign Out']
14:11:32.599  INFO  manager.ListenerWD - After Find Elements By ---> By.xpath: //button[text()='Sign Out']
14:11:32.599  INFO  manager.ListenerWD - List size is ---->1
14:11:32.607  INFO  manager.ListenerWD - Before Find Element By ---> By.cssSelector: [href='/add']
14:11:32.646  INFO  manager.ListenerWD - After Find Element By ---> By.cssSelector: [href='/add']
14:11:32.769  INFO  manager.ListenerWD - Before Find Element By ---> By.cssSelector: [placeholder='Name']
14:11:32.852  INFO  manager.ListenerWD - After Find Element By ---> By.cssSelector: [placeholder='Name']
14:11:33.200  INFO  manager.ListenerWD - Before Find Element By ---> By.cssSelector: [placeholder='Last Name']
14:11:33.263  INFO  manager.ListenerWD - After Find Element By ---> By.cssSelector: [placeholder='Last Name']
14:11:33.445  INFO  manager.ListenerWD - Before Find Element By ---> By.cssSelector: [placeholder='Phone']
14:11:33.480  INFO  manager.ListenerWD - After Find Element By ---> By.cssSelector: [placeholder='Phone']
14:11:33.677  INFO  manager.ListenerWD - Before Find Element By ---> By.cssSelector: [placeholder='email']
14:11:33.712  INFO  manager.ListenerWD - After Find Element By ---> By.cssSelector: [placeholder='email']
14:11:33.937  INFO  manager.ListenerWD - Before Find Element By ---> By.cssSelector: [placeholder='Address']
14:11:33.968  INFO  manager.ListenerWD - After Find Element By ---> By.cssSelector: [placeholder='Address']
14:11:34.160  INFO  manager.ListenerWD - Before Find Element By ---> By.xpath: //button/b
14:11:34.199  INFO  manager.ListenerWD - After Find Element By ---> By.xpath: //button/b
14:11:34.302  INFO  manager.ListenerWD - before Find Elements By ---> By.cssSelector: h2
14:11:35.240  INFO  manager.ListenerWD - After Find Elements By ---> By.cssSelector: h2
14:11:35.241  INFO  manager.ListenerWD - List size is ---->20
14:11:35.625  INFO  manager.ListenerWD - before Find Elements By ---> By.cssSelector: h3
14:11:35.826  INFO  manager.ListenerWD - After Find Elements By ---> By.cssSelector: h3
14:11:35.826  INFO  manager.ListenerWD - List size is ---->20
14:11:36.189  INFO  TestBase - Tests start with data ---> Contacts(name=Alex1812, lastName=Smal, phone=809351812, email=Jon1812@ukr.net, address=Kiev, Ukraine, description=null)
14:11:36.192  INFO  TestBase - START TEST WITH NAME: removeFirstContact
14:11:36.193  INFO  manager.ListenerWD - before Find Elements By ---> By.xpath: //button[text()='Sign Out']
14:11:36.210  INFO  manager.ListenerWD - After Find Elements By ---> By.xpath: //button[text()='Sign Out']
14:11:36.210  INFO  manager.ListenerWD - List size is ---->1
14:11:36.211  INFO  manager.ListenerWD - before Find Elements By ---> By.cssSelector: .contact-item_card__2SOIM
14:11:36.375  INFO  manager.ListenerWD - After Find Elements By ---> By.cssSelector: .contact-item_card__2SOIM
14:11:36.375  INFO  manager.ListenerWD - List size is ---->20
14:11:36.377  INFO  manager.ListenerWD - before Find Elements By ---> By.cssSelector: .contact-item_card__2SOIM
14:11:36.559  INFO  manager.ListenerWD - After Find Elements By ---> By.cssSelector: .contact-item_card__2SOIM
14:11:36.560  INFO  manager.ListenerWD - List size is ---->20
14:11:36.560  INFO  manager.ListenerWD - before Find Elements By ---> By.cssSelector: .contact-item_card__2SOIM
14:11:36.721  INFO  manager.ListenerWD - After Find Elements By ---> By.cssSelector: .contact-item_card__2SOIM
14:11:36.721  INFO  manager.ListenerWD - List size is ---->20
14:11:36.722  INFO  manager.ListenerWD - Before Find Element By ---> By.cssSelector: .contact-item_card__2SOIM
14:11:36.754  INFO  manager.ListenerWD - After Find Element By ---> By.cssSelector: .contact-item_card__2SOIM
14:11:36.932  INFO  manager.ListenerWD - Before Find Element By ---> By.xpath: //button[text()='Remove']
14:11:36.974  INFO  manager.ListenerWD - After Find Element By ---> By.xpath: //button[text()='Remove']
14:11:39.065  INFO  manager.ListenerWD - before Find Elements By ---> By.cssSelector: .contact-item_card__2SOIM
14:11:39.313  INFO  manager.ListenerWD - After Find Elements By ---> By.cssSelector: .contact-item_card__2SOIM
14:11:39.313  INFO  manager.ListenerWD - List size is ---->19
