23:11:28.145  INFO  manager.ApplicationManager - Chrome Driver was opened
23:11:31.216  INFO  manager.ApplicationManager - Current URL is --->https://contacts-app.tobbymarshall815.vercel.app/home
23:11:31.369  INFO  TestBase - START TEST WITH NAME: loginNegativeWrongEmailFormat
23:11:31.375  INFO  TestBase - Start checking authorization
23:11:31.379  INFO  manager.ListenerWD - before Find Elements By ---> By.xpath: //button[text()='Sign Out']
23:11:36.455  INFO  manager.ListenerWD - After Find Elements By ---> By.xpath: //button[text()='Sign Out']
23:11:36.456  INFO  manager.ListenerWD - List size is ---->0
23:11:36.458  INFO  TestBase - Test was not needed in logout 
23:11:36.464  INFO  manager.ListenerWD - Before Find Element By ---> By.xpath: //a[@href='/login']
23:11:36.510  INFO  manager.ListenerWD - After Find Element By ---> By.xpath: //a[@href='/login']
23:11:36.614  INFO  manager.ListenerWD - Before Find Element By ---> By.xpath: //input[@placeholder='Password']
23:11:36.659  INFO  manager.ListenerWD - After Find Element By ---> By.xpath: //input[@placeholder='Password']
23:11:36.894  INFO  manager.ListenerWD - Before Find Element By ---> By.xpath: //*[text()=' Login']
23:11:36.937  INFO  manager.ListenerWD - After Find Element By ---> By.xpath: //*[text()=' Login']
23:11:37.011  INFO  manager.ListenerWD - before Find Elements By ---> By.xpath: //button[text()='Sign Out']
23:11:37.756  INFO  manager.ListenerWD - After Find Elements By ---> By.xpath: //button[text()='Sign Out']
23:11:37.757  INFO  manager.ListenerWD - List size is ---->0
23:11:37.848  INFO  TestBase - START TEST WITH NAME: loginNegativeWrongEmailFormat
23:11:37.854  INFO  TestBase - Start checking authorization
23:11:37.854  INFO  manager.ListenerWD - before Find Elements By ---> By.xpath: //button[text()='Sign Out']
23:11:42.916  INFO  manager.ListenerWD - After Find Elements By ---> By.xpath: //button[text()='Sign Out']
23:11:42.916  INFO  manager.ListenerWD - List size is ---->0
23:11:42.917  INFO  TestBase - Test was not needed in logout 
23:11:42.918  INFO  manager.ListenerWD - Before Find Element By ---> By.xpath: //a[@href='/login']
23:11:42.955  INFO  manager.ListenerWD - After Find Element By ---> By.xpath: //a[@href='/login']
23:11:43.040  INFO  manager.ListenerWD - Before Find Element By ---> By.xpath: //input[@placeholder='Email']
23:11:43.110  INFO  manager.ListenerWD - After Find Element By ---> By.xpath: //input[@placeholder='Email']
23:11:43.344  INFO  manager.ListenerWD - Before Find Element By ---> By.xpath: //input[@placeholder='Password']
23:11:43.370  INFO  manager.ListenerWD - After Find Element By ---> By.xpath: //input[@placeholder='Password']
23:11:43.565  INFO  manager.ListenerWD - Before Find Element By ---> By.xpath: //*[text()=' Login']
23:11:43.593  INFO  manager.ListenerWD - After Find Element By ---> By.xpath: //*[text()=' Login']
23:11:43.650  INFO  manager.ListenerWD - before Find Elements By ---> By.xpath: //button[text()='Sign Out']
23:11:43.868  INFO  manager.ListenerWD - After Find Elements By ---> By.xpath: //button[text()='Sign Out']
23:11:43.870  INFO  manager.ListenerWD - List size is ---->0
23:11:43.988  INFO  TestBase - START TEST WITH NAME: loginNegativeWrongEmailFormat
23:11:43.988  INFO  TestBase - Start checking authorization
23:11:43.989  INFO  manager.ListenerWD - before Find Elements By ---> By.xpath: //button[text()='Sign Out']
23:11:49.026  INFO  manager.ListenerWD - After Find Elements By ---> By.xpath: //button[text()='Sign Out']
23:11:49.026  INFO  manager.ListenerWD - List size is ---->0
23:11:49.027  INFO  TestBase - Test was not needed in logout 
23:11:49.028  INFO  manager.ListenerWD - Before Find Element By ---> By.xpath: //a[@href='/login']
23:11:49.052  INFO  manager.ListenerWD - After Find Element By ---> By.xpath: //a[@href='/login']
23:11:49.103  INFO  manager.ListenerWD - Before Find Element By ---> By.xpath: //input[@placeholder='Email']
23:11:49.127  INFO  manager.ListenerWD - After Find Element By ---> By.xpath: //input[@placeholder='Email']
23:11:49.312  INFO  manager.ListenerWD - Before Find Element By ---> By.xpath: //input[@placeholder='Password']
23:11:49.338  INFO  manager.ListenerWD - After Find Element By ---> By.xpath: //input[@placeholder='Password']
23:11:49.520  INFO  manager.ListenerWD - Before Find Element By ---> By.xpath: //*[text()=' Login']
23:11:49.538  INFO  manager.ListenerWD - After Find Element By ---> By.xpath: //*[text()=' Login']
23:11:49.587  INFO  manager.ListenerWD - before Find Elements By ---> By.xpath: //button[text()='Sign Out']
23:11:49.811  INFO  manager.ListenerWD - After Find Elements By ---> By.xpath: //button[text()='Sign Out']
23:11:49.812  INFO  manager.ListenerWD - List size is ---->0
23:11:49.894  INFO  TestBase - START TEST WITH NAME: loginNegativeWrongEmailFormat
23:11:49.897  INFO  TestBase - Start checking authorization
23:11:49.904  INFO  manager.ListenerWD - before Find Elements By ---> By.xpath: //button[text()='Sign Out']
23:11:54.949  INFO  manager.ListenerWD - After Find Elements By ---> By.xpath: //button[text()='Sign Out']
23:11:54.950  INFO  manager.ListenerWD - List size is ---->0
23:11:54.951  INFO  TestBase - Test was not needed in logout 
23:11:54.953  INFO  manager.ListenerWD - Before Find Element By ---> By.xpath: //a[@href='/login']
23:11:54.984  INFO  manager.ListenerWD - After Find Element By ---> By.xpath: //a[@href='/login']
23:11:55.023  INFO  manager.ListenerWD - Before Find Element By ---> By.xpath: //input[@placeholder='Email']
23:11:55.051  INFO  manager.ListenerWD - After Find Element By ---> By.xpath: //input[@placeholder='Email']
23:11:55.274  INFO  manager.ListenerWD - Before Find Element By ---> By.xpath: //input[@placeholder='Password']
23:11:55.298  INFO  manager.ListenerWD - After Find Element By ---> By.xpath: //input[@placeholder='Password']
23:11:55.486  INFO  manager.ListenerWD - Before Find Element By ---> By.xpath: //*[text()=' Login']
23:11:55.508  INFO  manager.ListenerWD - After Find Element By ---> By.xpath: //*[text()=' Login']
23:11:55.589  INFO  manager.ListenerWD - before Find Elements By ---> By.xpath: //button[text()='Sign Out']
23:11:55.871  INFO  manager.ListenerWD - After Find Elements By ---> By.xpath: //button[text()='Sign Out']
23:11:55.871  INFO  manager.ListenerWD - List size is ---->0
23:11:55.944  INFO  TestBase - START TEST WITH NAME: loginNegativeWrongEmailFormat
23:11:55.949  INFO  TestBase - Start checking authorization
23:11:55.949  INFO  manager.ListenerWD - before Find Elements By ---> By.xpath: //button[text()='Sign Out']
23:12:01.005  INFO  manager.ListenerWD - After Find Elements By ---> By.xpath: //button[text()='Sign Out']
23:12:01.006  INFO  manager.ListenerWD - List size is ---->0
23:12:01.006  INFO  TestBase - Test was not needed in logout 
23:12:01.007  INFO  manager.ListenerWD - Before Find Element By ---> By.xpath: //a[@href='/login']
23:12:01.027  INFO  manager.ListenerWD - After Find Element By ---> By.xpath: //a[@href='/login']
23:12:01.069  INFO  manager.ListenerWD - Before Find Element By ---> By.xpath: //input[@placeholder='Email']
23:12:01.103  INFO  manager.ListenerWD - After Find Element By ---> By.xpath: //input[@placeholder='Email']
23:12:01.314  INFO  manager.ListenerWD - Before Find Element By ---> By.xpath: //input[@placeholder='Password']
23:12:01.338  INFO  manager.ListenerWD - After Find Element By ---> By.xpath: //input[@placeholder='Password']
23:12:01.510  INFO  manager.ListenerWD - Before Find Element By ---> By.xpath: //*[text()=' Login']
23:12:01.532  INFO  manager.ListenerWD - After Find Element By ---> By.xpath: //*[text()=' Login']
23:12:01.574  INFO  manager.ListenerWD - before Find Elements By ---> By.xpath: //button[text()='Sign Out']
23:12:01.788  INFO  manager.ListenerWD - After Find Elements By ---> By.xpath: //button[text()='Sign Out']
23:12:01.788  INFO  manager.ListenerWD - List size is ---->0
