09:59:54.901  INFO  manager.ApplicationManager - Chrome Driver was opened
09:59:58.336  INFO  manager.ApplicationManager - Current URL is --->https://contacts-app.tobbymarshall815.vercel.app/home
09:59:58.445  INFO  TestBase - START TEST WITH NAME: removeFirstContact
09:59:58.449  INFO  manager.ListenerWD - before Find Elements By ---> By.xpath: //button[text()='Sign Out']
10:00:03.509  INFO  manager.ListenerWD - After Find Elements By ---> By.xpath: //button[text()='Sign Out']
10:00:03.512  INFO  manager.ListenerWD - List size is ---->0
10:00:03.518  INFO  manager.ListenerWD - Before Find Element By ---> By.xpath: //a[@href='/login']
10:00:03.579  INFO  manager.ListenerWD - After Find Element By ---> By.xpath: //a[@href='/login']
10:00:03.750  INFO  manager.ListenerWD - Before Find Element By ---> By.xpath: //input[@placeholder='Email']
10:00:03.809  INFO  manager.ListenerWD - After Find Element By ---> By.xpath: //input[@placeholder='Email']
10:00:04.025  INFO  manager.ListenerWD - Before Find Element By ---> By.xpath: //input[@placeholder='Password']
10:00:04.071  INFO  manager.ListenerWD - After Find Element By ---> By.xpath: //input[@placeholder='Password']
10:00:04.273  INFO  manager.ListenerWD - Before Find Element By ---> By.xpath: //*[text()=' Login']
10:00:04.312  INFO  manager.ListenerWD - After Find Element By ---> By.xpath: //*[text()=' Login']
10:00:04.368  INFO  manager.ListenerWD - before Find Elements By ---> By.cssSelector: .contact-item_card__2SOIM
10:00:09.392  INFO  manager.ListenerWD - After Find Elements By ---> By.cssSelector: .contact-item_card__2SOIM
10:00:09.392  INFO  manager.ListenerWD - List size is ---->0
10:00:09.403  INFO  manager.ListenerWD - Before Find Element By ---> By.cssSelector: [href='/add']
10:00:14.453  INFO  manager.ListenerWD - We have a 'problem'
10:00:14.454  INFO  manager.ListenerWD - The name of error method findElement
10:00:14.461  INFO  manager.ListenerWD - Describe of error org.openqa.selenium.NoSuchElementException: no such element: Unable to locate element: {"method":"css selector","selector":"[href='/add']"}
  (Session info: chrome=106.0.5249.91)
For documentation on this error, please visit: https://selenium.dev/exceptions/#no_such_element
Build info: version: '4.4.0', revision: 'e5c75ed026a'
System info: host: 'DESKTOP-FMI0Q92', ip: '192.168.1.209', os.name: 'Windows 10', os.arch: 'amd64', os.version: '10.0', java.version: '11.0.16.1'
Driver info: org.openqa.selenium.chrome.ChromeDriver
Command: [da0f463ec73fd45fb363dcb29a209475, findElement {using=css selector, value=[href='/add']}]
Capabilities {acceptInsecureCerts: false, browserName: chrome, browserVersion: 106.0.5249.91, chrome: {chromedriverVersion: 106.0.5249.61 (511755355844..., userDataDir: C:\Temp\scoped_dir18812_311...}, goog:chromeOptions: {debuggerAddress: localhost:57806}, networkConnectionEnabled: false, pageLoadStrategy: normal, platformName: WINDOWS, proxy: Proxy(), se:cdp: ws://localhost:57806/devtoo..., se:cdpVersion: 106.0.5249.91, setWindowRect: true, strictFileInteractability: false, timeouts: {implicit: 0, pageLoad: 300000, script: 30000}, unhandledPromptBehavior: dismiss and notify, webauthn:extension:credBlob: true, webauthn:extension:largeBlob: true, webauthn:virtualAuthenticators: true}
Session ID: da0f463ec73fd45fb363dcb29a209475
10:00:14.467  INFO  manager.ListenerWD - **********************
10:00:14.483  INFO  manager.ListenerWD - Screen with error is 1896 ***  src/test/screenshots/screen1896.png
