11:20:36.918  INFO  manager.ListenerNG - onStart
11:20:41.150  INFO  manager.ApplicationManager - Chrome Driver was opened
11:20:43.570  INFO  manager.ApplicationManager - Current URL is --->https://contacts-app.tobbymarshall815.vercel.app/home
11:20:43.600  INFO  manager.ListenerNG - onStart
11:20:43.643  INFO  TestBase - START TEST WITH NAME: addNewContactSuccess
11:20:43.646  INFO  manager.ListenerWD - before Find Elements By ---> By.xpath: //button[text()='Sign Out']
11:20:48.694  INFO  manager.ListenerWD - After Find Elements By ---> By.xpath: //button[text()='Sign Out']
11:20:48.697  INFO  manager.ListenerWD - List size is ---->0
11:20:48.698  INFO  manager.ListenerWD - Before Find Element By ---> By.xpath: //a[@href='/login']
11:20:48.753  INFO  manager.ListenerWD - After Find Element By ---> By.xpath: //a[@href='/login']
11:20:48.906  INFO  manager.ListenerWD - Before Find Element By ---> By.xpath: //input[@placeholder='Email']
11:20:48.948  INFO  manager.ListenerWD - After Find Element By ---> By.xpath: //input[@placeholder='Email']
11:20:49.190  INFO  manager.ListenerWD - Before Find Element By ---> By.xpath: //input[@placeholder='Password']
11:20:49.242  INFO  manager.ListenerWD - After Find Element By ---> By.xpath: //input[@placeholder='Password']
11:20:49.448  INFO  manager.ListenerWD - Before Find Element By ---> By.xpath: //*[text()=' Login']
11:20:49.487  INFO  manager.ListenerWD - After Find Element By ---> By.xpath: //*[text()=' Login']
11:20:49.548  INFO  manager.ListenerNG - onTestStart
11:20:49.552  INFO  manager.ListenerWD - Before Find Element By ---> By.cssSelector: [href='/add']
11:20:50.368  INFO  manager.ListenerWD - After Find Element By ---> By.cssSelector: [href='/add']
11:20:50.436  INFO  manager.ListenerWD - Before Find Element By ---> By.cssSelector: [placeholder='Name']
11:20:50.485  INFO  manager.ListenerWD - After Find Element By ---> By.cssSelector: [placeholder='Name']
11:20:50.661  INFO  manager.ListenerWD - Before Find Element By ---> By.cssSelector: [placeholder='Last Name']
11:20:50.695  INFO  manager.ListenerWD - After Find Element By ---> By.cssSelector: [placeholder='Last Name']
11:20:50.856  INFO  manager.ListenerWD - Before Find Element By ---> By.cssSelector: [placeholder='Phone']
11:20:50.889  INFO  manager.ListenerWD - After Find Element By ---> By.cssSelector: [placeholder='Phone']
11:20:51.090  INFO  manager.ListenerWD - Before Find Element By ---> By.cssSelector: [placeholder='email']
11:20:51.132  INFO  manager.ListenerWD - After Find Element By ---> By.cssSelector: [placeholder='email']
11:20:51.343  INFO  manager.ListenerWD - Before Find Element By ---> By.cssSelector: [placeholder='Address']
11:20:51.378  INFO  manager.ListenerWD - After Find Element By ---> By.cssSelector: [placeholder='Address']
11:20:51.573  INFO  manager.ListenerWD - Before Find Element By ---> By.cssSelector: [placeholder='description']
11:20:51.607  INFO  manager.ListenerWD - After Find Element By ---> By.cssSelector: [placeholder='description']
11:20:51.764  INFO  manager.ListenerWD - Before Find Element By ---> By.xpath: //button/b
11:20:51.804  INFO  manager.ListenerWD - After Find Element By ---> By.xpath: //button/b
11:20:51.873  INFO  manager.ListenerWD - before Find Elements By ---> By.cssSelector: h2
11:20:52.296  INFO  manager.ListenerWD - After Find Elements By ---> By.cssSelector: h2
11:20:52.296  INFO  manager.ListenerWD - List size is ---->1
11:20:52.322  INFO  manager.ListenerWD - before Find Elements By ---> By.cssSelector: h3
11:20:52.352  INFO  manager.ListenerWD - After Find Elements By ---> By.cssSelector: h3
11:20:52.352  INFO  manager.ListenerWD - List size is ---->1
11:20:52.380  INFO  manager.ListenerNG - onTestSuccess
11:20:52.382  INFO  TestBase - START TEST WITH NAME: addNewContactSuccess
11:20:52.384  INFO  manager.ListenerWD - before Find Elements By ---> By.xpath: //button[text()='Sign Out']
11:20:52.405  INFO  manager.ListenerWD - After Find Elements By ---> By.xpath: //button[text()='Sign Out']
11:20:52.405  INFO  manager.ListenerWD - List size is ---->1
11:20:52.406  INFO  manager.ListenerNG - onTestStart
11:20:52.407  INFO  manager.ListenerWD - Before Find Element By ---> By.cssSelector: [href='/add']
11:20:52.432  INFO  manager.ListenerWD - After Find Element By ---> By.cssSelector: [href='/add']
11:20:52.479  INFO  manager.ListenerWD - Before Find Element By ---> By.cssSelector: [placeholder='Name']
11:20:52.514  INFO  manager.ListenerWD - After Find Element By ---> By.cssSelector: [placeholder='Name']
11:20:52.674  INFO  manager.ListenerWD - Before Find Element By ---> By.cssSelector: [placeholder='Last Name']
11:20:52.699  INFO  manager.ListenerWD - After Find Element By ---> By.cssSelector: [placeholder='Last Name']
11:20:52.871  INFO  manager.ListenerWD - Before Find Element By ---> By.cssSelector: [placeholder='Phone']
11:20:52.903  INFO  manager.ListenerWD - After Find Element By ---> By.cssSelector: [placeholder='Phone']
11:20:53.099  INFO  manager.ListenerWD - Before Find Element By ---> By.cssSelector: [placeholder='email']
11:20:53.122  INFO  manager.ListenerWD - After Find Element By ---> By.cssSelector: [placeholder='email']
11:20:53.352  INFO  manager.ListenerWD - Before Find Element By ---> By.cssSelector: [placeholder='Address']
11:20:53.378  INFO  manager.ListenerWD - After Find Element By ---> By.cssSelector: [placeholder='Address']
11:20:53.570  INFO  manager.ListenerWD - Before Find Element By ---> By.cssSelector: [placeholder='description']
11:20:53.595  INFO  manager.ListenerWD - After Find Element By ---> By.cssSelector: [placeholder='description']
11:20:53.776  INFO  manager.ListenerWD - Before Find Element By ---> By.xpath: //button/b
11:20:53.802  INFO  manager.ListenerWD - After Find Element By ---> By.xpath: //button/b
11:20:53.860  INFO  manager.ListenerWD - before Find Elements By ---> By.cssSelector: h2
11:20:54.133  INFO  manager.ListenerWD - After Find Elements By ---> By.cssSelector: h2
11:20:54.134  INFO  manager.ListenerWD - List size is ---->2
11:20:54.185  INFO  manager.ListenerWD - before Find Elements By ---> By.cssSelector: h3
11:20:54.222  INFO  manager.ListenerWD - After Find Elements By ---> By.cssSelector: h3
11:20:54.222  INFO  manager.ListenerWD - List size is ---->2
11:20:54.267  INFO  manager.ListenerNG - onTestSuccess
11:20:54.269  INFO  TestBase - START TEST WITH NAME: addNewContactSuccess
11:20:54.270  INFO  manager.ListenerWD - before Find Elements By ---> By.xpath: //button[text()='Sign Out']
11:20:54.294  INFO  manager.ListenerWD - After Find Elements By ---> By.xpath: //button[text()='Sign Out']
11:20:54.294  INFO  manager.ListenerWD - List size is ---->1
11:20:54.295  INFO  manager.ListenerNG - onTestStart
11:20:54.296  INFO  manager.ListenerWD - Before Find Element By ---> By.cssSelector: [href='/add']
11:20:54.318  INFO  manager.ListenerWD - After Find Element By ---> By.cssSelector: [href='/add']
11:20:54.369  INFO  manager.ListenerWD - Before Find Element By ---> By.cssSelector: [placeholder='Name']
11:20:54.399  INFO  manager.ListenerWD - After Find Element By ---> By.cssSelector: [placeholder='Name']
11:20:54.573  INFO  manager.ListenerWD - Before Find Element By ---> By.cssSelector: [placeholder='Last Name']
11:20:54.598  INFO  manager.ListenerWD - After Find Element By ---> By.cssSelector: [placeholder='Last Name']
11:20:54.772  INFO  manager.ListenerWD - Before Find Element By ---> By.cssSelector: [placeholder='Phone']
11:20:54.823  INFO  manager.ListenerWD - After Find Element By ---> By.cssSelector: [placeholder='Phone']
11:20:55.017  INFO  manager.ListenerWD - Before Find Element By ---> By.cssSelector: [placeholder='email']
11:20:55.045  INFO  manager.ListenerWD - After Find Element By ---> By.cssSelector: [placeholder='email']
11:20:55.230  INFO  manager.ListenerWD - Before Find Element By ---> By.cssSelector: [placeholder='Address']
11:20:55.250  INFO  manager.ListenerWD - After Find Element By ---> By.cssSelector: [placeholder='Address']
11:20:55.420  INFO  manager.ListenerWD - Before Find Element By ---> By.cssSelector: [placeholder='description']
11:20:55.441  INFO  manager.ListenerWD - After Find Element By ---> By.cssSelector: [placeholder='description']
11:20:55.590  INFO  manager.ListenerWD - Before Find Element By ---> By.xpath: //button/b
11:20:55.611  INFO  manager.ListenerWD - After Find Element By ---> By.xpath: //button/b
11:20:55.673  INFO  manager.ListenerWD - before Find Elements By ---> By.cssSelector: h2
11:20:56.317  INFO  manager.ListenerWD - After Find Elements By ---> By.cssSelector: h2
11:20:56.318  INFO  manager.ListenerWD - List size is ---->3
11:20:56.384  INFO  manager.ListenerWD - before Find Elements By ---> By.cssSelector: h3
11:20:56.415  INFO  manager.ListenerWD - After Find Elements By ---> By.cssSelector: h3
11:20:56.416  INFO  manager.ListenerWD - List size is ---->3
11:20:56.472  INFO  manager.ListenerNG - onTestSuccess
11:20:56.489  INFO  TestBase - START TEST WITH NAME: addNewContactSuccessDP
11:20:56.491  INFO  manager.ListenerWD - before Find Elements By ---> By.xpath: //button[text()='Sign Out']
11:20:56.514  INFO  manager.ListenerWD - After Find Elements By ---> By.xpath: //button[text()='Sign Out']
11:20:56.514  INFO  manager.ListenerWD - List size is ---->1
11:20:56.515  INFO  manager.ListenerNG - onTestStart
11:20:56.544  INFO  manager.ListenerWD - Before Find Element By ---> By.cssSelector: [href='/add']
11:20:56.584  INFO  manager.ListenerWD - After Find Element By ---> By.cssSelector: [href='/add']
11:20:56.643  INFO  manager.ListenerWD - Before Find Element By ---> By.cssSelector: [placeholder='Name']
11:20:56.687  INFO  manager.ListenerWD - After Find Element By ---> By.cssSelector: [placeholder='Name']
11:20:56.970  INFO  manager.ListenerWD - Before Find Element By ---> By.cssSelector: [placeholder='Last Name']
11:20:57.002  INFO  manager.ListenerWD - After Find Element By ---> By.cssSelector: [placeholder='Last Name']
11:20:57.300  INFO  manager.ListenerWD - Before Find Element By ---> By.cssSelector: [placeholder='Phone']
11:20:57.323  INFO  manager.ListenerWD - After Find Element By ---> By.cssSelector: [placeholder='Phone']
11:20:57.571  INFO  manager.ListenerWD - Before Find Element By ---> By.cssSelector: [placeholder='email']
11:20:57.596  INFO  manager.ListenerWD - After Find Element By ---> By.cssSelector: [placeholder='email']
11:20:57.780  INFO  manager.ListenerWD - Before Find Element By ---> By.cssSelector: [placeholder='Address']
11:20:57.801  INFO  manager.ListenerWD - After Find Element By ---> By.cssSelector: [placeholder='Address']
11:20:57.952  INFO  manager.ListenerWD - Before Find Element By ---> By.cssSelector: [placeholder='description']
11:20:57.971  INFO  manager.ListenerWD - After Find Element By ---> By.cssSelector: [placeholder='description']
11:20:58.100  INFO  manager.ListenerWD - Before Find Element By ---> By.xpath: //button/b
11:20:58.118  INFO  manager.ListenerWD - After Find Element By ---> By.xpath: //button/b
11:20:58.161  INFO  manager.ListenerWD - before Find Elements By ---> By.cssSelector: h2
11:20:58.455  INFO  manager.ListenerWD - After Find Elements By ---> By.cssSelector: h2
11:20:58.455  INFO  manager.ListenerWD - List size is ---->4
11:20:58.540  INFO  manager.ListenerWD - before Find Elements By ---> By.cssSelector: h3
11:20:58.591  INFO  manager.ListenerWD - After Find Elements By ---> By.cssSelector: h3
11:20:58.591  INFO  manager.ListenerWD - List size is ---->4
11:20:58.673  INFO  manager.ListenerNG - onTestSuccess
11:20:58.674  INFO  TestBase - START TEST WITH NAME: addNewContactSuccessDP
11:20:58.676  INFO  manager.ListenerWD - before Find Elements By ---> By.xpath: //button[text()='Sign Out']
11:20:58.692  INFO  manager.ListenerWD - After Find Elements By ---> By.xpath: //button[text()='Sign Out']
11:20:58.693  INFO  manager.ListenerWD - List size is ---->1
11:20:58.693  INFO  manager.ListenerNG - onTestStart
11:20:58.694  INFO  manager.ListenerWD - Before Find Element By ---> By.cssSelector: [href='/add']
11:20:58.710  INFO  manager.ListenerWD - After Find Element By ---> By.cssSelector: [href='/add']
11:20:58.769  INFO  manager.ListenerWD - Before Find Element By ---> By.cssSelector: [placeholder='Name']
11:20:58.795  INFO  manager.ListenerWD - After Find Element By ---> By.cssSelector: [placeholder='Name']
11:20:58.928  INFO  manager.ListenerWD - Before Find Element By ---> By.cssSelector: [placeholder='Last Name']
11:20:58.946  INFO  manager.ListenerWD - After Find Element By ---> By.cssSelector: [placeholder='Last Name']
11:20:59.107  INFO  manager.ListenerWD - Before Find Element By ---> By.cssSelector: [placeholder='Phone']
11:20:59.125  INFO  manager.ListenerWD - After Find Element By ---> By.cssSelector: [placeholder='Phone']
11:20:59.268  INFO  manager.ListenerWD - Before Find Element By ---> By.cssSelector: [placeholder='email']
11:20:59.287  INFO  manager.ListenerWD - After Find Element By ---> By.cssSelector: [placeholder='email']
11:20:59.436  INFO  manager.ListenerWD - Before Find Element By ---> By.cssSelector: [placeholder='Address']
11:20:59.452  INFO  manager.ListenerWD - After Find Element By ---> By.cssSelector: [placeholder='Address']
11:20:59.613  INFO  manager.ListenerWD - Before Find Element By ---> By.cssSelector: [placeholder='description']
11:20:59.634  INFO  manager.ListenerWD - After Find Element By ---> By.cssSelector: [placeholder='description']
11:20:59.828  INFO  manager.ListenerWD - Before Find Element By ---> By.xpath: //button/b
11:20:59.851  INFO  manager.ListenerWD - After Find Element By ---> By.xpath: //button/b
11:20:59.904  INFO  manager.ListenerWD - before Find Elements By ---> By.cssSelector: h2
11:21:00.220  INFO  manager.ListenerWD - After Find Elements By ---> By.cssSelector: h2
11:21:00.220  INFO  manager.ListenerWD - List size is ---->5
11:21:00.319  INFO  manager.ListenerWD - before Find Elements By ---> By.cssSelector: h3
11:21:00.358  INFO  manager.ListenerWD - After Find Elements By ---> By.cssSelector: h3
11:21:00.358  INFO  manager.ListenerWD - List size is ---->5
11:21:00.446  INFO  manager.ListenerNG - onTestSuccess
11:21:00.447  INFO  TestBase - START TEST WITH NAME: addNewContactSuccessDP
11:21:00.449  INFO  manager.ListenerWD - before Find Elements By ---> By.xpath: //button[text()='Sign Out']
11:21:00.472  INFO  manager.ListenerWD - After Find Elements By ---> By.xpath: //button[text()='Sign Out']
11:21:00.472  INFO  manager.ListenerWD - List size is ---->1
11:21:00.473  INFO  manager.ListenerNG - onTestStart
11:21:00.473  INFO  manager.ListenerWD - Before Find Element By ---> By.cssSelector: [href='/add']
11:21:00.493  INFO  manager.ListenerWD - After Find Element By ---> By.cssSelector: [href='/add']
11:21:00.531  INFO  manager.ListenerWD - Before Find Element By ---> By.cssSelector: [placeholder='Name']
11:21:00.555  INFO  manager.ListenerWD - After Find Element By ---> By.cssSelector: [placeholder='Name']
11:21:00.690  INFO  manager.ListenerWD - Before Find Element By ---> By.cssSelector: [placeholder='Last Name']
11:21:00.713  INFO  manager.ListenerWD - After Find Element By ---> By.cssSelector: [placeholder='Last Name']
11:21:00.874  INFO  manager.ListenerWD - Before Find Element By ---> By.cssSelector: [placeholder='Phone']
11:21:00.910  INFO  manager.ListenerWD - After Find Element By ---> By.cssSelector: [placeholder='Phone']
11:21:01.050  INFO  manager.ListenerWD - Before Find Element By ---> By.cssSelector: [placeholder='email']
11:21:01.066  INFO  manager.ListenerWD - After Find Element By ---> By.cssSelector: [placeholder='email']
11:21:01.217  INFO  manager.ListenerWD - Before Find Element By ---> By.cssSelector: [placeholder='Address']
11:21:01.233  INFO  manager.ListenerWD - After Find Element By ---> By.cssSelector: [placeholder='Address']
11:21:01.383  INFO  manager.ListenerWD - Before Find Element By ---> By.cssSelector: [placeholder='description']
11:21:01.398  INFO  manager.ListenerWD - After Find Element By ---> By.cssSelector: [placeholder='description']
11:21:01.592  INFO  manager.ListenerWD - Before Find Element By ---> By.xpath: //button/b
11:21:01.611  INFO  manager.ListenerWD - After Find Element By ---> By.xpath: //button/b
11:21:01.668  INFO  manager.ListenerWD - before Find Elements By ---> By.cssSelector: h2
11:21:01.940  INFO  manager.ListenerWD - After Find Elements By ---> By.cssSelector: h2
11:21:01.940  INFO  manager.ListenerWD - List size is ---->6
11:21:02.066  INFO  manager.ListenerWD - before Find Elements By ---> By.cssSelector: h3
11:21:02.115  INFO  manager.ListenerWD - After Find Elements By ---> By.cssSelector: h3
11:21:02.116  INFO  manager.ListenerWD - List size is ---->6
11:21:02.209  INFO  manager.ListenerNG - onTestSuccess
11:21:02.210  INFO  TestBase - START TEST WITH NAME: addNewContactSuccessDP
11:21:02.211  INFO  manager.ListenerWD - before Find Elements By ---> By.xpath: //button[text()='Sign Out']
11:21:02.227  INFO  manager.ListenerWD - After Find Elements By ---> By.xpath: //button[text()='Sign Out']
11:21:02.227  INFO  manager.ListenerWD - List size is ---->1
11:21:02.227  INFO  manager.ListenerNG - onTestStart
11:21:02.228  INFO  manager.ListenerWD - Before Find Element By ---> By.cssSelector: [href='/add']
11:21:02.249  INFO  manager.ListenerWD - After Find Element By ---> By.cssSelector: [href='/add']
11:21:02.321  INFO  manager.ListenerWD - Before Find Element By ---> By.cssSelector: [placeholder='Name']
11:21:02.344  INFO  manager.ListenerWD - After Find Element By ---> By.cssSelector: [placeholder='Name']
11:21:02.484  INFO  manager.ListenerWD - Before Find Element By ---> By.cssSelector: [placeholder='Last Name']
11:21:02.502  INFO  manager.ListenerWD - After Find Element By ---> By.cssSelector: [placeholder='Last Name']
11:21:02.640  INFO  manager.ListenerWD - Before Find Element By ---> By.cssSelector: [placeholder='Phone']
11:21:02.658  INFO  manager.ListenerWD - After Find Element By ---> By.cssSelector: [placeholder='Phone']
11:21:02.800  INFO  manager.ListenerWD - Before Find Element By ---> By.cssSelector: [placeholder='email']
11:21:02.816  INFO  manager.ListenerWD - After Find Element By ---> By.cssSelector: [placeholder='email']
11:21:03.046  INFO  manager.ListenerWD - Before Find Element By ---> By.cssSelector: [placeholder='Address']
11:21:03.066  INFO  manager.ListenerWD - After Find Element By ---> By.cssSelector: [placeholder='Address']
11:21:03.209  INFO  manager.ListenerWD - Before Find Element By ---> By.cssSelector: [placeholder='description']
11:21:03.223  INFO  manager.ListenerWD - After Find Element By ---> By.cssSelector: [placeholder='description']
11:21:03.354  INFO  manager.ListenerWD - Before Find Element By ---> By.xpath: //button/b
11:21:03.371  INFO  manager.ListenerWD - After Find Element By ---> By.xpath: //button/b
11:21:03.413  INFO  manager.ListenerWD - before Find Elements By ---> By.cssSelector: h2
11:21:03.719  INFO  manager.ListenerWD - After Find Elements By ---> By.cssSelector: h2
11:21:03.719  INFO  manager.ListenerWD - List size is ---->7
11:21:03.850  INFO  manager.ListenerWD - before Find Elements By ---> By.cssSelector: h3
11:21:03.907  INFO  manager.ListenerWD - After Find Elements By ---> By.cssSelector: h3
11:21:03.908  INFO  manager.ListenerWD - List size is ---->7
11:21:04.034  INFO  manager.ListenerNG - onTestSuccess
11:21:04.036  INFO  TestBase - START TEST WITH NAME: addNewContactSuccessDP
11:21:04.037  INFO  manager.ListenerWD - before Find Elements By ---> By.xpath: //button[text()='Sign Out']
11:21:04.050  INFO  manager.ListenerWD - After Find Elements By ---> By.xpath: //button[text()='Sign Out']
11:21:04.051  INFO  manager.ListenerWD - List size is ---->1
11:21:04.051  INFO  manager.ListenerNG - onTestStart
11:21:04.052  INFO  manager.ListenerWD - Before Find Element By ---> By.cssSelector: [href='/add']
11:21:04.066  INFO  manager.ListenerWD - After Find Element By ---> By.cssSelector: [href='/add']
11:21:04.117  INFO  manager.ListenerWD - Before Find Element By ---> By.cssSelector: [placeholder='Name']
11:21:04.144  INFO  manager.ListenerWD - After Find Element By ---> By.cssSelector: [placeholder='Name']
11:21:04.305  INFO  manager.ListenerWD - Before Find Element By ---> By.cssSelector: [placeholder='Last Name']
11:21:04.324  INFO  manager.ListenerWD - After Find Element By ---> By.cssSelector: [placeholder='Last Name']
11:21:04.453  INFO  manager.ListenerWD - Before Find Element By ---> By.cssSelector: [placeholder='Phone']
11:21:04.468  INFO  manager.ListenerWD - After Find Element By ---> By.cssSelector: [placeholder='Phone']
11:21:04.613  INFO  manager.ListenerWD - Before Find Element By ---> By.cssSelector: [placeholder='email']
11:21:04.631  INFO  manager.ListenerWD - After Find Element By ---> By.cssSelector: [placeholder='email']
11:21:04.817  INFO  manager.ListenerWD - Before Find Element By ---> By.cssSelector: [placeholder='Address']
11:21:04.832  INFO  manager.ListenerWD - After Find Element By ---> By.cssSelector: [placeholder='Address']
11:21:04.972  INFO  manager.ListenerWD - Before Find Element By ---> By.cssSelector: [placeholder='description']
11:21:04.988  INFO  manager.ListenerWD - After Find Element By ---> By.cssSelector: [placeholder='description']
11:21:05.114  INFO  manager.ListenerWD - Before Find Element By ---> By.xpath: //button/b
11:21:05.130  INFO  manager.ListenerWD - After Find Element By ---> By.xpath: //button/b
11:21:05.180  INFO  manager.ListenerWD - before Find Elements By ---> By.cssSelector: h2
11:21:05.621  INFO  manager.ListenerWD - After Find Elements By ---> By.cssSelector: h2
11:21:05.621  INFO  manager.ListenerWD - List size is ---->8
11:21:05.785  INFO  manager.ListenerWD - before Find Elements By ---> By.cssSelector: h3
11:21:05.865  INFO  manager.ListenerWD - After Find Elements By ---> By.cssSelector: h3
11:21:05.865  INFO  manager.ListenerWD - List size is ---->8
11:21:06.033  INFO  manager.ListenerNG - onTestSuccess
11:21:06.035  INFO  TestBase - START TEST WITH NAME: addNewContactSuccessRequiredFields
11:21:06.036  INFO  manager.ListenerWD - before Find Elements By ---> By.xpath: //button[text()='Sign Out']
11:21:06.052  INFO  manager.ListenerWD - After Find Elements By ---> By.xpath: //button[text()='Sign Out']
11:21:06.052  INFO  manager.ListenerWD - List size is ---->1
11:21:06.053  INFO  manager.ListenerNG - onTestStart
11:21:06.054  INFO  manager.ListenerWD - Before Find Element By ---> By.cssSelector: [href='/add']
11:21:06.067  INFO  manager.ListenerWD - After Find Element By ---> By.cssSelector: [href='/add']
11:21:06.107  INFO  manager.ListenerWD - Before Find Element By ---> By.cssSelector: [placeholder='Name']
11:21:06.132  INFO  manager.ListenerWD - After Find Element By ---> By.cssSelector: [placeholder='Name']
11:21:06.281  INFO  manager.ListenerWD - Before Find Element By ---> By.cssSelector: [placeholder='Last Name']
11:21:06.297  INFO  manager.ListenerWD - After Find Element By ---> By.cssSelector: [placeholder='Last Name']
11:21:06.428  INFO  manager.ListenerWD - Before Find Element By ---> By.cssSelector: [placeholder='Phone']
11:21:06.445  INFO  manager.ListenerWD - After Find Element By ---> By.cssSelector: [placeholder='Phone']
11:21:06.588  INFO  manager.ListenerWD - Before Find Element By ---> By.cssSelector: [placeholder='email']
11:21:06.603  INFO  manager.ListenerWD - After Find Element By ---> By.cssSelector: [placeholder='email']
11:21:06.764  INFO  manager.ListenerWD - Before Find Element By ---> By.cssSelector: [placeholder='Address']
11:21:06.782  INFO  manager.ListenerWD - After Find Element By ---> By.cssSelector: [placeholder='Address']
11:21:06.933  INFO  manager.ListenerWD - Before Find Element By ---> By.xpath: //button/b
11:21:06.947  INFO  manager.ListenerWD - After Find Element By ---> By.xpath: //button/b
11:21:06.989  INFO  manager.ListenerWD - before Find Elements By ---> By.cssSelector: h2
11:21:07.400  INFO  manager.ListenerWD - After Find Elements By ---> By.cssSelector: h2
11:21:07.401  INFO  manager.ListenerWD - List size is ---->9
11:21:07.567  INFO  manager.ListenerWD - before Find Elements By ---> By.cssSelector: h3
11:21:07.639  INFO  manager.ListenerWD - After Find Elements By ---> By.cssSelector: h3
11:21:07.639  INFO  manager.ListenerWD - List size is ---->9
11:21:07.828  INFO  TestBase - Tests start with data ---> Contacts(name=Alex1507, lastName=Smal, phone=809351507, email=Jon1507@ukr.net, address=Kiev, Ukraine, description=null)
11:21:07.828  INFO  manager.ListenerNG - onTestSuccess
11:21:07.831  INFO  TestBase - START TEST WITH NAME: addNewContactWrongName
11:21:07.832  INFO  manager.ListenerWD - before Find Elements By ---> By.xpath: //button[text()='Sign Out']
11:21:07.850  INFO  manager.ListenerWD - After Find Elements By ---> By.xpath: //button[text()='Sign Out']
11:21:07.850  INFO  manager.ListenerWD - List size is ---->1
11:21:07.851  INFO  manager.ListenerNG - onTestStart
11:21:07.852  INFO  manager.ListenerWD - Before Find Element By ---> By.cssSelector: [href='/add']
11:21:07.870  INFO  manager.ListenerWD - After Find Element By ---> By.cssSelector: [href='/add']
11:21:07.929  INFO  manager.ListenerWD - Before Find Element By ---> By.cssSelector: [placeholder='Last Name']
11:21:07.956  INFO  manager.ListenerWD - After Find Element By ---> By.cssSelector: [placeholder='Last Name']
11:21:08.118  INFO  manager.ListenerWD - Before Find Element By ---> By.cssSelector: [placeholder='Phone']
11:21:08.139  INFO  manager.ListenerWD - After Find Element By ---> By.cssSelector: [placeholder='Phone']
11:21:08.306  INFO  manager.ListenerWD - Before Find Element By ---> By.cssSelector: [placeholder='email']
11:21:08.326  INFO  manager.ListenerWD - After Find Element By ---> By.cssSelector: [placeholder='email']
11:21:08.509  INFO  manager.ListenerWD - Before Find Element By ---> By.cssSelector: [placeholder='Address']
11:21:08.525  INFO  manager.ListenerWD - After Find Element By ---> By.cssSelector: [placeholder='Address']
11:21:08.677  INFO  manager.ListenerWD - Before Find Element By ---> By.xpath: //button/b
11:21:08.693  INFO  manager.ListenerWD - After Find Element By ---> By.xpath: //button/b
11:21:08.734  INFO  manager.ListenerWD - before Find Elements By ---> By.cssSelector: a.active[href='/add']
11:21:08.755  INFO  manager.ListenerWD - After Find Elements By ---> By.cssSelector: a.active[href='/add']
11:21:08.755  INFO  manager.ListenerWD - List size is ---->1
11:21:08.756  INFO  manager.ListenerNG - onTestSuccess
11:21:08.758  INFO  manager.ListenerNG - onTestStart
11:21:12.401  INFO  manager.ListenerNG - onTestSuccess
11:21:12.406  INFO  TestBase - START TEST WITH NAME: loginNegativeWrongEmailFormat
11:21:12.407  INFO  TestBase - Start checking authorization
11:21:12.408  INFO  manager.ListenerWD - before Find Elements By ---> By.xpath: //button[text()='Sign Out']
11:21:12.430  INFO  manager.ListenerWD - After Find Elements By ---> By.xpath: //button[text()='Sign Out']
11:21:12.431  INFO  manager.ListenerWD - List size is ---->1
11:21:12.431  INFO  manager.ListenerWD - Before Find Element By ---> By.xpath: //button[text()='Sign Out']
11:21:12.460  INFO  manager.ListenerWD - After Find Element By ---> By.xpath: //button[text()='Sign Out']
11:21:12.530  INFO  TestBase - Test was needed in logout 
11:21:12.531  INFO  manager.ListenerNG - onTestStart
11:21:12.546  INFO  TestBase - Login negative scenario with wrong email was used data: User{email='null', password='123589$Nik'}
11:21:12.546  INFO  manager.ListenerWD - Before Find Element By ---> By.xpath: //a[@href='/login']
11:21:12.567  INFO  manager.ListenerWD - After Find Element By ---> By.xpath: //a[@href='/login']
11:21:12.611  INFO  manager.ListenerWD - Before Find Element By ---> By.xpath: //input[@placeholder='Password']
11:21:12.633  INFO  manager.ListenerWD - After Find Element By ---> By.xpath: //input[@placeholder='Password']
11:21:12.772  INFO  manager.ListenerWD - Before Find Element By ---> By.xpath: //*[text()=' Login']
11:21:12.797  INFO  manager.ListenerWD - After Find Element By ---> By.xpath: //*[text()=' Login']
11:21:12.849  INFO  manager.ListenerWD - before Find Elements By ---> By.xpath: //button[text()='Sign Out']
11:21:12.986  INFO  manager.ListenerWD - After Find Elements By ---> By.xpath: //button[text()='Sign Out']
11:21:12.986  INFO  manager.ListenerWD - List size is ---->0
11:21:13.036  INFO  TestBase - In assert checked error message 'Wrong email or password format' 
11:21:13.036  INFO  manager.ListenerNG - onTestSuccess
11:21:13.038  INFO  TestBase - START TEST WITH NAME: loginNegativeWrongEmailFormat
11:21:13.039  INFO  TestBase - Start checking authorization
11:21:13.039  INFO  manager.ListenerWD - before Find Elements By ---> By.xpath: //button[text()='Sign Out']
11:21:18.070  INFO  manager.ListenerWD - After Find Elements By ---> By.xpath: //button[text()='Sign Out']
11:21:18.071  INFO  manager.ListenerWD - List size is ---->0
11:21:18.071  INFO  TestBase - Test was not needed in logout 
11:21:18.073  INFO  manager.ListenerNG - onTestStart
11:21:18.076  INFO  TestBase - Login negative scenario with wrong email was used data: User{email='Nikgmail.com', password='123589$Nik'}
11:21:18.077  INFO  manager.ListenerWD - Before Find Element By ---> By.xpath: //a[@href='/login']
11:21:18.113  INFO  manager.ListenerWD - After Find Element By ---> By.xpath: //a[@href='/login']
11:21:18.148  INFO  manager.ListenerWD - Before Find Element By ---> By.xpath: //input[@placeholder='Email']
11:21:18.178  INFO  manager.ListenerWD - After Find Element By ---> By.xpath: //input[@placeholder='Email']
11:21:18.328  INFO  manager.ListenerWD - Before Find Element By ---> By.xpath: //input[@placeholder='Password']
11:21:18.344  INFO  manager.ListenerWD - After Find Element By ---> By.xpath: //input[@placeholder='Password']
11:21:18.556  INFO  manager.ListenerWD - Before Find Element By ---> By.xpath: //*[text()=' Login']
11:21:18.583  INFO  manager.ListenerWD - After Find Element By ---> By.xpath: //*[text()=' Login']
11:21:18.632  INFO  manager.ListenerWD - before Find Elements By ---> By.xpath: //button[text()='Sign Out']
11:21:19.202  INFO  manager.ListenerWD - After Find Elements By ---> By.xpath: //button[text()='Sign Out']
11:21:19.203  INFO  manager.ListenerWD - List size is ---->0
11:21:19.262  INFO  TestBase - In assert checked error message 'Wrong email or password format' 
11:21:19.262  INFO  manager.ListenerNG - onTestSuccess
11:21:19.266  INFO  TestBase - START TEST WITH NAME: loginNegativeWrongEmailFormat
11:21:19.268  INFO  TestBase - Start checking authorization
11:21:19.269  INFO  manager.ListenerWD - before Find Elements By ---> By.xpath: //button[text()='Sign Out']
11:21:24.325  INFO  manager.ListenerWD - After Find Elements By ---> By.xpath: //button[text()='Sign Out']
11:21:24.326  INFO  manager.ListenerWD - List size is ---->0
11:21:24.326  INFO  TestBase - Test was not needed in logout 
11:21:24.326  INFO  manager.ListenerNG - onTestStart
11:21:24.326  INFO  TestBase - Login negative scenario with wrong email was used data: User{email='Nik@gmailcom', password='123589$Nik'}
11:21:24.327  INFO  manager.ListenerWD - Before Find Element By ---> By.xpath: //a[@href='/login']
11:21:24.352  INFO  manager.ListenerWD - After Find Element By ---> By.xpath: //a[@href='/login']
11:21:24.388  INFO  manager.ListenerWD - Before Find Element By ---> By.xpath: //input[@placeholder='Email']
11:21:24.410  INFO  manager.ListenerWD - After Find Element By ---> By.xpath: //input[@placeholder='Email']
11:21:24.632  INFO  manager.ListenerWD - Before Find Element By ---> By.xpath: //input[@placeholder='Password']
11:21:24.645  INFO  manager.ListenerWD - After Find Element By ---> By.xpath: //input[@placeholder='Password']
11:21:24.819  INFO  manager.ListenerWD - Before Find Element By ---> By.xpath: //*[text()=' Login']
11:21:24.838  INFO  manager.ListenerWD - After Find Element By ---> By.xpath: //*[text()=' Login']
11:21:24.896  INFO  manager.ListenerWD - before Find Elements By ---> By.xpath: //button[text()='Sign Out']
11:21:25.359  INFO  manager.ListenerWD - After Find Elements By ---> By.xpath: //button[text()='Sign Out']
11:21:25.359  INFO  manager.ListenerWD - List size is ---->0
11:21:25.400  INFO  TestBase - In assert checked error message 'Wrong email or password format' 
11:21:25.401  INFO  manager.ListenerNG - onTestSuccess
11:21:25.409  INFO  TestBase - START TEST WITH NAME: loginNegativeWrongEmailFormat2
11:21:25.410  INFO  TestBase - Start checking authorization
11:21:25.410  INFO  manager.ListenerWD - before Find Elements By ---> By.xpath: //button[text()='Sign Out']
11:21:30.440  INFO  manager.ListenerWD - After Find Elements By ---> By.xpath: //button[text()='Sign Out']
11:21:30.441  INFO  manager.ListenerWD - List size is ---->0
11:21:30.441  INFO  TestBase - Test was not needed in logout 
11:21:30.443  INFO  manager.ListenerNG - onTestStart
11:21:30.445  INFO  TestBase - Login negative scenario with wrong email was used data: User{email='@gmail.com', password='123589$Nik'}
11:21:30.446  INFO  manager.ListenerWD - Before Find Element By ---> By.xpath: //a[@href='/login']
11:21:30.480  INFO  manager.ListenerWD - After Find Element By ---> By.xpath: //a[@href='/login']
11:21:30.532  INFO  manager.ListenerWD - Before Find Element By ---> By.xpath: //input[@placeholder='Email']
11:21:30.557  INFO  manager.ListenerWD - After Find Element By ---> By.xpath: //input[@placeholder='Email']
11:21:30.739  INFO  manager.ListenerWD - Before Find Element By ---> By.xpath: //input[@placeholder='Password']
11:21:30.752  INFO  manager.ListenerWD - After Find Element By ---> By.xpath: //input[@placeholder='Password']
11:21:30.929  INFO  manager.ListenerWD - Before Find Element By ---> By.xpath: //*[text()=' Login']
11:21:30.949  INFO  manager.ListenerWD - After Find Element By ---> By.xpath: //*[text()=' Login']
11:21:31.000  INFO  manager.ListenerWD - before Find Elements By ---> By.xpath: //button[text()='Sign Out']
11:21:31.187  INFO  manager.ListenerWD - After Find Elements By ---> By.xpath: //button[text()='Sign Out']
11:21:31.188  INFO  manager.ListenerWD - List size is ---->0
11:21:31.225  INFO  TestBase - In assert checked error message 'Wrong email or password format' 
11:21:31.225  INFO  manager.ListenerNG - onTestSuccess
11:21:31.227  INFO  TestBase - START TEST WITH NAME: loginNegativeWrongEmailFormat2
11:21:31.228  INFO  TestBase - Start checking authorization
11:21:31.228  INFO  manager.ListenerWD - before Find Elements By ---> By.xpath: //button[text()='Sign Out']
11:21:36.279  INFO  manager.ListenerWD - After Find Elements By ---> By.xpath: //button[text()='Sign Out']
11:21:36.279  INFO  manager.ListenerWD - List size is ---->0
11:21:36.279  INFO  TestBase - Test was not needed in logout 
11:21:36.280  INFO  manager.ListenerNG - onTestStart
11:21:36.282  INFO  TestBase - Login negative scenario with wrong email was used data: User{email='k@gmail.com', password='123589$Nik'}
11:21:36.283  INFO  manager.ListenerWD - Before Find Element By ---> By.xpath: //a[@href='/login']
11:21:36.312  INFO  manager.ListenerWD - After Find Element By ---> By.xpath: //a[@href='/login']
11:21:36.360  INFO  manager.ListenerWD - Before Find Element By ---> By.xpath: //input[@placeholder='Email']
11:21:36.381  INFO  manager.ListenerWD - After Find Element By ---> By.xpath: //input[@placeholder='Email']
11:21:36.558  INFO  manager.ListenerWD - Before Find Element By ---> By.xpath: //input[@placeholder='Password']
11:21:36.573  INFO  manager.ListenerWD - After Find Element By ---> By.xpath: //input[@placeholder='Password']
11:21:36.740  INFO  manager.ListenerWD - Before Find Element By ---> By.xpath: //*[text()=' Login']
11:21:36.756  INFO  manager.ListenerWD - After Find Element By ---> By.xpath: //*[text()=' Login']
11:21:36.813  INFO  manager.ListenerWD - before Find Elements By ---> By.xpath: //button[text()='Sign Out']
11:21:37.232  INFO  manager.ListenerWD - After Find Elements By ---> By.xpath: //button[text()='Sign Out']
11:21:37.233  INFO  manager.ListenerWD - List size is ---->0
11:21:37.268  INFO  TestBase - In assert checked error message 'Wrong email or password format' 
11:21:37.271  INFO  manager.ListenerNG - onTestSuccess
11:21:37.272  INFO  TestBase - START TEST WITH NAME: loginNegativeWrongEmailFormat2
11:21:37.278  INFO  TestBase - Start checking authorization
11:21:37.279  INFO  manager.ListenerWD - before Find Elements By ---> By.xpath: //button[text()='Sign Out']
11:21:42.300  INFO  manager.ListenerWD - After Find Elements By ---> By.xpath: //button[text()='Sign Out']
11:21:42.300  INFO  manager.ListenerWD - List size is ---->0
11:21:42.301  INFO  TestBase - Test was not needed in logout 
11:21:42.301  INFO  manager.ListenerNG - onTestStart
11:21:42.302  INFO  TestBase - Login negative scenario with wrong email was used data: User{email='Ник@gmail.com', password='123589$Nik'}
11:21:42.303  INFO  manager.ListenerWD - Before Find Element By ---> By.xpath: //a[@href='/login']
11:21:42.330  INFO  manager.ListenerWD - After Find Element By ---> By.xpath: //a[@href='/login']
11:21:42.388  INFO  manager.ListenerWD - Before Find Element By ---> By.xpath: //input[@placeholder='Email']
11:21:42.410  INFO  manager.ListenerWD - After Find Element By ---> By.xpath: //input[@placeholder='Email']
11:21:42.587  INFO  manager.ListenerWD - Before Find Element By ---> By.xpath: //input[@placeholder='Password']
11:21:42.602  INFO  manager.ListenerWD - After Find Element By ---> By.xpath: //input[@placeholder='Password']
11:21:42.773  INFO  manager.ListenerWD - Before Find Element By ---> By.xpath: //*[text()=' Login']
11:21:42.788  INFO  manager.ListenerWD - After Find Element By ---> By.xpath: //*[text()=' Login']
11:21:42.835  INFO  manager.ListenerWD - before Find Elements By ---> By.xpath: //button[text()='Sign Out']
11:21:42.959  INFO  manager.ListenerWD - After Find Elements By ---> By.xpath: //button[text()='Sign Out']
11:21:42.959  INFO  manager.ListenerWD - List size is ---->0
11:21:42.999  INFO  TestBase - In assert checked error message 'Wrong email or password format' 
11:21:42.999  INFO  manager.ListenerNG - onTestSuccess
11:21:43.005  INFO  TestBase - START TEST WITH NAME: loginNegativeWrongEmailFormat2
11:21:43.006  INFO  TestBase - Start checking authorization
11:21:43.007  INFO  manager.ListenerWD - before Find Elements By ---> By.xpath: //button[text()='Sign Out']
11:21:48.078  INFO  manager.ListenerWD - After Find Elements By ---> By.xpath: //button[text()='Sign Out']
11:21:48.078  INFO  manager.ListenerWD - List size is ---->0
11:21:48.078  INFO  TestBase - Test was not needed in logout 
11:21:48.079  INFO  manager.ListenerNG - onTestStart
11:21:48.080  INFO  TestBase - Login negative scenario with wrong email was used data: User{email=' Nik@gmail.com', password='123589$Nik'}
11:21:48.080  INFO  manager.ListenerWD - Before Find Element By ---> By.xpath: //a[@href='/login']
11:21:48.117  INFO  manager.ListenerWD - After Find Element By ---> By.xpath: //a[@href='/login']
11:21:48.163  INFO  manager.ListenerWD - Before Find Element By ---> By.xpath: //input[@placeholder='Email']
11:21:48.186  INFO  manager.ListenerWD - After Find Element By ---> By.xpath: //input[@placeholder='Email']
11:21:48.358  INFO  manager.ListenerWD - Before Find Element By ---> By.xpath: //input[@placeholder='Password']
11:21:48.372  INFO  manager.ListenerWD - After Find Element By ---> By.xpath: //input[@placeholder='Password']
11:21:48.530  INFO  manager.ListenerWD - Before Find Element By ---> By.xpath: //*[text()=' Login']
11:21:48.545  INFO  manager.ListenerWD - After Find Element By ---> By.xpath: //*[text()=' Login']
11:21:48.588  INFO  manager.ListenerWD - before Find Elements By ---> By.xpath: //button[text()='Sign Out']
11:21:49.042  INFO  manager.ListenerWD - After Find Elements By ---> By.xpath: //button[text()='Sign Out']
11:21:49.042  INFO  manager.ListenerWD - List size is ---->0
11:21:49.076  INFO  TestBase - In assert checked error message 'Wrong email or password format' 
11:21:49.077  INFO  manager.ListenerNG - onTestSuccess
11:21:49.079  INFO  TestBase - START TEST WITH NAME: loginNegativeWrongPasswordFormat
11:21:49.080  INFO  TestBase - Start checking authorization
11:21:49.081  INFO  manager.ListenerWD - before Find Elements By ---> By.xpath: //button[text()='Sign Out']
11:21:54.138  INFO  manager.ListenerWD - After Find Elements By ---> By.xpath: //button[text()='Sign Out']
11:21:54.138  INFO  manager.ListenerWD - List size is ---->0
11:21:54.138  INFO  TestBase - Test was not needed in logout 
11:21:54.139  INFO  manager.ListenerNG - onTestStart
11:21:54.140  INFO  TestBase - Login negative scenario with wrong password was used data: User{email='Nik@gmail.com', password='null'}
11:21:54.140  INFO  manager.ListenerWD - Before Find Element By ---> By.xpath: //a[@href='/login']
11:21:54.171  INFO  manager.ListenerWD - After Find Element By ---> By.xpath: //a[@href='/login']
11:21:54.211  INFO  manager.ListenerWD - Before Find Element By ---> By.xpath: //input[@placeholder='Email']
11:21:54.247  INFO  manager.ListenerWD - After Find Element By ---> By.xpath: //input[@placeholder='Email']
11:21:54.471  INFO  manager.ListenerWD - Before Find Element By ---> By.xpath: //*[text()=' Login']
11:21:54.492  INFO  manager.ListenerWD - After Find Element By ---> By.xpath: //*[text()=' Login']
11:21:54.533  INFO  manager.ListenerWD - before Find Elements By ---> By.xpath: //button[text()='Sign Out']
11:21:54.753  INFO  manager.ListenerWD - After Find Elements By ---> By.xpath: //button[text()='Sign Out']
11:21:54.754  INFO  manager.ListenerWD - List size is ---->1
11:21:54.776  INFO  manager.ListenerNG - onTestFailure
11:21:54.777  INFO  TestBase - START TEST WITH NAME: loginNegativeWrongPasswordFormat
11:21:54.778  INFO  TestBase - Start checking authorization
11:21:54.778  INFO  manager.ListenerWD - before Find Elements By ---> By.xpath: //button[text()='Sign Out']
11:21:54.793  INFO  manager.ListenerWD - After Find Elements By ---> By.xpath: //button[text()='Sign Out']
11:21:54.794  INFO  manager.ListenerWD - List size is ---->1
11:21:54.794  INFO  manager.ListenerWD - Before Find Element By ---> By.xpath: //button[text()='Sign Out']
11:21:54.826  INFO  manager.ListenerWD - After Find Element By ---> By.xpath: //button[text()='Sign Out']
11:21:54.894  INFO  TestBase - Test was needed in logout 
11:21:54.895  INFO  manager.ListenerNG - onTestStart
11:21:54.896  INFO  TestBase - Login negative scenario with wrong password was used data: User{email='Nik@gmail.com', password='1235890Nik'}
11:21:54.897  INFO  manager.ListenerWD - Before Find Element By ---> By.xpath: //a[@href='/login']
11:21:54.925  INFO  manager.ListenerWD - After Find Element By ---> By.xpath: //a[@href='/login']
11:21:54.987  INFO  manager.ListenerWD - Before Find Element By ---> By.xpath: //input[@placeholder='Email']
11:21:55.014  INFO  manager.ListenerWD - After Find Element By ---> By.xpath: //input[@placeholder='Email']
11:21:55.172  INFO  manager.ListenerWD - Before Find Element By ---> By.xpath: //input[@placeholder='Password']
11:21:55.188  INFO  manager.ListenerWD - After Find Element By ---> By.xpath: //input[@placeholder='Password']
11:21:55.358  INFO  manager.ListenerWD - Before Find Element By ---> By.xpath: //*[text()=' Login']
11:21:55.379  INFO  manager.ListenerWD - After Find Element By ---> By.xpath: //*[text()=' Login']
11:21:55.441  INFO  manager.ListenerWD - before Find Elements By ---> By.xpath: //button[text()='Sign Out']
11:21:55.974  INFO  manager.ListenerWD - After Find Elements By ---> By.xpath: //button[text()='Sign Out']
11:21:55.974  INFO  manager.ListenerWD - List size is ---->0
11:21:56.008  INFO  TestBase - In assert checked error message 'Wrong email or password format' 
11:21:56.009  INFO  manager.ListenerNG - onTestSuccess
11:21:56.010  INFO  TestBase - START TEST WITH NAME: loginNegativeWrongPasswordFormat
11:21:56.016  INFO  TestBase - Start checking authorization
11:21:56.017  INFO  manager.ListenerWD - before Find Elements By ---> By.xpath: //button[text()='Sign Out']
11:22:01.097  INFO  manager.ListenerWD - After Find Elements By ---> By.xpath: //button[text()='Sign Out']
11:22:01.098  INFO  manager.ListenerWD - List size is ---->0
11:22:01.098  INFO  TestBase - Test was not needed in logout 
11:22:01.100  INFO  manager.ListenerNG - onTestStart
11:22:01.100  INFO  TestBase - Login negative scenario with wrong password was used data: User{email='Nik@gmail.com', password='123589$nik'}
11:22:01.101  INFO  manager.ListenerWD - Before Find Element By ---> By.xpath: //a[@href='/login']
11:22:01.127  INFO  manager.ListenerWD - After Find Element By ---> By.xpath: //a[@href='/login']
11:22:01.176  INFO  manager.ListenerWD - Before Find Element By ---> By.xpath: //input[@placeholder='Email']
11:22:01.200  INFO  manager.ListenerWD - After Find Element By ---> By.xpath: //input[@placeholder='Email']
11:22:01.403  INFO  manager.ListenerWD - Before Find Element By ---> By.xpath: //input[@placeholder='Password']
11:22:01.419  INFO  manager.ListenerWD - After Find Element By ---> By.xpath: //input[@placeholder='Password']
11:22:01.605  INFO  manager.ListenerWD - Before Find Element By ---> By.xpath: //*[text()=' Login']
11:22:01.632  INFO  manager.ListenerWD - After Find Element By ---> By.xpath: //*[text()=' Login']
11:22:01.686  INFO  manager.ListenerWD - before Find Elements By ---> By.xpath: //button[text()='Sign Out']
11:22:01.809  INFO  manager.ListenerWD - After Find Elements By ---> By.xpath: //button[text()='Sign Out']
11:22:01.809  INFO  manager.ListenerWD - List size is ---->0
11:22:01.854  INFO  TestBase - In assert checked error message 'Wrong email or password format' 
11:22:01.855  INFO  manager.ListenerNG - onTestSuccess
11:22:01.856  INFO  TestBase - START TEST WITH NAME: loginNegativeWrongPasswordFormat
11:22:01.859  INFO  TestBase - Start checking authorization
11:22:01.859  INFO  manager.ListenerWD - before Find Elements By ---> By.xpath: //button[text()='Sign Out']
11:22:06.899  INFO  manager.ListenerWD - After Find Elements By ---> By.xpath: //button[text()='Sign Out']
11:22:06.899  INFO  manager.ListenerWD - List size is ---->0
11:22:06.899  INFO  TestBase - Test was not needed in logout 
11:22:06.900  INFO  manager.ListenerNG - onTestStart
11:22:06.900  INFO  TestBase - Login negative scenario with wrong password was used data: User{email='Nik@gmail.com', password='123589$NIK'}
11:22:06.900  INFO  manager.ListenerWD - Before Find Element By ---> By.xpath: //a[@href='/login']
11:22:06.919  INFO  manager.ListenerWD - After Find Element By ---> By.xpath: //a[@href='/login']
11:22:06.953  INFO  manager.ListenerWD - Before Find Element By ---> By.xpath: //input[@placeholder='Email']
11:22:06.976  INFO  manager.ListenerWD - After Find Element By ---> By.xpath: //input[@placeholder='Email']
11:22:07.185  INFO  manager.ListenerWD - Before Find Element By ---> By.xpath: //input[@placeholder='Password']
11:22:07.200  INFO  manager.ListenerWD - After Find Element By ---> By.xpath: //input[@placeholder='Password']
11:22:07.362  INFO  manager.ListenerWD - Before Find Element By ---> By.xpath: //*[text()=' Login']
11:22:07.375  INFO  manager.ListenerWD - After Find Element By ---> By.xpath: //*[text()=' Login']
11:22:07.416  INFO  manager.ListenerWD - before Find Elements By ---> By.xpath: //button[text()='Sign Out']
11:22:07.854  INFO  manager.ListenerWD - After Find Elements By ---> By.xpath: //button[text()='Sign Out']
11:22:07.855  INFO  manager.ListenerWD - List size is ---->0
11:22:07.903  INFO  TestBase - In assert checked error message 'Wrong email or password format' 
11:22:07.903  INFO  manager.ListenerNG - onTestSuccess
11:22:07.904  INFO  TestBase - START TEST WITH NAME: loginNegativeWrongPasswordFormat
11:22:07.905  INFO  TestBase - Start checking authorization
11:22:07.905  INFO  manager.ListenerWD - before Find Elements By ---> By.xpath: //button[text()='Sign Out']
11:22:12.967  INFO  manager.ListenerWD - After Find Elements By ---> By.xpath: //button[text()='Sign Out']
11:22:12.968  INFO  manager.ListenerWD - List size is ---->0
11:22:12.968  INFO  TestBase - Test was not needed in logout 
11:22:12.969  INFO  manager.ListenerNG - onTestStart
11:22:12.969  INFO  TestBase - Login negative scenario with wrong password was used data: User{email='Nik@gmail.com', password='$Nikiknik'}
11:22:12.970  INFO  manager.ListenerWD - Before Find Element By ---> By.xpath: //a[@href='/login']
11:22:12.991  INFO  manager.ListenerWD - After Find Element By ---> By.xpath: //a[@href='/login']
11:22:13.026  INFO  manager.ListenerWD - Before Find Element By ---> By.xpath: //input[@placeholder='Email']
11:22:13.054  INFO  manager.ListenerWD - After Find Element By ---> By.xpath: //input[@placeholder='Email']
11:22:13.237  INFO  manager.ListenerWD - Before Find Element By ---> By.xpath: //input[@placeholder='Password']
11:22:13.255  INFO  manager.ListenerWD - After Find Element By ---> By.xpath: //input[@placeholder='Password']
11:22:13.432  INFO  manager.ListenerWD - Before Find Element By ---> By.xpath: //*[text()=' Login']
11:22:13.450  INFO  manager.ListenerWD - After Find Element By ---> By.xpath: //*[text()=' Login']
11:22:13.507  INFO  manager.ListenerWD - before Find Elements By ---> By.xpath: //button[text()='Sign Out']
11:22:15.138  INFO  manager.ListenerWD - After Find Elements By ---> By.xpath: //button[text()='Sign Out']
11:22:15.138  INFO  manager.ListenerWD - List size is ---->0
11:22:15.168  INFO  TestBase - In assert checked error message 'Wrong email or password format' 
11:22:15.169  INFO  manager.ListenerNG - onTestSuccess
11:22:15.170  INFO  TestBase - START TEST WITH NAME: loginNegativeWrongPasswordFormat
11:22:15.171  INFO  TestBase - Start checking authorization
11:22:15.171  INFO  manager.ListenerWD - before Find Elements By ---> By.xpath: //button[text()='Sign Out']
11:22:20.260  INFO  manager.ListenerWD - After Find Elements By ---> By.xpath: //button[text()='Sign Out']
11:22:20.261  INFO  manager.ListenerWD - List size is ---->0
11:22:20.261  INFO  TestBase - Test was not needed in logout 
11:22:20.263  INFO  manager.ListenerNG - onTestStart
11:22:20.263  INFO  TestBase - Login negative scenario with wrong password was used data: User{email='Nik@gmail.com', password='589$Nik'}
11:22:20.264  INFO  manager.ListenerWD - Before Find Element By ---> By.xpath: //a[@href='/login']
11:22:20.313  INFO  manager.ListenerWD - After Find Element By ---> By.xpath: //a[@href='/login']
11:22:20.366  INFO  manager.ListenerWD - Before Find Element By ---> By.xpath: //input[@placeholder='Email']
11:22:20.389  INFO  manager.ListenerWD - After Find Element By ---> By.xpath: //input[@placeholder='Email']
11:22:20.552  INFO  manager.ListenerWD - Before Find Element By ---> By.xpath: //input[@placeholder='Password']
11:22:20.565  INFO  manager.ListenerWD - After Find Element By ---> By.xpath: //input[@placeholder='Password']
11:22:20.719  INFO  manager.ListenerWD - Before Find Element By ---> By.xpath: //*[text()=' Login']
11:22:20.732  INFO  manager.ListenerWD - After Find Element By ---> By.xpath: //*[text()=' Login']
11:22:20.773  INFO  manager.ListenerWD - before Find Elements By ---> By.xpath: //button[text()='Sign Out']
11:22:20.961  INFO  manager.ListenerWD - After Find Elements By ---> By.xpath: //button[text()='Sign Out']
11:22:20.961  INFO  manager.ListenerWD - List size is ---->0
11:22:20.989  INFO  TestBase - In assert checked error message 'Wrong email or password format' 
11:22:20.990  INFO  manager.ListenerNG - onTestSuccess
11:22:20.998  INFO  TestBase - START TEST WITH NAME: loginNegativeWrongPasswordFormat2
11:22:21.000  INFO  TestBase - Start checking authorization
11:22:21.000  INFO  manager.ListenerWD - before Find Elements By ---> By.xpath: //button[text()='Sign Out']
11:22:26.073  INFO  manager.ListenerWD - After Find Elements By ---> By.xpath: //button[text()='Sign Out']
11:22:26.074  INFO  manager.ListenerWD - List size is ---->0
11:22:26.074  INFO  TestBase - Test was not needed in logout 
11:22:26.076  INFO  manager.ListenerNG - onTestStart
11:22:26.077  INFO  TestBase - Login negative scenario with wrong password was used data: User{email='Nik@gmail.com', password='123589$Ник'}
11:22:26.077  INFO  manager.ListenerWD - Before Find Element By ---> By.xpath: //a[@href='/login']
11:22:26.099  INFO  manager.ListenerWD - After Find Element By ---> By.xpath: //a[@href='/login']
11:22:26.139  INFO  manager.ListenerWD - Before Find Element By ---> By.xpath: //input[@placeholder='Email']
11:22:26.161  INFO  manager.ListenerWD - After Find Element By ---> By.xpath: //input[@placeholder='Email']
11:22:26.331  INFO  manager.ListenerWD - Before Find Element By ---> By.xpath: //input[@placeholder='Password']
11:22:26.345  INFO  manager.ListenerWD - After Find Element By ---> By.xpath: //input[@placeholder='Password']
11:22:26.505  INFO  manager.ListenerWD - Before Find Element By ---> By.xpath: //*[text()=' Login']
11:22:26.519  INFO  manager.ListenerWD - After Find Element By ---> By.xpath: //*[text()=' Login']
11:22:26.560  INFO  manager.ListenerWD - before Find Elements By ---> By.xpath: //button[text()='Sign Out']
11:22:26.973  INFO  manager.ListenerWD - After Find Elements By ---> By.xpath: //button[text()='Sign Out']
11:22:26.973  INFO  manager.ListenerWD - List size is ---->0
11:22:26.999  INFO  TestBase - In assert checked error message 'Wrong email or password format' 
11:22:27.000  INFO  manager.ListenerNG - onTestSuccess
11:22:27.006  INFO  TestBase - START TEST WITH NAME: loginSuccess
11:22:27.009  INFO  TestBase - Start checking authorization
11:22:27.009  INFO  manager.ListenerWD - before Find Elements By ---> By.xpath: //button[text()='Sign Out']
11:22:32.091  INFO  manager.ListenerWD - After Find Elements By ---> By.xpath: //button[text()='Sign Out']
11:22:32.092  INFO  manager.ListenerWD - List size is ---->0
11:22:32.092  INFO  TestBase - Test was not needed in logout 
11:22:32.092  INFO  manager.ListenerNG - onTestStart
11:22:32.093  INFO  TestBase - Login scenario success was used data email: Nik@gmail.com& password: 123589$Nik
11:22:32.093  INFO  manager.ListenerWD - Before Find Element By ---> By.xpath: //a[@href='/login']
11:22:32.108  INFO  manager.ListenerWD - After Find Element By ---> By.xpath: //a[@href='/login']
11:22:32.146  INFO  manager.ListenerWD - Before Find Element By ---> By.xpath: //input[@placeholder='Email']
11:22:32.167  INFO  manager.ListenerWD - After Find Element By ---> By.xpath: //input[@placeholder='Email']
11:22:32.343  INFO  manager.ListenerWD - Before Find Element By ---> By.xpath: //input[@placeholder='Password']
11:22:32.358  INFO  manager.ListenerWD - After Find Element By ---> By.xpath: //input[@placeholder='Password']
11:22:32.522  INFO  manager.ListenerWD - Before Find Element By ---> By.xpath: //*[text()=' Login']
11:22:32.535  INFO  manager.ListenerWD - After Find Element By ---> By.xpath: //*[text()=' Login']
11:22:32.578  INFO  manager.ListenerWD - before Find Elements By ---> By.xpath: //button[text()='Sign Out']
11:22:33.164  INFO  manager.ListenerWD - After Find Elements By ---> By.xpath: //button[text()='Sign Out']
11:22:33.164  INFO  manager.ListenerWD - List size is ---->1
11:22:33.164  INFO  TestBase - Assert check is Sign Out button Present
11:22:33.165  INFO  manager.ListenerNG - onTestSuccess
11:22:33.166  INFO  TestBase - START TEST WITH NAME: loginSuccess
11:22:33.167  INFO  TestBase - Start checking authorization
11:22:33.167  INFO  manager.ListenerWD - before Find Elements By ---> By.xpath: //button[text()='Sign Out']
11:22:33.182  INFO  manager.ListenerWD - After Find Elements By ---> By.xpath: //button[text()='Sign Out']
11:22:33.182  INFO  manager.ListenerWD - List size is ---->1
11:22:33.182  INFO  manager.ListenerWD - Before Find Element By ---> By.xpath: //button[text()='Sign Out']
11:22:33.199  INFO  manager.ListenerWD - After Find Element By ---> By.xpath: //button[text()='Sign Out']
11:22:33.251  INFO  TestBase - Test was needed in logout 
11:22:33.252  INFO  manager.ListenerNG - onTestStart
11:22:33.253  INFO  TestBase - Login scenario success was used data email: shu@ukr.net& password: $987987SHu
11:22:33.253  INFO  manager.ListenerWD - Before Find Element By ---> By.xpath: //a[@href='/login']
11:22:33.277  INFO  manager.ListenerWD - After Find Element By ---> By.xpath: //a[@href='/login']
11:22:33.318  INFO  manager.ListenerWD - Before Find Element By ---> By.xpath: //input[@placeholder='Email']
11:22:33.334  INFO  manager.ListenerWD - After Find Element By ---> By.xpath: //input[@placeholder='Email']
11:22:33.476  INFO  manager.ListenerWD - Before Find Element By ---> By.xpath: //input[@placeholder='Password']
11:22:33.490  INFO  manager.ListenerWD - After Find Element By ---> By.xpath: //input[@placeholder='Password']
11:22:33.626  INFO  manager.ListenerWD - Before Find Element By ---> By.xpath: //*[text()=' Login']
11:22:33.640  INFO  manager.ListenerWD - After Find Element By ---> By.xpath: //*[text()=' Login']
11:22:33.681  INFO  manager.ListenerWD - before Find Elements By ---> By.xpath: //button[text()='Sign Out']
11:22:33.869  INFO  manager.ListenerWD - After Find Elements By ---> By.xpath: //button[text()='Sign Out']
11:22:33.869  INFO  manager.ListenerWD - List size is ---->1
11:22:33.869  INFO  TestBase - Assert check is Sign Out button Present
11:22:33.869  INFO  manager.ListenerNG - onTestSuccess
11:22:33.871  INFO  TestBase - START TEST WITH NAME: loginSuccess
11:22:33.872  INFO  TestBase - Start checking authorization
11:22:33.872  INFO  manager.ListenerWD - before Find Elements By ---> By.xpath: //button[text()='Sign Out']
11:22:33.886  INFO  manager.ListenerWD - After Find Elements By ---> By.xpath: //button[text()='Sign Out']
11:22:33.886  INFO  manager.ListenerWD - List size is ---->1
11:22:33.886  INFO  manager.ListenerWD - Before Find Element By ---> By.xpath: //button[text()='Sign Out']
11:22:33.900  INFO  manager.ListenerWD - After Find Element By ---> By.xpath: //button[text()='Sign Out']
11:22:33.986  INFO  TestBase - Test was needed in logout 
11:22:33.990  INFO  manager.ListenerNG - onTestStart
11:22:33.990  INFO  TestBase - Login scenario success was used data email: tanya@mail.ru& password: Ta12587$nya
11:22:33.991  INFO  manager.ListenerWD - Before Find Element By ---> By.xpath: //a[@href='/login']
11:22:34.008  INFO  manager.ListenerWD - After Find Element By ---> By.xpath: //a[@href='/login']
11:22:34.059  INFO  manager.ListenerWD - Before Find Element By ---> By.xpath: //input[@placeholder='Email']
11:22:34.074  INFO  manager.ListenerWD - After Find Element By ---> By.xpath: //input[@placeholder='Email']
11:22:34.211  INFO  manager.ListenerWD - Before Find Element By ---> By.xpath: //input[@placeholder='Password']
11:22:34.225  INFO  manager.ListenerWD - After Find Element By ---> By.xpath: //input[@placeholder='Password']
11:22:34.364  INFO  manager.ListenerWD - Before Find Element By ---> By.xpath: //*[text()=' Login']
11:22:34.378  INFO  manager.ListenerWD - After Find Element By ---> By.xpath: //*[text()=' Login']
11:22:34.418  INFO  manager.ListenerWD - before Find Elements By ---> By.xpath: //button[text()='Sign Out']
11:22:34.585  INFO  manager.ListenerWD - After Find Elements By ---> By.xpath: //button[text()='Sign Out']
11:22:34.585  INFO  manager.ListenerWD - List size is ---->1
11:22:34.585  INFO  TestBase - Assert check is Sign Out button Present
11:22:34.586  INFO  manager.ListenerNG - onTestSuccess
11:22:34.590  INFO  TestBase - START TEST WITH NAME: loginSuccessModel
11:22:34.593  INFO  TestBase - Start checking authorization
11:22:34.593  INFO  manager.ListenerWD - before Find Elements By ---> By.xpath: //button[text()='Sign Out']
11:22:34.609  INFO  manager.ListenerWD - After Find Elements By ---> By.xpath: //button[text()='Sign Out']
11:22:34.609  INFO  manager.ListenerWD - List size is ---->1
11:22:34.609  INFO  manager.ListenerWD - Before Find Element By ---> By.xpath: //button[text()='Sign Out']
11:22:34.622  INFO  manager.ListenerWD - After Find Element By ---> By.xpath: //button[text()='Sign Out']
11:22:34.676  INFO  TestBase - Test was needed in logout 
11:22:34.677  INFO  manager.ListenerNG - onTestStart
11:22:34.678  INFO  TestBase - Login scenario success was used data: User{email='Nik2701@gmail.com', password='123589$Nik'}
11:22:34.678  INFO  manager.ListenerWD - Before Find Element By ---> By.xpath: //a[@href='/login']
11:22:34.695  INFO  manager.ListenerWD - After Find Element By ---> By.xpath: //a[@href='/login']
11:22:34.759  INFO  manager.ListenerWD - Before Find Element By ---> By.xpath: //input[@placeholder='Email']
11:22:34.777  INFO  manager.ListenerWD - After Find Element By ---> By.xpath: //input[@placeholder='Email']
11:22:34.977  INFO  manager.ListenerWD - Before Find Element By ---> By.xpath: //input[@placeholder='Password']
11:22:34.996  INFO  manager.ListenerWD - After Find Element By ---> By.xpath: //input[@placeholder='Password']
11:22:35.144  INFO  manager.ListenerWD - Before Find Element By ---> By.xpath: //*[text()=' Login']
11:22:35.167  INFO  manager.ListenerWD - After Find Element By ---> By.xpath: //*[text()=' Login']
11:22:35.210  INFO  manager.ListenerWD - before Find Elements By ---> By.xpath: //button[text()='Sign Out']
11:22:35.611  INFO  manager.ListenerWD - After Find Elements By ---> By.xpath: //button[text()='Sign Out']
11:22:35.612  INFO  manager.ListenerWD - List size is ---->1
11:22:35.612  INFO  manager.ListenerNG - onTestSuccess
11:22:35.613  INFO  TestBase - START TEST WITH NAME: loginSuccessModel
11:22:35.614  INFO  TestBase - Start checking authorization
11:22:35.614  INFO  manager.ListenerWD - before Find Elements By ---> By.xpath: //button[text()='Sign Out']
11:22:35.629  INFO  manager.ListenerWD - After Find Elements By ---> By.xpath: //button[text()='Sign Out']
11:22:35.629  INFO  manager.ListenerWD - List size is ---->1
11:22:35.630  INFO  manager.ListenerWD - Before Find Element By ---> By.xpath: //button[text()='Sign Out']
11:22:35.643  INFO  manager.ListenerWD - After Find Element By ---> By.xpath: //button[text()='Sign Out']
11:22:35.701  INFO  TestBase - Test was needed in logout 
11:22:35.703  INFO  manager.ListenerNG - onTestStart
11:22:35.704  INFO  TestBase - Login scenario success was used data: User{email='Nik2703@gmail.com', password='123589$Nik'}
11:22:35.706  INFO  manager.ListenerWD - Before Find Element By ---> By.xpath: //a[@href='/login']
11:22:35.728  INFO  manager.ListenerWD - After Find Element By ---> By.xpath: //a[@href='/login']
11:22:35.778  INFO  manager.ListenerWD - Before Find Element By ---> By.xpath: //input[@placeholder='Email']
11:22:35.797  INFO  manager.ListenerWD - After Find Element By ---> By.xpath: //input[@placeholder='Email']
11:22:35.955  INFO  manager.ListenerWD - Before Find Element By ---> By.xpath: //input[@placeholder='Password']
11:22:35.967  INFO  manager.ListenerWD - After Find Element By ---> By.xpath: //input[@placeholder='Password']
11:22:36.100  INFO  manager.ListenerWD - Before Find Element By ---> By.xpath: //*[text()=' Login']
11:22:36.118  INFO  manager.ListenerWD - After Find Element By ---> By.xpath: //*[text()=' Login']
11:22:36.162  INFO  manager.ListenerWD - before Find Elements By ---> By.xpath: //button[text()='Sign Out']
11:22:36.302  INFO  manager.ListenerWD - After Find Elements By ---> By.xpath: //button[text()='Sign Out']
11:22:36.302  INFO  manager.ListenerWD - List size is ---->1
11:22:36.302  INFO  manager.ListenerNG - onTestSuccess
11:22:36.303  INFO  TestBase - START TEST WITH NAME: loginSuccessModel
11:22:36.310  INFO  TestBase - Start checking authorization
11:22:36.310  INFO  manager.ListenerWD - before Find Elements By ---> By.xpath: //button[text()='Sign Out']
11:22:36.325  INFO  manager.ListenerWD - After Find Elements By ---> By.xpath: //button[text()='Sign Out']
11:22:36.326  INFO  manager.ListenerWD - List size is ---->1
11:22:36.326  INFO  manager.ListenerWD - Before Find Element By ---> By.xpath: //button[text()='Sign Out']
11:22:36.340  INFO  manager.ListenerWD - After Find Element By ---> By.xpath: //button[text()='Sign Out']
11:22:36.393  INFO  TestBase - Test was needed in logout 
11:22:36.397  INFO  manager.ListenerNG - onTestStart
11:22:36.397  INFO  TestBase - Login scenario success was used data: User{email='Nik2704@gmail.com', password='123589$Nik'}
11:22:36.397  INFO  manager.ListenerWD - Before Find Element By ---> By.xpath: //a[@href='/login']
11:22:36.414  INFO  manager.ListenerWD - After Find Element By ---> By.xpath: //a[@href='/login']
11:22:36.460  INFO  manager.ListenerWD - Before Find Element By ---> By.xpath: //input[@placeholder='Email']
11:22:36.475  INFO  manager.ListenerWD - After Find Element By ---> By.xpath: //input[@placeholder='Email']
11:22:36.628  INFO  manager.ListenerWD - Before Find Element By ---> By.xpath: //input[@placeholder='Password']
11:22:36.641  INFO  manager.ListenerWD - After Find Element By ---> By.xpath: //input[@placeholder='Password']
11:22:36.788  INFO  manager.ListenerWD - Before Find Element By ---> By.xpath: //*[text()=' Login']
11:22:36.802  INFO  manager.ListenerWD - After Find Element By ---> By.xpath: //*[text()=' Login']
11:22:36.843  INFO  manager.ListenerWD - before Find Elements By ---> By.xpath: //button[text()='Sign Out']
11:22:37.048  INFO  manager.ListenerWD - After Find Elements By ---> By.xpath: //button[text()='Sign Out']
11:22:37.048  INFO  manager.ListenerWD - List size is ---->1
11:22:37.049  INFO  manager.ListenerNG - onTestSuccess
11:22:37.052  INFO  TestBase - START TEST WITH NAME: registrationSuccess
11:22:37.053  INFO  manager.ListenerWD - before Find Elements By ---> By.xpath: //button[text()='Sign Out']
11:22:37.079  INFO  manager.ListenerWD - After Find Elements By ---> By.xpath: //button[text()='Sign Out']
11:22:37.079  INFO  manager.ListenerWD - List size is ---->1
11:22:37.079  INFO  manager.ListenerWD - Before Find Element By ---> By.xpath: //button[text()='Sign Out']
11:22:37.100  INFO  manager.ListenerWD - After Find Element By ---> By.xpath: //button[text()='Sign Out']
11:22:37.169  INFO  manager.ListenerNG - onTestStart
11:22:37.172  INFO  manager.ListenerWD - Before Find Element By ---> By.xpath: //a[@href='/login']
11:22:37.191  INFO  manager.ListenerWD - After Find Element By ---> By.xpath: //a[@href='/login']
11:22:37.236  INFO  manager.ListenerWD - Before Find Element By ---> By.xpath: //input[@placeholder='Email']
11:22:37.250  INFO  manager.ListenerWD - After Find Element By ---> By.xpath: //input[@placeholder='Email']
11:22:37.394  INFO  manager.ListenerWD - Before Find Element By ---> By.xpath: //input[@placeholder='Password']
11:22:37.408  INFO  manager.ListenerWD - After Find Element By ---> By.xpath: //input[@placeholder='Password']
11:22:37.542  INFO  manager.ListenerWD - Before Find Element By ---> By.xpath: //button[2]
11:22:37.561  INFO  manager.ListenerWD - After Find Element By ---> By.xpath: //button[2]
11:22:39.603  INFO  manager.ListenerWD - before Find Elements By ---> By.xpath: //button[text()='Sign Out']
11:22:39.645  INFO  manager.ListenerWD - After Find Elements By ---> By.xpath: //button[text()='Sign Out']
11:22:39.646  INFO  manager.ListenerWD - List size is ---->1
11:22:39.646  INFO  manager.ListenerNG - onTestSuccess
11:22:39.651  INFO  TestBase - START TEST WITH NAME: registrationSuccessDP
11:22:39.653  INFO  manager.ListenerWD - before Find Elements By ---> By.xpath: //button[text()='Sign Out']
11:22:39.671  INFO  manager.ListenerWD - After Find Elements By ---> By.xpath: //button[text()='Sign Out']
11:22:39.671  INFO  manager.ListenerWD - List size is ---->1
11:22:39.672  INFO  manager.ListenerWD - Before Find Element By ---> By.xpath: //button[text()='Sign Out']
11:22:39.686  INFO  manager.ListenerWD - After Find Element By ---> By.xpath: //button[text()='Sign Out']
11:22:39.743  INFO  manager.ListenerNG - onTestStart
11:22:39.744  INFO  TestBase - data for test: User{email='Anton9989i@ukr.net', password='Aai987654321$$'}
11:22:39.744  INFO  manager.ListenerWD - Before Find Element By ---> By.xpath: //a[@href='/login']
11:22:39.762  INFO  manager.ListenerWD - After Find Element By ---> By.xpath: //a[@href='/login']
11:22:39.803  INFO  manager.ListenerWD - Before Find Element By ---> By.xpath: //input[@placeholder='Email']
11:22:39.818  INFO  manager.ListenerWD - After Find Element By ---> By.xpath: //input[@placeholder='Email']
11:22:39.996  INFO  manager.ListenerWD - Before Find Element By ---> By.xpath: //input[@placeholder='Password']
11:22:40.012  INFO  manager.ListenerWD - After Find Element By ---> By.xpath: //input[@placeholder='Password']
11:22:40.188  INFO  manager.ListenerWD - Before Find Element By ---> By.xpath: //button[2]
11:22:40.205  INFO  manager.ListenerWD - After Find Element By ---> By.xpath: //button[2]
11:22:40.258  INFO  manager.ListenerWD - before Find Elements By ---> By.xpath: //button[text()='Sign Out']
11:22:40.413  INFO  manager.ListenerWD - After Find Elements By ---> By.xpath: //button[text()='Sign Out']
11:22:40.413  INFO  manager.ListenerWD - List size is ---->1
11:22:40.421  INFO  manager.ListenerWD - Before Find Element By ---> By.cssSelector: div.contact-page_message__2qafk>h1
11:22:40.498  INFO  manager.ListenerWD - After Find Element By ---> By.cssSelector: div.contact-page_message__2qafk>h1
11:22:40.522  INFO  manager.ListenerNG - onTestSuccess
11:22:40.523  INFO  TestBase - START TEST WITH NAME: registrationSuccessDP
11:22:40.525  INFO  manager.ListenerWD - before Find Elements By ---> By.xpath: //button[text()='Sign Out']
11:22:40.541  INFO  manager.ListenerWD - After Find Elements By ---> By.xpath: //button[text()='Sign Out']
11:22:40.541  INFO  manager.ListenerWD - List size is ---->1
11:22:40.541  INFO  manager.ListenerWD - Before Find Element By ---> By.xpath: //button[text()='Sign Out']
11:22:40.553  INFO  manager.ListenerWD - After Find Element By ---> By.xpath: //button[text()='Sign Out']
11:22:40.618  INFO  manager.ListenerNG - onTestStart
11:22:40.618  INFO  TestBase - data for test: User{email='Misha7745i@gmail.com', password='Mm_i987654321'}
11:22:40.618  INFO  manager.ListenerWD - Before Find Element By ---> By.xpath: //a[@href='/login']
11:22:40.644  INFO  manager.ListenerWD - After Find Element By ---> By.xpath: //a[@href='/login']
11:22:40.711  INFO  manager.ListenerWD - Before Find Element By ---> By.xpath: //input[@placeholder='Email']
11:22:40.730  INFO  manager.ListenerWD - After Find Element By ---> By.xpath: //input[@placeholder='Email']
11:22:40.929  INFO  manager.ListenerWD - Before Find Element By ---> By.xpath: //input[@placeholder='Password']
11:22:40.942  INFO  manager.ListenerWD - After Find Element By ---> By.xpath: //input[@placeholder='Password']
11:22:41.090  INFO  manager.ListenerWD - Before Find Element By ---> By.xpath: //button[2]
11:22:41.104  INFO  manager.ListenerWD - After Find Element By ---> By.xpath: //button[2]
11:22:41.144  INFO  manager.ListenerWD - before Find Elements By ---> By.xpath: //button[text()='Sign Out']
11:22:41.343  INFO  manager.ListenerWD - After Find Elements By ---> By.xpath: //button[text()='Sign Out']
11:22:41.344  INFO  manager.ListenerWD - List size is ---->1
11:22:41.344  INFO  manager.ListenerWD - Before Find Element By ---> By.cssSelector: div.contact-page_message__2qafk>h1
11:22:41.434  INFO  manager.ListenerWD - After Find Element By ---> By.cssSelector: div.contact-page_message__2qafk>h1
11:22:41.459  INFO  manager.ListenerNG - onTestSuccess
11:22:41.461  INFO  TestBase - START TEST WITH NAME: registrationSuccessDP
11:22:41.462  INFO  manager.ListenerWD - before Find Elements By ---> By.xpath: //button[text()='Sign Out']
11:22:41.481  INFO  manager.ListenerWD - After Find Elements By ---> By.xpath: //button[text()='Sign Out']
11:22:41.481  INFO  manager.ListenerWD - List size is ---->1
11:22:41.481  INFO  manager.ListenerWD - Before Find Element By ---> By.xpath: //button[text()='Sign Out']
11:22:41.497  INFO  manager.ListenerWD - After Find Element By ---> By.xpath: //button[text()='Sign Out']
11:22:41.560  INFO  manager.ListenerNG - onTestStart
11:22:41.560  INFO  TestBase - data for test: User{email='Daniel3367i@mail.ru', password='Dd-i987654321'}
11:22:41.560  INFO  manager.ListenerWD - Before Find Element By ---> By.xpath: //a[@href='/login']
11:22:41.580  INFO  manager.ListenerWD - After Find Element By ---> By.xpath: //a[@href='/login']
11:22:41.622  INFO  manager.ListenerWD - Before Find Element By ---> By.xpath: //input[@placeholder='Email']
11:22:41.639  INFO  manager.ListenerWD - After Find Element By ---> By.xpath: //input[@placeholder='Email']
11:22:41.789  INFO  manager.ListenerWD - Before Find Element By ---> By.xpath: //input[@placeholder='Password']
11:22:41.801  INFO  manager.ListenerWD - After Find Element By ---> By.xpath: //input[@placeholder='Password']
11:22:41.941  INFO  manager.ListenerWD - Before Find Element By ---> By.xpath: //button[2]
11:22:41.955  INFO  manager.ListenerWD - After Find Element By ---> By.xpath: //button[2]
11:22:42.002  INFO  manager.ListenerWD - before Find Elements By ---> By.xpath: //button[text()='Sign Out']
11:22:42.159  INFO  manager.ListenerWD - After Find Elements By ---> By.xpath: //button[text()='Sign Out']
11:22:42.160  INFO  manager.ListenerWD - List size is ---->1
11:22:42.160  INFO  manager.ListenerWD - Before Find Element By ---> By.cssSelector: div.contact-page_message__2qafk>h1
11:22:42.246  INFO  manager.ListenerWD - After Find Element By ---> By.cssSelector: div.contact-page_message__2qafk>h1
11:22:42.271  INFO  manager.ListenerNG - onTestSuccess
11:22:42.272  INFO  TestBase - START TEST WITH NAME: registrationSuccessModels
11:22:42.273  INFO  manager.ListenerWD - before Find Elements By ---> By.xpath: //button[text()='Sign Out']
11:22:42.287  INFO  manager.ListenerWD - After Find Elements By ---> By.xpath: //button[text()='Sign Out']
11:22:42.287  INFO  manager.ListenerWD - List size is ---->1
11:22:42.287  INFO  manager.ListenerWD - Before Find Element By ---> By.xpath: //button[text()='Sign Out']
11:22:42.301  INFO  manager.ListenerWD - After Find Element By ---> By.xpath: //button[text()='Sign Out']
11:22:42.361  INFO  manager.ListenerNG - onTestStart
11:22:42.363  INFO  TestBase - data for test: User{email='Nik1362@gmail.com', password='123589$Nik'}
11:22:42.363  INFO  manager.ListenerWD - Before Find Element By ---> By.xpath: //a[@href='/login']
11:22:42.379  INFO  manager.ListenerWD - After Find Element By ---> By.xpath: //a[@href='/login']
11:22:42.420  INFO  manager.ListenerWD - Before Find Element By ---> By.xpath: //input[@placeholder='Email']
11:22:42.440  INFO  manager.ListenerWD - After Find Element By ---> By.xpath: //input[@placeholder='Email']
11:22:42.611  INFO  manager.ListenerWD - Before Find Element By ---> By.xpath: //input[@placeholder='Password']
11:22:42.625  INFO  manager.ListenerWD - After Find Element By ---> By.xpath: //input[@placeholder='Password']
11:22:42.756  INFO  manager.ListenerWD - Before Find Element By ---> By.xpath: //button[2]
11:22:42.769  INFO  manager.ListenerWD - After Find Element By ---> By.xpath: //button[2]
11:22:42.808  INFO  manager.ListenerWD - before Find Elements By ---> By.xpath: //button[text()='Sign Out']
11:22:42.978  INFO  manager.ListenerWD - After Find Elements By ---> By.xpath: //button[text()='Sign Out']
11:22:42.978  INFO  manager.ListenerWD - List size is ---->1
11:22:42.978  INFO  manager.ListenerWD - Before Find Element By ---> By.cssSelector: div.contact-page_message__2qafk>h1
11:22:43.121  INFO  manager.ListenerWD - After Find Element By ---> By.cssSelector: div.contact-page_message__2qafk>h1
11:22:43.151  INFO  manager.ListenerNG - onTestSuccess
11:22:43.155  INFO  TestBase - START TEST WITH NAME: registrationSuccessModels
11:22:43.156  INFO  manager.ListenerWD - before Find Elements By ---> By.xpath: //button[text()='Sign Out']
11:22:43.171  INFO  manager.ListenerWD - After Find Elements By ---> By.xpath: //button[text()='Sign Out']
11:22:43.172  INFO  manager.ListenerWD - List size is ---->1
11:22:43.172  INFO  manager.ListenerWD - Before Find Element By ---> By.xpath: //button[text()='Sign Out']
11:22:43.185  INFO  manager.ListenerWD - After Find Element By ---> By.xpath: //button[text()='Sign Out']
11:22:43.238  INFO  manager.ListenerNG - onTestStart
11:22:43.239  INFO  TestBase - data for test: User{email='Nik1363@gmail.com', password='123589$Nik'}
11:22:43.240  INFO  manager.ListenerWD - Before Find Element By ---> By.xpath: //a[@href='/login']
11:22:43.260  INFO  manager.ListenerWD - After Find Element By ---> By.xpath: //a[@href='/login']
11:22:43.304  INFO  manager.ListenerWD - Before Find Element By ---> By.xpath: //input[@placeholder='Email']
11:22:43.319  INFO  manager.ListenerWD - After Find Element By ---> By.xpath: //input[@placeholder='Email']
11:22:43.469  INFO  manager.ListenerWD - Before Find Element By ---> By.xpath: //input[@placeholder='Password']
11:22:43.482  INFO  manager.ListenerWD - After Find Element By ---> By.xpath: //input[@placeholder='Password']
11:22:43.618  INFO  manager.ListenerWD - Before Find Element By ---> By.xpath: //button[2]
11:22:43.632  INFO  manager.ListenerWD - After Find Element By ---> By.xpath: //button[2]
11:22:43.673  INFO  manager.ListenerWD - before Find Elements By ---> By.xpath: //button[text()='Sign Out']
11:22:43.882  INFO  manager.ListenerWD - After Find Elements By ---> By.xpath: //button[text()='Sign Out']
11:22:43.882  INFO  manager.ListenerWD - List size is ---->1
11:22:43.882  INFO  manager.ListenerWD - Before Find Element By ---> By.cssSelector: div.contact-page_message__2qafk>h1
11:22:44.034  INFO  manager.ListenerWD - After Find Element By ---> By.cssSelector: div.contact-page_message__2qafk>h1
11:22:44.064  INFO  manager.ListenerNG - onTestSuccess
11:22:44.065  INFO  TestBase - START TEST WITH NAME: registrationSuccessModels
11:22:44.066  INFO  manager.ListenerWD - before Find Elements By ---> By.xpath: //button[text()='Sign Out']
11:22:44.080  INFO  manager.ListenerWD - After Find Elements By ---> By.xpath: //button[text()='Sign Out']
11:22:44.081  INFO  manager.ListenerWD - List size is ---->1
11:22:44.081  INFO  manager.ListenerWD - Before Find Element By ---> By.xpath: //button[text()='Sign Out']
11:22:44.093  INFO  manager.ListenerWD - After Find Element By ---> By.xpath: //button[text()='Sign Out']
11:22:44.169  INFO  manager.ListenerNG - onTestStart
11:22:44.170  INFO  TestBase - data for test: User{email='Nik1364@gmail.com', password='123589$Nik'}
11:22:44.170  INFO  manager.ListenerWD - Before Find Element By ---> By.xpath: //a[@href='/login']
11:22:44.187  INFO  manager.ListenerWD - After Find Element By ---> By.xpath: //a[@href='/login']
11:22:44.238  INFO  manager.ListenerWD - Before Find Element By ---> By.xpath: //input[@placeholder='Email']
11:22:44.256  INFO  manager.ListenerWD - After Find Element By ---> By.xpath: //input[@placeholder='Email']
11:22:44.428  INFO  manager.ListenerWD - Before Find Element By ---> By.xpath: //input[@placeholder='Password']
11:22:44.443  INFO  manager.ListenerWD - After Find Element By ---> By.xpath: //input[@placeholder='Password']
11:22:44.628  INFO  manager.ListenerWD - Before Find Element By ---> By.xpath: //button[2]
11:22:44.645  INFO  manager.ListenerWD - After Find Element By ---> By.xpath: //button[2]
11:22:44.694  INFO  manager.ListenerWD - before Find Elements By ---> By.xpath: //button[text()='Sign Out']
11:22:44.821  INFO  manager.ListenerWD - After Find Elements By ---> By.xpath: //button[text()='Sign Out']
11:22:44.821  INFO  manager.ListenerWD - List size is ---->1
11:22:44.821  INFO  manager.ListenerWD - Before Find Element By ---> By.cssSelector: div.contact-page_message__2qafk>h1
11:22:44.955  INFO  manager.ListenerWD - After Find Element By ---> By.cssSelector: div.contact-page_message__2qafk>h1
11:22:44.976  INFO  manager.ListenerNG - onTestSuccess
11:22:44.977  INFO  TestBase - START TEST WITH NAME: registrationUserAlreadyExists
11:22:44.978  INFO  manager.ListenerWD - before Find Elements By ---> By.xpath: //button[text()='Sign Out']
11:22:44.995  INFO  manager.ListenerWD - After Find Elements By ---> By.xpath: //button[text()='Sign Out']
11:22:44.996  INFO  manager.ListenerWD - List size is ---->1
11:22:44.996  INFO  manager.ListenerWD - Before Find Element By ---> By.xpath: //button[text()='Sign Out']
11:22:45.011  INFO  manager.ListenerWD - After Find Element By ---> By.xpath: //button[text()='Sign Out']
11:22:45.074  INFO  manager.ListenerNG - onTestStart
11:22:45.076  INFO  manager.ListenerWD - Before Find Element By ---> By.xpath: //a[@href='/login']
11:22:45.095  INFO  manager.ListenerWD - After Find Element By ---> By.xpath: //a[@href='/login']
11:22:45.144  INFO  manager.ListenerWD - Before Find Element By ---> By.xpath: //input[@placeholder='Email']
11:22:45.163  INFO  manager.ListenerWD - After Find Element By ---> By.xpath: //input[@placeholder='Email']
11:22:45.307  INFO  manager.ListenerWD - Before Find Element By ---> By.xpath: //input[@placeholder='Password']
11:22:45.321  INFO  manager.ListenerWD - After Find Element By ---> By.xpath: //input[@placeholder='Password']
11:22:45.460  INFO  manager.ListenerWD - Before Find Element By ---> By.xpath: //button[2]
11:22:45.473  INFO  manager.ListenerWD - After Find Element By ---> By.xpath: //button[2]
11:22:45.515  INFO  manager.ListenerWD - before Find Elements By ---> By.xpath: //button[text()='Sign Out']
11:22:45.646  INFO  manager.ListenerWD - After Find Elements By ---> By.xpath: //button[text()='Sign Out']
11:22:45.646  INFO  manager.ListenerWD - List size is ---->0
11:22:45.680  INFO  manager.ListenerNG - onTestSuccess
11:22:45.681  INFO  TestBase - START TEST WITH NAME: registrationWrongEmail
11:22:45.682  INFO  manager.ListenerWD - before Find Elements By ---> By.xpath: //button[text()='Sign Out']
11:22:50.738  INFO  manager.ListenerWD - After Find Elements By ---> By.xpath: //button[text()='Sign Out']
11:22:50.738  INFO  manager.ListenerWD - List size is ---->0
11:22:50.740  INFO  manager.ListenerNG - onTestStart
11:22:50.741  INFO  manager.ListenerWD - Before Find Element By ---> By.xpath: //a[@href='/login']
11:22:50.772  INFO  manager.ListenerWD - After Find Element By ---> By.xpath: //a[@href='/login']
11:22:50.829  INFO  manager.ListenerWD - Before Find Element By ---> By.xpath: //input[@placeholder='Email']
11:22:50.855  INFO  manager.ListenerWD - After Find Element By ---> By.xpath: //input[@placeholder='Email']
11:22:51.025  INFO  manager.ListenerWD - Before Find Element By ---> By.xpath: //input[@placeholder='Password']
11:22:51.040  INFO  manager.ListenerWD - After Find Element By ---> By.xpath: //input[@placeholder='Password']
11:22:51.198  INFO  manager.ListenerWD - Before Find Element By ---> By.xpath: //button[2]
11:22:51.211  INFO  manager.ListenerWD - After Find Element By ---> By.xpath: //button[2]
11:22:51.253  INFO  manager.ListenerWD - before Find Elements By ---> By.xpath: //button[text()='Sign Out']
11:22:51.443  INFO  manager.ListenerWD - After Find Elements By ---> By.xpath: //button[text()='Sign Out']
11:22:51.444  INFO  manager.ListenerWD - List size is ---->0
11:22:51.479  INFO  manager.ListenerNG - onTestSuccess
11:22:51.480  INFO  TestBase - START TEST WITH NAME: registrationWrongPassword
11:22:51.481  INFO  manager.ListenerWD - before Find Elements By ---> By.xpath: //button[text()='Sign Out']
11:22:56.503  INFO  manager.ListenerWD - After Find Elements By ---> By.xpath: //button[text()='Sign Out']
11:22:56.503  INFO  manager.ListenerWD - List size is ---->0
11:22:56.504  INFO  manager.ListenerNG - onTestStart
11:22:56.505  INFO  manager.ListenerWD - Before Find Element By ---> By.xpath: //a[@href='/login']
11:22:56.528  INFO  manager.ListenerWD - After Find Element By ---> By.xpath: //a[@href='/login']
11:22:56.567  INFO  manager.ListenerWD - Before Find Element By ---> By.xpath: //input[@placeholder='Email']
11:22:56.588  INFO  manager.ListenerWD - After Find Element By ---> By.xpath: //input[@placeholder='Email']
11:22:56.755  INFO  manager.ListenerWD - Before Find Element By ---> By.xpath: //input[@placeholder='Password']
11:22:56.768  INFO  manager.ListenerWD - After Find Element By ---> By.xpath: //input[@placeholder='Password']
11:22:56.918  INFO  manager.ListenerWD - Before Find Element By ---> By.xpath: //button[2]
11:22:56.935  INFO  manager.ListenerWD - After Find Element By ---> By.xpath: //button[2]
11:22:56.987  INFO  manager.ListenerWD - before Find Elements By ---> By.xpath: //button[text()='Sign Out']
11:22:57.474  INFO  manager.ListenerWD - After Find Elements By ---> By.xpath: //button[text()='Sign Out']
11:22:57.474  INFO  manager.ListenerWD - List size is ---->0
11:22:57.496  INFO  manager.ListenerNG - onTestSuccess
11:22:57.499  INFO  TestBase - START TEST WITH NAME: removeFirstContact
11:22:57.500  INFO  manager.ListenerWD - before Find Elements By ---> By.xpath: //button[text()='Sign Out']
11:23:02.532  INFO  manager.ListenerWD - After Find Elements By ---> By.xpath: //button[text()='Sign Out']
11:23:02.532  INFO  manager.ListenerWD - List size is ---->0
11:23:02.533  INFO  manager.ListenerWD - Before Find Element By ---> By.xpath: //a[@href='/login']
11:23:02.567  INFO  manager.ListenerWD - After Find Element By ---> By.xpath: //a[@href='/login']
11:23:02.608  INFO  manager.ListenerWD - Before Find Element By ---> By.xpath: //input[@placeholder='Email']
11:23:02.630  INFO  manager.ListenerWD - After Find Element By ---> By.xpath: //input[@placeholder='Email']
11:23:02.832  INFO  manager.ListenerWD - Before Find Element By ---> By.xpath: //input[@placeholder='Password']
11:23:02.847  INFO  manager.ListenerWD - After Find Element By ---> By.xpath: //input[@placeholder='Password']
11:23:03.026  INFO  manager.ListenerWD - Before Find Element By ---> By.xpath: //*[text()=' Login']
11:23:03.041  INFO  manager.ListenerWD - After Find Element By ---> By.xpath: //*[text()=' Login']
11:23:03.084  INFO  manager.ListenerWD - before Find Elements By ---> By.cssSelector: .contact-item_card__2SOIM
11:23:03.536  INFO  manager.ListenerWD - After Find Elements By ---> By.cssSelector: .contact-item_card__2SOIM
11:23:03.537  INFO  manager.ListenerWD - List size is ---->9
11:23:03.537  INFO  manager.ListenerNG - onTestStart
11:23:03.537  INFO  manager.ListenerWD - before Find Elements By ---> By.cssSelector: .contact-item_card__2SOIM
11:23:03.588  INFO  manager.ListenerWD - After Find Elements By ---> By.cssSelector: .contact-item_card__2SOIM
11:23:03.588  INFO  manager.ListenerWD - List size is ---->9
11:23:03.588  INFO  manager.ListenerWD - before Find Elements By ---> By.cssSelector: .contact-item_card__2SOIM
11:23:03.631  INFO  manager.ListenerWD - After Find Elements By ---> By.cssSelector: .contact-item_card__2SOIM
11:23:03.631  INFO  manager.ListenerWD - List size is ---->9
11:23:03.631  INFO  manager.ListenerWD - Before Find Element By ---> By.cssSelector: .contact-item_card__2SOIM
11:23:03.648  INFO  manager.ListenerWD - After Find Element By ---> By.cssSelector: .contact-item_card__2SOIM
11:23:03.705  INFO  manager.ListenerWD - Before Find Element By ---> By.xpath: //button[text()='Remove']
11:23:03.728  INFO  manager.ListenerWD - After Find Element By ---> By.xpath: //button[text()='Remove']
11:23:05.770  INFO  manager.ListenerWD - before Find Elements By ---> By.cssSelector: .contact-item_card__2SOIM
11:23:05.873  INFO  manager.ListenerWD - After Find Elements By ---> By.cssSelector: .contact-item_card__2SOIM
11:23:05.873  INFO  manager.ListenerWD - List size is ---->8
11:23:05.873  INFO  manager.ListenerNG - onTestSuccess
11:23:05.875  INFO  TestBase - START TEST WITH NAME: removeAllContact
11:23:05.876  INFO  manager.ListenerWD - before Find Elements By ---> By.xpath: //button[text()='Sign Out']
11:23:05.889  INFO  manager.ListenerWD - After Find Elements By ---> By.xpath: //button[text()='Sign Out']
11:23:05.889  INFO  manager.ListenerWD - List size is ---->1
11:23:05.889  INFO  manager.ListenerWD - before Find Elements By ---> By.cssSelector: .contact-item_card__2SOIM
11:23:05.927  INFO  manager.ListenerWD - After Find Elements By ---> By.cssSelector: .contact-item_card__2SOIM
11:23:05.927  INFO  manager.ListenerWD - List size is ---->8
11:23:05.927  INFO  manager.ListenerNG - onTestStart
11:23:05.928  INFO  manager.ListenerWD - before Find Elements By ---> By.cssSelector: .contact-item_card__2SOIM
11:23:05.967  INFO  manager.ListenerWD - After Find Elements By ---> By.cssSelector: .contact-item_card__2SOIM
11:23:05.967  INFO  manager.ListenerWD - List size is ---->8
11:23:05.967  INFO  manager.ListenerWD - Before Find Element By ---> By.cssSelector: .contact-item_card__2SOIM
11:23:05.981  INFO  manager.ListenerWD - After Find Element By ---> By.cssSelector: .contact-item_card__2SOIM
11:23:06.022  INFO  manager.ListenerWD - Before Find Element By ---> By.xpath: //button[text()='Remove']
11:23:06.043  INFO  manager.ListenerWD - After Find Element By ---> By.xpath: //button[text()='Remove']
11:23:08.089  INFO  manager.ListenerWD - before Find Elements By ---> By.cssSelector: .contact-item_card__2SOIM
11:23:08.190  INFO  manager.ListenerWD - After Find Elements By ---> By.cssSelector: .contact-item_card__2SOIM
11:23:08.191  INFO  manager.ListenerWD - List size is ---->7
11:23:08.191  INFO  manager.ListenerWD - Before Find Element By ---> By.cssSelector: .contact-item_card__2SOIM
11:23:08.203  INFO  manager.ListenerWD - After Find Element By ---> By.cssSelector: .contact-item_card__2SOIM
11:23:08.241  INFO  manager.ListenerWD - Before Find Element By ---> By.xpath: //button[text()='Remove']
11:23:08.259  INFO  manager.ListenerWD - After Find Element By ---> By.xpath: //button[text()='Remove']
11:23:10.308  INFO  manager.ListenerWD - before Find Elements By ---> By.cssSelector: .contact-item_card__2SOIM
11:23:10.389  INFO  manager.ListenerWD - After Find Elements By ---> By.cssSelector: .contact-item_card__2SOIM
11:23:10.389  INFO  manager.ListenerWD - List size is ---->6
11:23:10.389  INFO  manager.ListenerWD - Before Find Element By ---> By.cssSelector: .contact-item_card__2SOIM
11:23:10.403  INFO  manager.ListenerWD - After Find Element By ---> By.cssSelector: .contact-item_card__2SOIM
11:23:10.442  INFO  manager.ListenerWD - Before Find Element By ---> By.xpath: //button[text()='Remove']
11:23:10.464  INFO  manager.ListenerWD - After Find Element By ---> By.xpath: //button[text()='Remove']
11:23:12.512  INFO  manager.ListenerWD - before Find Elements By ---> By.cssSelector: .contact-item_card__2SOIM
11:23:12.614  INFO  manager.ListenerWD - After Find Elements By ---> By.cssSelector: .contact-item_card__2SOIM
11:23:12.614  INFO  manager.ListenerWD - List size is ---->5
11:23:12.615  INFO  manager.ListenerWD - Before Find Element By ---> By.cssSelector: .contact-item_card__2SOIM
11:23:12.632  INFO  manager.ListenerWD - After Find Element By ---> By.cssSelector: .contact-item_card__2SOIM
11:23:12.672  INFO  manager.ListenerWD - Before Find Element By ---> By.xpath: //button[text()='Remove']
11:23:12.697  INFO  manager.ListenerWD - After Find Element By ---> By.xpath: //button[text()='Remove']
11:23:14.755  INFO  manager.ListenerWD - before Find Elements By ---> By.cssSelector: .contact-item_card__2SOIM
11:23:14.825  INFO  manager.ListenerWD - After Find Elements By ---> By.cssSelector: .contact-item_card__2SOIM
11:23:14.825  INFO  manager.ListenerWD - List size is ---->4
11:23:14.825  INFO  manager.ListenerWD - Before Find Element By ---> By.cssSelector: .contact-item_card__2SOIM
11:23:14.838  INFO  manager.ListenerWD - After Find Element By ---> By.cssSelector: .contact-item_card__2SOIM
11:23:14.875  INFO  manager.ListenerWD - Before Find Element By ---> By.xpath: //button[text()='Remove']
11:23:14.898  INFO  manager.ListenerWD - After Find Element By ---> By.xpath: //button[text()='Remove']
11:23:16.939  INFO  manager.ListenerWD - before Find Elements By ---> By.cssSelector: .contact-item_card__2SOIM
11:23:17.001  INFO  manager.ListenerWD - After Find Elements By ---> By.cssSelector: .contact-item_card__2SOIM
11:23:17.001  INFO  manager.ListenerWD - List size is ---->3
11:23:17.001  INFO  manager.ListenerWD - Before Find Element By ---> By.cssSelector: .contact-item_card__2SOIM
11:23:17.027  INFO  manager.ListenerWD - After Find Element By ---> By.cssSelector: .contact-item_card__2SOIM
11:23:17.067  INFO  manager.ListenerWD - Before Find Element By ---> By.xpath: //button[text()='Remove']
11:23:17.084  INFO  manager.ListenerWD - After Find Element By ---> By.xpath: //button[text()='Remove']
11:23:19.126  INFO  manager.ListenerWD - before Find Elements By ---> By.cssSelector: .contact-item_card__2SOIM
11:23:19.185  INFO  manager.ListenerWD - After Find Elements By ---> By.cssSelector: .contact-item_card__2SOIM
11:23:19.185  INFO  manager.ListenerWD - List size is ---->2
11:23:19.185  INFO  manager.ListenerWD - Before Find Element By ---> By.cssSelector: .contact-item_card__2SOIM
11:23:19.208  INFO  manager.ListenerWD - After Find Element By ---> By.cssSelector: .contact-item_card__2SOIM
11:23:19.248  INFO  manager.ListenerWD - Before Find Element By ---> By.xpath: //button[text()='Remove']
11:23:19.272  INFO  manager.ListenerWD - After Find Element By ---> By.xpath: //button[text()='Remove']
11:23:21.315  INFO  manager.ListenerWD - before Find Elements By ---> By.cssSelector: .contact-item_card__2SOIM
11:23:21.339  INFO  manager.ListenerWD - After Find Elements By ---> By.cssSelector: .contact-item_card__2SOIM
11:23:21.339  INFO  manager.ListenerWD - List size is ---->1
11:23:21.339  INFO  manager.ListenerWD - Before Find Element By ---> By.cssSelector: .contact-item_card__2SOIM
11:23:21.351  INFO  manager.ListenerWD - After Find Element By ---> By.cssSelector: .contact-item_card__2SOIM
11:23:21.392  INFO  manager.ListenerWD - Before Find Element By ---> By.xpath: //button[text()='Remove']
11:23:21.413  INFO  manager.ListenerWD - After Find Element By ---> By.xpath: //button[text()='Remove']
11:23:23.459  INFO  manager.ListenerWD - before Find Elements By ---> By.cssSelector: .contact-item_card__2SOIM
11:23:28.477  INFO  manager.ListenerWD - After Find Elements By ---> By.cssSelector: .contact-item_card__2SOIM
11:23:28.477  INFO  manager.ListenerWD - List size is ---->0
11:23:28.478  INFO  manager.ListenerWD - Before Find Element By ---> By.cssSelector: .contact-page_message__2qafk h1
11:23:28.496  INFO  manager.ListenerWD - After Find Element By ---> By.cssSelector: .contact-page_message__2qafk h1
11:23:28.512  INFO  manager.ListenerNG - onTestSuccess
11:23:28.513  INFO  manager.ListenerNG - onFinish
11:23:28.815  INFO  manager.ListenerNG - onFinish
