22:29:04.287  INFO  manager.ApplicationManager - Chrome Driver was opened
22:29:07.171  INFO  manager.ApplicationManager - Current URL is --->https://contacts-app.tobbymarshall815.vercel.app/home
22:29:07.308  INFO  TestBase - START TEST WITH NAME: loginSuccess
22:29:07.311  INFO  TestBase - Start checking authorization
22:29:07.333  INFO  manager.ListenerWD - before Find Elements By ---> By.xpath: //button[text()='Sign Out']
22:29:12.371  INFO  manager.ListenerWD - After Find Elements By ---> By.xpath: //button[text()='Sign Out']
22:29:12.371  INFO  manager.ListenerWD - List size is ---->0
22:29:12.372  INFO  TestBase - Test was not needed in logout 
22:29:12.377  INFO  TestBase - User login with data: email Nik@gmail.com & password 123589$Nik 
22:29:12.378  INFO  manager.ListenerWD - Before Find Element By ---> By.xpath: //a[@href='/login']
22:29:12.435  INFO  manager.ListenerWD - After Find Element By ---> By.xpath: //a[@href='/login']
22:29:12.578  INFO  manager.ListenerWD - Before Find Element By ---> By.xpath: //input[@placeholder='Email']
22:29:12.634  INFO  manager.ListenerWD - After Find Element By ---> By.xpath: //input[@placeholder='Email']
22:29:12.898  INFO  manager.ListenerWD - Before Find Element By ---> By.xpath: //input[@placeholder='Password']
22:29:12.955  INFO  manager.ListenerWD - After Find Element By ---> By.xpath: //input[@placeholder='Password']
22:29:13.161  INFO  manager.ListenerWD - Before Find Element By ---> By.xpath: //*[text()=' Login']
22:29:13.197  INFO  manager.ListenerWD - After Find Element By ---> By.xpath: //*[text()=' Login']
22:29:13.261  INFO  manager.ListenerWD - before Find Elements By ---> By.xpath: //button[text()='Sign Out']
22:29:14.147  INFO  manager.ListenerWD - After Find Elements By ---> By.xpath: //button[text()='Sign Out']
22:29:14.147  INFO  manager.ListenerWD - List size is ---->1
22:29:14.153  INFO  TestBase - Assert check is Sign Out button Present
22:29:14.158  INFO  TestBase - START TEST WITH NAME: loginSuccess
22:29:14.160  INFO  TestBase - Start checking authorization
22:29:14.160  INFO  manager.ListenerWD - before Find Elements By ---> By.xpath: //button[text()='Sign Out']
22:29:14.195  INFO  manager.ListenerWD - After Find Elements By ---> By.xpath: //button[text()='Sign Out']
22:29:14.195  INFO  manager.ListenerWD - List size is ---->1
22:29:14.195  INFO  manager.ListenerWD - Before Find Element By ---> By.xpath: //button[text()='Sign Out']
22:29:14.234  INFO  manager.ListenerWD - After Find Element By ---> By.xpath: //button[text()='Sign Out']
22:29:14.336  INFO  TestBase - Test was needed in logout 
22:29:14.339  INFO  TestBase - User login with data: email Nik@gmail.com & password 123589$Nik 
22:29:14.343  INFO  manager.ListenerWD - Before Find Element By ---> By.xpath: //a[@href='/login']
22:29:14.380  INFO  manager.ListenerWD - After Find Element By ---> By.xpath: //a[@href='/login']
22:29:14.466  INFO  manager.ListenerWD - Before Find Element By ---> By.xpath: //input[@placeholder='Email']
22:29:14.541  INFO  manager.ListenerWD - After Find Element By ---> By.xpath: //input[@placeholder='Email']
22:29:14.793  INFO  manager.ListenerWD - Before Find Element By ---> By.xpath: //input[@placeholder='Password']
22:29:14.843  INFO  manager.ListenerWD - After Find Element By ---> By.xpath: //input[@placeholder='Password']
22:29:15.146  INFO  manager.ListenerWD - Before Find Element By ---> By.xpath: //*[text()=' Login']
22:29:15.178  INFO  manager.ListenerWD - After Find Element By ---> By.xpath: //*[text()=' Login']
22:29:15.243  INFO  manager.ListenerWD - before Find Elements By ---> By.xpath: //button[text()='Sign Out']
22:29:15.466  INFO  manager.ListenerWD - After Find Elements By ---> By.xpath: //button[text()='Sign Out']
22:29:15.467  INFO  manager.ListenerWD - List size is ---->1
22:29:15.467  INFO  TestBase - Assert check is Sign Out button Present
22:29:15.469  INFO  TestBase - START TEST WITH NAME: loginSuccess
22:29:15.474  INFO  TestBase - Start checking authorization
22:29:15.474  INFO  manager.ListenerWD - before Find Elements By ---> By.xpath: //button[text()='Sign Out']
22:29:15.530  INFO  manager.ListenerWD - After Find Elements By ---> By.xpath: //button[text()='Sign Out']
22:29:15.530  INFO  manager.ListenerWD - List size is ---->1
22:29:15.531  INFO  manager.ListenerWD - Before Find Element By ---> By.xpath: //button[text()='Sign Out']
22:29:15.639  INFO  manager.ListenerWD - After Find Element By ---> By.xpath: //button[text()='Sign Out']
22:29:15.767  INFO  TestBase - Test was needed in logout 
22:29:15.769  INFO  TestBase - User login with data: email Nik@gmail.com & password 123589$Nik 
22:29:15.770  INFO  manager.ListenerWD - Before Find Element By ---> By.xpath: //a[@href='/login']
22:29:15.821  INFO  manager.ListenerWD - After Find Element By ---> By.xpath: //a[@href='/login']
22:29:15.897  INFO  manager.ListenerWD - Before Find Element By ---> By.xpath: //input[@placeholder='Email']
22:29:15.924  INFO  manager.ListenerWD - After Find Element By ---> By.xpath: //input[@placeholder='Email']
22:29:16.137  INFO  manager.ListenerWD - Before Find Element By ---> By.xpath: //input[@placeholder='Password']
22:29:16.170  INFO  manager.ListenerWD - After Find Element By ---> By.xpath: //input[@placeholder='Password']
22:29:16.383  INFO  manager.ListenerWD - Before Find Element By ---> By.xpath: //*[text()=' Login']
22:29:16.414  INFO  manager.ListenerWD - After Find Element By ---> By.xpath: //*[text()=' Login']
22:29:16.484  INFO  manager.ListenerWD - before Find Elements By ---> By.xpath: //button[text()='Sign Out']
22:29:16.691  INFO  manager.ListenerWD - After Find Elements By ---> By.xpath: //button[text()='Sign Out']
22:29:16.692  INFO  manager.ListenerWD - List size is ---->1
22:29:16.692  INFO  TestBase - Assert check is Sign Out button Present
