23:44:14.091  INFO  manager.ApplicationManager - Chrome Driver was opened
23:44:16.063  INFO  manager.ApplicationManager - Current URL is --->https://contacts-app.tobbymarshall815.vercel.app/home
23:44:16.166  INFO  TestBase - START TEST WITH NAME: loginNegativeWrongEmailFormat
23:44:16.169  INFO  TestBase - Start checking authorization
23:44:16.171  INFO  manager.ListenerWD - before Find Elements By ---> By.xpath: //button[text()='Sign Out']
23:44:21.191  INFO  manager.ListenerWD - After Find Elements By ---> By.xpath: //button[text()='Sign Out']
23:44:21.192  INFO  manager.ListenerWD - List size is ---->0
23:44:21.194  INFO  TestBase - Test was not needed in logout 
23:44:21.200  INFO  TestBase - Login  scenario  unsuccess with invalid email format was used data: User{email='null', password='123589$Nik'}
23:44:21.202  INFO  manager.ListenerWD - Before Find Element By ---> By.xpath: //a[@href='/login']
23:44:21.259  INFO  manager.ListenerWD - After Find Element By ---> By.xpath: //a[@href='/login']
23:44:21.371  INFO  manager.ListenerWD - Before Find Element By ---> By.xpath: //input[@placeholder='Password']
23:44:21.415  INFO  manager.ListenerWD - After Find Element By ---> By.xpath: //input[@placeholder='Password']
23:44:21.675  INFO  manager.ListenerWD - Before Find Element By ---> By.xpath: //*[text()=' Login']
23:44:21.772  INFO  manager.ListenerWD - After Find Element By ---> By.xpath: //*[text()=' Login']
23:44:21.851  INFO  manager.ListenerWD - before Find Elements By ---> By.xpath: //button[text()='Sign Out']
23:44:22.599  INFO  manager.ListenerWD - After Find Elements By ---> By.xpath: //button[text()='Sign Out']
23:44:22.599  INFO  manager.ListenerWD - List size is ---->0
23:44:22.721  INFO  TestBase - START TEST WITH NAME: loginNegativeWrongEmailFormat
23:44:22.723  INFO  TestBase - Start checking authorization
23:44:22.723  INFO  manager.ListenerWD - before Find Elements By ---> By.xpath: //button[text()='Sign Out']
23:44:27.769  INFO  manager.ListenerWD - After Find Elements By ---> By.xpath: //button[text()='Sign Out']
23:44:27.770  INFO  manager.ListenerWD - List size is ---->0
23:44:27.770  INFO  TestBase - Test was not needed in logout 
23:44:27.773  INFO  TestBase - Login  scenario  unsuccess with invalid email format was used data: User{email='@gmail.com', password='123589$Nik'}
23:44:27.774  INFO  manager.ListenerWD - Before Find Element By ---> By.xpath: //a[@href='/login']
23:44:27.817  INFO  manager.ListenerWD - After Find Element By ---> By.xpath: //a[@href='/login']
23:44:27.873  INFO  manager.ListenerWD - Before Find Element By ---> By.xpath: //input[@placeholder='Email']
23:44:27.915  INFO  manager.ListenerWD - After Find Element By ---> By.xpath: //input[@placeholder='Email']
23:44:28.053  INFO  manager.ListenerWD - Before Find Element By ---> By.xpath: //input[@placeholder='Password']
23:44:28.077  INFO  manager.ListenerWD - After Find Element By ---> By.xpath: //input[@placeholder='Password']
23:44:28.272  INFO  manager.ListenerWD - Before Find Element By ---> By.xpath: //*[text()=' Login']
23:44:28.299  INFO  manager.ListenerWD - After Find Element By ---> By.xpath: //*[text()=' Login']
23:44:28.370  INFO  manager.ListenerWD - before Find Elements By ---> By.xpath: //button[text()='Sign Out']
23:44:28.768  INFO  manager.ListenerWD - After Find Elements By ---> By.xpath: //button[text()='Sign Out']
23:44:28.769  INFO  manager.ListenerWD - List size is ---->0
23:44:28.878  INFO  TestBase - START TEST WITH NAME: loginNegativeWrongEmailFormat
23:44:28.879  INFO  TestBase - Start checking authorization
23:44:28.880  INFO  manager.ListenerWD - before Find Elements By ---> By.xpath: //button[text()='Sign Out']
23:44:33.948  INFO  manager.ListenerWD - After Find Elements By ---> By.xpath: //button[text()='Sign Out']
23:44:33.948  INFO  manager.ListenerWD - List size is ---->0
23:44:33.948  INFO  TestBase - Test was not needed in logout 
23:44:33.949  INFO  TestBase - Login  scenario  unsuccess with invalid email format was used data: User{email='k@gmail.com', password='123589$Nik'}
23:44:33.950  INFO  manager.ListenerWD - Before Find Element By ---> By.xpath: //a[@href='/login']
23:44:33.972  INFO  manager.ListenerWD - After Find Element By ---> By.xpath: //a[@href='/login']
23:44:34.014  INFO  manager.ListenerWD - Before Find Element By ---> By.xpath: //input[@placeholder='Email']
23:44:34.044  INFO  manager.ListenerWD - After Find Element By ---> By.xpath: //input[@placeholder='Email']
23:44:34.201  INFO  manager.ListenerWD - Before Find Element By ---> By.xpath: //input[@placeholder='Password']
23:44:34.226  INFO  manager.ListenerWD - After Find Element By ---> By.xpath: //input[@placeholder='Password']
23:44:34.396  INFO  manager.ListenerWD - Before Find Element By ---> By.xpath: //*[text()=' Login']
23:44:34.420  INFO  manager.ListenerWD - After Find Element By ---> By.xpath: //*[text()=' Login']
23:44:34.481  INFO  manager.ListenerWD - before Find Elements By ---> By.xpath: //button[text()='Sign Out']
23:44:34.699  INFO  manager.ListenerWD - After Find Elements By ---> By.xpath: //button[text()='Sign Out']
23:44:34.700  INFO  manager.ListenerWD - List size is ---->0
23:44:34.775  INFO  TestBase - START TEST WITH NAME: loginNegativeWrongEmailFormat
23:44:34.776  INFO  TestBase - Start checking authorization
23:44:34.777  INFO  manager.ListenerWD - before Find Elements By ---> By.xpath: //button[text()='Sign Out']
23:44:39.853  INFO  manager.ListenerWD - After Find Elements By ---> By.xpath: //button[text()='Sign Out']
23:44:39.854  INFO  manager.ListenerWD - List size is ---->0
23:44:39.855  INFO  TestBase - Test was not needed in logout 
23:44:39.857  INFO  TestBase - Login  scenario  unsuccess with invalid email format was used data: User{email='Ник@gmail.com', password='123589$Nik'}
23:44:39.858  INFO  manager.ListenerWD - Before Find Element By ---> By.xpath: //a[@href='/login']
23:44:39.896  INFO  manager.ListenerWD - After Find Element By ---> By.xpath: //a[@href='/login']
23:44:39.937  INFO  manager.ListenerWD - Before Find Element By ---> By.xpath: //input[@placeholder='Email']
23:44:39.972  INFO  manager.ListenerWD - After Find Element By ---> By.xpath: //input[@placeholder='Email']
23:44:40.150  INFO  manager.ListenerWD - Before Find Element By ---> By.xpath: //input[@placeholder='Password']
23:44:40.172  INFO  manager.ListenerWD - After Find Element By ---> By.xpath: //input[@placeholder='Password']
23:44:40.356  INFO  manager.ListenerWD - Before Find Element By ---> By.xpath: //*[text()=' Login']
23:44:40.377  INFO  manager.ListenerWD - After Find Element By ---> By.xpath: //*[text()=' Login']
23:44:40.425  INFO  manager.ListenerWD - before Find Elements By ---> By.xpath: //button[text()='Sign Out']
23:44:40.768  INFO  manager.ListenerWD - After Find Elements By ---> By.xpath: //button[text()='Sign Out']
23:44:40.769  INFO  manager.ListenerWD - List size is ---->0
23:44:40.869  INFO  TestBase - START TEST WITH NAME: loginNegativeWrongEmailFormat
23:44:40.873  INFO  TestBase - Start checking authorization
23:44:40.874  INFO  manager.ListenerWD - before Find Elements By ---> By.xpath: //button[text()='Sign Out']
23:44:45.898  INFO  manager.ListenerWD - After Find Elements By ---> By.xpath: //button[text()='Sign Out']
23:44:45.899  INFO  manager.ListenerWD - List size is ---->0
23:44:45.899  INFO  TestBase - Test was not needed in logout 
23:44:45.900  INFO  TestBase - Login  scenario  unsuccess with invalid email format was used data: User{email='Nikgmail.com', password='123589$Nik'}
23:44:45.901  INFO  manager.ListenerWD - Before Find Element By ---> By.xpath: //a[@href='/login']
23:44:45.919  INFO  manager.ListenerWD - After Find Element By ---> By.xpath: //a[@href='/login']
23:44:45.963  INFO  manager.ListenerWD - Before Find Element By ---> By.xpath: //input[@placeholder='Email']
23:44:45.997  INFO  manager.ListenerWD - After Find Element By ---> By.xpath: //input[@placeholder='Email']
23:44:46.195  INFO  manager.ListenerWD - Before Find Element By ---> By.xpath: //input[@placeholder='Password']
23:44:46.217  INFO  manager.ListenerWD - After Find Element By ---> By.xpath: //input[@placeholder='Password']
23:44:46.409  INFO  manager.ListenerWD - Before Find Element By ---> By.xpath: //*[text()=' Login']
23:44:46.435  INFO  manager.ListenerWD - After Find Element By ---> By.xpath: //*[text()=' Login']
23:44:46.490  INFO  manager.ListenerWD - before Find Elements By ---> By.xpath: //button[text()='Sign Out']
23:44:46.701  INFO  manager.ListenerWD - After Find Elements By ---> By.xpath: //button[text()='Sign Out']
23:44:46.701  INFO  manager.ListenerWD - List size is ---->0
23:44:46.785  INFO  TestBase - START TEST WITH NAME: loginNegativeWrongEmailFormat
23:44:46.787  INFO  TestBase - Start checking authorization
23:44:46.787  INFO  manager.ListenerWD - before Find Elements By ---> By.xpath: //button[text()='Sign Out']
23:44:51.833  INFO  manager.ListenerWD - After Find Elements By ---> By.xpath: //button[text()='Sign Out']
23:44:51.835  INFO  manager.ListenerWD - List size is ---->0
23:44:51.836  INFO  TestBase - Test was not needed in logout 
23:44:51.840  INFO  TestBase - Login  scenario  unsuccess with invalid email format was used data: User{email=' Nik@gmail.com', password='123589$Nik'}
23:44:51.841  INFO  manager.ListenerWD - Before Find Element By ---> By.xpath: //a[@href='/login']
23:44:51.884  INFO  manager.ListenerWD - After Find Element By ---> By.xpath: //a[@href='/login']
23:44:51.920  INFO  manager.ListenerWD - Before Find Element By ---> By.xpath: //input[@placeholder='Email']
23:44:51.950  INFO  manager.ListenerWD - After Find Element By ---> By.xpath: //input[@placeholder='Email']
23:44:52.131  INFO  manager.ListenerWD - Before Find Element By ---> By.xpath: //input[@placeholder='Password']
23:44:52.151  INFO  manager.ListenerWD - After Find Element By ---> By.xpath: //input[@placeholder='Password']
23:44:52.335  INFO  manager.ListenerWD - Before Find Element By ---> By.xpath: //*[text()=' Login']
23:44:52.352  INFO  manager.ListenerWD - After Find Element By ---> By.xpath: //*[text()=' Login']
23:44:52.396  INFO  manager.ListenerWD - before Find Elements By ---> By.xpath: //button[text()='Sign Out']
23:44:52.843  INFO  manager.ListenerWD - After Find Elements By ---> By.xpath: //button[text()='Sign Out']
23:44:52.843  INFO  manager.ListenerWD - List size is ---->0
23:44:52.905  INFO  TestBase - START TEST WITH NAME: loginNegativeWrongEmailFormat
23:44:52.908  INFO  TestBase - Start checking authorization
23:44:52.911  INFO  manager.ListenerWD - before Find Elements By ---> By.xpath: //button[text()='Sign Out']
23:44:57.958  INFO  manager.ListenerWD - After Find Elements By ---> By.xpath: //button[text()='Sign Out']
23:44:57.959  INFO  manager.ListenerWD - List size is ---->0
23:44:57.961  INFO  TestBase - Test was not needed in logout 
23:44:57.965  INFO  TestBase - Login  scenario  unsuccess with invalid email format was used data: User{email='Nik@gmailcom', password='123589$Nik'}
23:44:57.967  INFO  manager.ListenerWD - Before Find Element By ---> By.xpath: //a[@href='/login']
23:44:58.002  INFO  manager.ListenerWD - After Find Element By ---> By.xpath: //a[@href='/login']
23:44:58.052  INFO  manager.ListenerWD - Before Find Element By ---> By.xpath: //input[@placeholder='Email']
23:44:58.094  INFO  manager.ListenerWD - After Find Element By ---> By.xpath: //input[@placeholder='Email']
23:44:58.242  INFO  manager.ListenerWD - Before Find Element By ---> By.xpath: //input[@placeholder='Password']
23:44:58.260  INFO  manager.ListenerWD - After Find Element By ---> By.xpath: //input[@placeholder='Password']
23:44:58.435  INFO  manager.ListenerWD - Before Find Element By ---> By.xpath: //*[text()=' Login']
23:44:58.453  INFO  manager.ListenerWD - After Find Element By ---> By.xpath: //*[text()=' Login']
23:44:58.498  INFO  manager.ListenerWD - before Find Elements By ---> By.xpath: //button[text()='Sign Out']
23:44:58.842  INFO  manager.ListenerWD - After Find Elements By ---> By.xpath: //button[text()='Sign Out']
23:44:58.842  INFO  manager.ListenerWD - List size is ---->0
