18:00:39.345  INFO  manager.ApplicationManager - Chrome Driver was opened
18:00:41.752  INFO  manager.ApplicationManager - Current URL is --->https://contacts-app.tobbymarshall815.vercel.app/home
18:00:41.883  INFO  TestBase - START TEST WITH NAME: loginSuccess
18:00:41.888  INFO  TestBase - Start checking authorization
18:00:41.892  INFO  manager.ListenerWD - before Find Elements By ---> By.xpath: //button[text()='Sign Out']
18:00:46.981  INFO  manager.ListenerWD - After Find Elements By ---> By.xpath: //button[text()='Sign Out']
18:00:46.983  INFO  manager.ListenerWD - List size is ---->0
18:00:46.990  INFO  TestBase - User login with data: email Nik@gmail.com & password 123589$Nik 
18:00:46.991  INFO  manager.ListenerWD - Before Find Element By ---> By.xpath: //a[@href='/login']
18:00:47.110  INFO  manager.ListenerWD - After Find Element By ---> By.xpath: //a[@href='/login']
18:00:47.410  INFO  manager.ListenerWD - Before Find Element By ---> By.xpath: //input[@placeholder='Email']
18:00:47.491  INFO  manager.ListenerWD - After Find Element By ---> By.xpath: //input[@placeholder='Email']
18:00:47.772  INFO  manager.ListenerWD - Before Find Element By ---> By.xpath: //input[@placeholder='Password']
18:00:47.828  INFO  manager.ListenerWD - After Find Element By ---> By.xpath: //input[@placeholder='Password']
18:00:48.022  INFO  manager.ListenerWD - Before Find Element By ---> By.xpath: //*[text()=' Login']
18:00:48.069  INFO  manager.ListenerWD - After Find Element By ---> By.xpath: //*[text()=' Login']
18:00:48.151  INFO  manager.ListenerWD - before Find Elements By ---> By.xpath: //button[text()='Sign Out']
18:00:48.858  INFO  manager.ListenerWD - After Find Elements By ---> By.xpath: //button[text()='Sign Out']
18:00:48.858  INFO  manager.ListenerWD - List size is ---->1
18:00:48.863  INFO  TestBase - Assert check is Sign Out button Present
