22:55:36.697  INFO  manager.ApplicationManager - Chrome Driver was opened
22:55:39.955  INFO  manager.ApplicationManager - Current URL is --->https://contacts-app.tobbymarshall815.vercel.app/home
22:55:40.059  INFO  TestBase - START TEST WITH NAME: loginNegativeWrongEmailFormat
22:55:40.066  INFO  TestBase - Start checking authorization
22:55:40.068  INFO  manager.ListenerWD - before Find Elements By ---> By.xpath: //button[text()='Sign Out']
22:55:45.087  INFO  manager.ListenerWD - After Find Elements By ---> By.xpath: //button[text()='Sign Out']
22:55:45.088  INFO  manager.ListenerWD - List size is ---->0
22:55:45.089  INFO  TestBase - Test was not needed in logout 
22:55:45.092  INFO  manager.ListenerWD - Before Find Element By ---> By.xpath: //a[@href='/login']
22:55:45.150  INFO  manager.ListenerWD - After Find Element By ---> By.xpath: //a[@href='/login']
22:55:45.258  INFO  manager.ListenerWD - Before Find Element By ---> By.xpath: //input[@placeholder='Email']
22:55:45.314  INFO  manager.ListenerWD - After Find Element By ---> By.xpath: //input[@placeholder='Email']
22:55:45.521  INFO  manager.ListenerWD - Before Find Element By ---> By.xpath: //input[@placeholder='Password']
22:55:45.577  INFO  manager.ListenerWD - After Find Element By ---> By.xpath: //input[@placeholder='Password']
22:55:45.789  INFO  manager.ListenerWD - Before Find Element By ---> By.xpath: //*[text()=' Login']
22:55:45.832  INFO  manager.ListenerWD - After Find Element By ---> By.xpath: //*[text()=' Login']
22:55:45.892  INFO  manager.ListenerWD - before Find Elements By ---> By.xpath: //button[text()='Sign Out']
22:55:46.649  INFO  manager.ListenerWD - After Find Elements By ---> By.xpath: //button[text()='Sign Out']
22:55:46.649  INFO  manager.ListenerWD - List size is ---->0
22:55:46.800  INFO  TestBase - START TEST WITH NAME: loginNegativeWrongPasswordFormat
22:55:46.804  INFO  TestBase - Start checking authorization
22:55:46.806  INFO  manager.ListenerWD - before Find Elements By ---> By.xpath: //button[text()='Sign Out']
22:55:51.867  INFO  manager.ListenerWD - After Find Elements By ---> By.xpath: //button[text()='Sign Out']
22:55:51.868  INFO  manager.ListenerWD - List size is ---->0
22:55:51.868  INFO  TestBase - Test was not needed in logout 
22:55:51.884  INFO  TestBase - START TEST WITH NAME: loginSuccess
22:55:51.885  INFO  TestBase - Start checking authorization
22:55:51.886  INFO  manager.ListenerWD - before Find Elements By ---> By.xpath: //button[text()='Sign Out']
22:55:56.910  INFO  manager.ListenerWD - After Find Elements By ---> By.xpath: //button[text()='Sign Out']
22:55:56.910  INFO  manager.ListenerWD - List size is ---->0
22:55:56.911  INFO  TestBase - Test was not needed in logout 
22:55:56.914  INFO  TestBase - Login scenario success was used data email: Nik@gmail.com& password: 123589$Nik
22:55:56.915  INFO  manager.ListenerWD - Before Find Element By ---> By.xpath: //a[@href='/login']
22:55:56.946  INFO  manager.ListenerWD - After Find Element By ---> By.xpath: //a[@href='/login']
22:55:57.013  INFO  manager.ListenerWD - Before Find Element By ---> By.xpath: //input[@placeholder='Email']
22:55:57.038  INFO  manager.ListenerWD - After Find Element By ---> By.xpath: //input[@placeholder='Email']
22:55:57.260  INFO  manager.ListenerWD - Before Find Element By ---> By.xpath: //input[@placeholder='Password']
22:55:57.313  INFO  manager.ListenerWD - After Find Element By ---> By.xpath: //input[@placeholder='Password']
22:55:57.544  INFO  manager.ListenerWD - Before Find Element By ---> By.xpath: //*[text()=' Login']
22:55:57.569  INFO  manager.ListenerWD - After Find Element By ---> By.xpath: //*[text()=' Login']
22:55:57.627  INFO  manager.ListenerWD - before Find Elements By ---> By.xpath: //button[text()='Sign Out']
22:55:57.900  INFO  manager.ListenerWD - After Find Elements By ---> By.xpath: //button[text()='Sign Out']
22:55:57.902  INFO  manager.ListenerWD - List size is ---->1
22:55:57.902  INFO  TestBase - Assert check is Sign Out button Present
22:55:57.908  INFO  TestBase - START TEST WITH NAME: loginSuccess
22:55:57.912  INFO  TestBase - Start checking authorization
22:55:57.913  INFO  manager.ListenerWD - before Find Elements By ---> By.xpath: //button[text()='Sign Out']
22:55:57.934  INFO  manager.ListenerWD - After Find Elements By ---> By.xpath: //button[text()='Sign Out']
22:55:57.934  INFO  manager.ListenerWD - List size is ---->1
22:55:57.935  INFO  manager.ListenerWD - Before Find Element By ---> By.xpath: //button[text()='Sign Out']
22:55:57.965  INFO  manager.ListenerWD - After Find Element By ---> By.xpath: //button[text()='Sign Out']
22:55:58.028  INFO  TestBase - Test was needed in logout 
22:55:58.031  INFO  TestBase - Login scenario success was used data email: shu@ukr.net& password: $987987SHu
22:55:58.034  INFO  manager.ListenerWD - Before Find Element By ---> By.xpath: //a[@href='/login']
22:55:58.066  INFO  manager.ListenerWD - After Find Element By ---> By.xpath: //a[@href='/login']
22:55:58.118  INFO  manager.ListenerWD - Before Find Element By ---> By.xpath: //input[@placeholder='Email']
22:55:58.146  INFO  manager.ListenerWD - After Find Element By ---> By.xpath: //input[@placeholder='Email']
22:55:58.297  INFO  manager.ListenerWD - Before Find Element By ---> By.xpath: //input[@placeholder='Password']
22:55:58.319  INFO  manager.ListenerWD - After Find Element By ---> By.xpath: //input[@placeholder='Password']
22:55:58.476  INFO  manager.ListenerWD - Before Find Element By ---> By.xpath: //*[text()=' Login']
22:55:58.500  INFO  manager.ListenerWD - After Find Element By ---> By.xpath: //*[text()=' Login']
22:55:58.549  INFO  manager.ListenerWD - before Find Elements By ---> By.xpath: //button[text()='Sign Out']
22:55:58.694  INFO  manager.ListenerWD - After Find Elements By ---> By.xpath: //button[text()='Sign Out']
22:55:58.694  INFO  manager.ListenerWD - List size is ---->1
22:55:58.695  INFO  TestBase - Assert check is Sign Out button Present
22:55:58.696  INFO  TestBase - START TEST WITH NAME: loginSuccess
22:55:58.698  INFO  TestBase - Start checking authorization
22:55:58.698  INFO  manager.ListenerWD - before Find Elements By ---> By.xpath: //button[text()='Sign Out']
22:55:58.753  INFO  manager.ListenerWD - After Find Elements By ---> By.xpath: //button[text()='Sign Out']
22:55:58.754  INFO  manager.ListenerWD - List size is ---->1
22:55:58.755  INFO  manager.ListenerWD - Before Find Element By ---> By.xpath: //button[text()='Sign Out']
22:55:58.836  INFO  manager.ListenerWD - After Find Element By ---> By.xpath: //button[text()='Sign Out']
22:55:58.923  INFO  TestBase - Test was needed in logout 
22:55:58.925  INFO  TestBase - Login scenario success was used data email: tanya@mail.ru& password: Ta12587$nya
22:55:58.928  INFO  manager.ListenerWD - Before Find Element By ---> By.xpath: //a[@href='/login']
22:55:58.996  INFO  manager.ListenerWD - After Find Element By ---> By.xpath: //a[@href='/login']
22:55:59.066  INFO  manager.ListenerWD - Before Find Element By ---> By.xpath: //input[@placeholder='Email']
22:55:59.091  INFO  manager.ListenerWD - After Find Element By ---> By.xpath: //input[@placeholder='Email']
22:55:59.262  INFO  manager.ListenerWD - Before Find Element By ---> By.xpath: //input[@placeholder='Password']
22:55:59.282  INFO  manager.ListenerWD - After Find Element By ---> By.xpath: //input[@placeholder='Password']
22:55:59.442  INFO  manager.ListenerWD - Before Find Element By ---> By.xpath: //*[text()=' Login']
22:55:59.470  INFO  manager.ListenerWD - After Find Element By ---> By.xpath: //*[text()=' Login']
22:55:59.529  INFO  manager.ListenerWD - before Find Elements By ---> By.xpath: //button[text()='Sign Out']
22:55:59.795  INFO  manager.ListenerWD - After Find Elements By ---> By.xpath: //button[text()='Sign Out']
22:55:59.796  INFO  manager.ListenerWD - List size is ---->1
22:55:59.796  INFO  TestBase - Assert check is Sign Out button Present
22:55:59.799  INFO  TestBase - START TEST WITH NAME: loginSuccessModel
22:55:59.801  INFO  TestBase - Start checking authorization
22:55:59.801  INFO  manager.ListenerWD - before Find Elements By ---> By.xpath: //button[text()='Sign Out']
22:55:59.821  INFO  manager.ListenerWD - After Find Elements By ---> By.xpath: //button[text()='Sign Out']
22:55:59.822  INFO  manager.ListenerWD - List size is ---->1
22:55:59.822  INFO  manager.ListenerWD - Before Find Element By ---> By.xpath: //button[text()='Sign Out']
22:55:59.843  INFO  manager.ListenerWD - After Find Element By ---> By.xpath: //button[text()='Sign Out']
22:55:59.933  INFO  TestBase - Test was needed in logout 
22:55:59.937  INFO  TestBase - Login scenario success was used data: User{email='Nik2701@gmail.com', password='123589$Nik'}
22:55:59.937  INFO  manager.ListenerWD - Before Find Element By ---> By.xpath: //a[@href='/login']
22:55:59.970  INFO  manager.ListenerWD - After Find Element By ---> By.xpath: //a[@href='/login']
22:56:00.045  INFO  manager.ListenerWD - Before Find Element By ---> By.xpath: //input[@placeholder='Email']
22:56:00.066  INFO  manager.ListenerWD - After Find Element By ---> By.xpath: //input[@placeholder='Email']
22:56:00.228  INFO  manager.ListenerWD - Before Find Element By ---> By.xpath: //input[@placeholder='Password']
22:56:00.247  INFO  manager.ListenerWD - After Find Element By ---> By.xpath: //input[@placeholder='Password']
22:56:00.399  INFO  manager.ListenerWD - Before Find Element By ---> By.xpath: //*[text()=' Login']
22:56:00.420  INFO  manager.ListenerWD - After Find Element By ---> By.xpath: //*[text()=' Login']
22:56:00.474  INFO  manager.ListenerWD - before Find Elements By ---> By.xpath: //button[text()='Sign Out']
22:56:00.618  INFO  manager.ListenerWD - After Find Elements By ---> By.xpath: //button[text()='Sign Out']
22:56:00.619  INFO  manager.ListenerWD - List size is ---->1
22:56:00.621  INFO  TestBase - START TEST WITH NAME: loginSuccessModel
22:56:00.625  INFO  TestBase - Start checking authorization
22:56:00.625  INFO  manager.ListenerWD - before Find Elements By ---> By.xpath: //button[text()='Sign Out']
22:56:00.647  INFO  manager.ListenerWD - After Find Elements By ---> By.xpath: //button[text()='Sign Out']
22:56:00.648  INFO  manager.ListenerWD - List size is ---->1
22:56:00.648  INFO  manager.ListenerWD - Before Find Element By ---> By.xpath: //button[text()='Sign Out']
22:56:00.692  INFO  manager.ListenerWD - After Find Element By ---> By.xpath: //button[text()='Sign Out']
22:56:00.753  INFO  TestBase - Test was needed in logout 
22:56:00.756  INFO  TestBase - Login scenario success was used data: User{email='Nik2703@gmail.com', password='123589$Nik'}
22:56:00.758  INFO  manager.ListenerWD - Before Find Element By ---> By.xpath: //a[@href='/login']
22:56:00.785  INFO  manager.ListenerWD - After Find Element By ---> By.xpath: //a[@href='/login']
22:56:00.838  INFO  manager.ListenerWD - Before Find Element By ---> By.xpath: //input[@placeholder='Email']
22:56:00.859  INFO  manager.ListenerWD - After Find Element By ---> By.xpath: //input[@placeholder='Email']
22:56:01.047  INFO  manager.ListenerWD - Before Find Element By ---> By.xpath: //input[@placeholder='Password']
22:56:01.069  INFO  manager.ListenerWD - After Find Element By ---> By.xpath: //input[@placeholder='Password']
22:56:01.218  INFO  manager.ListenerWD - Before Find Element By ---> By.xpath: //*[text()=' Login']
22:56:01.234  INFO  manager.ListenerWD - After Find Element By ---> By.xpath: //*[text()=' Login']
22:56:01.279  INFO  manager.ListenerWD - before Find Elements By ---> By.xpath: //button[text()='Sign Out']
22:56:01.431  INFO  manager.ListenerWD - After Find Elements By ---> By.xpath: //button[text()='Sign Out']
22:56:01.432  INFO  manager.ListenerWD - List size is ---->1
22:56:01.434  INFO  TestBase - START TEST WITH NAME: loginSuccessModel
22:56:01.436  INFO  TestBase - Start checking authorization
22:56:01.436  INFO  manager.ListenerWD - before Find Elements By ---> By.xpath: //button[text()='Sign Out']
22:56:01.459  INFO  manager.ListenerWD - After Find Elements By ---> By.xpath: //button[text()='Sign Out']
22:56:01.459  INFO  manager.ListenerWD - List size is ---->1
22:56:01.460  INFO  manager.ListenerWD - Before Find Element By ---> By.xpath: //button[text()='Sign Out']
22:56:01.478  INFO  manager.ListenerWD - After Find Element By ---> By.xpath: //button[text()='Sign Out']
22:56:01.535  INFO  TestBase - Test was needed in logout 
22:56:01.536  INFO  TestBase - Login scenario success was used data: User{email='Nik2704@gmail.com', password='123589$Nik'}
22:56:01.537  INFO  manager.ListenerWD - Before Find Element By ---> By.xpath: //a[@href='/login']
22:56:01.565  INFO  manager.ListenerWD - After Find Element By ---> By.xpath: //a[@href='/login']
22:56:01.629  INFO  manager.ListenerWD - Before Find Element By ---> By.xpath: //input[@placeholder='Email']
22:56:01.650  INFO  manager.ListenerWD - After Find Element By ---> By.xpath: //input[@placeholder='Email']
22:56:01.831  INFO  manager.ListenerWD - Before Find Element By ---> By.xpath: //input[@placeholder='Password']
22:56:01.850  INFO  manager.ListenerWD - After Find Element By ---> By.xpath: //input[@placeholder='Password']
22:56:02.049  INFO  manager.ListenerWD - Before Find Element By ---> By.xpath: //*[text()=' Login']
22:56:02.072  INFO  manager.ListenerWD - After Find Element By ---> By.xpath: //*[text()=' Login']
22:56:02.129  INFO  manager.ListenerWD - before Find Elements By ---> By.xpath: //button[text()='Sign Out']
22:56:02.331  INFO  manager.ListenerWD - After Find Elements By ---> By.xpath: //button[text()='Sign Out']
22:56:02.331  INFO  manager.ListenerWD - List size is ---->1
