13:14:08.774  INFO  manager.ApplicationManager - All tests start in  Firefox
13:14:11.883  INFO  manager.ApplicationManager - Current URL is --->https://contacts-app.tobbymarshall815.vercel.app/home
13:14:11.997  INFO  TestBase - START TEST WITH NAME: registrationSuccess
13:14:12.009  INFO  manager.ListenerWD - before Find Elements By ---> By.xpath: //button[text()='Sign Out']
13:14:17.085  INFO  manager.ListenerWD - After Find Elements By ---> By.xpath: //button[text()='Sign Out']
13:14:17.086  INFO  manager.ListenerWD - List size is ---->0
13:14:17.089  INFO  manager.ListenerWD - Before Find Element By ---> By.xpath: //a[@href='/login']
13:14:17.146  INFO  manager.ListenerWD - After Find Element By ---> By.xpath: //a[@href='/login']
13:14:17.431  INFO  manager.ListenerWD - Before Find Element By ---> By.xpath: //input[@placeholder='Email']
13:14:17.470  INFO  manager.ListenerWD - After Find Element By ---> By.xpath: //input[@placeholder='Email']
13:14:17.806  INFO  manager.ListenerWD - Before Find Element By ---> By.xpath: //input[@placeholder='Password']
13:14:17.842  INFO  manager.ListenerWD - After Find Element By ---> By.xpath: //input[@placeholder='Password']
13:14:18.152  INFO  manager.ListenerWD - Before Find Element By ---> By.xpath: //button[2]
13:14:18.206  INFO  manager.ListenerWD - After Find Element By ---> By.xpath: //button[2]
13:14:20.439  INFO  manager.ListenerWD - before Find Elements By ---> By.xpath: //button[text()='Sign Out']
13:14:20.473  INFO  manager.ListenerWD - After Find Elements By ---> By.xpath: //button[text()='Sign Out']
13:14:20.473  INFO  manager.ListenerWD - List size is ---->1
13:14:20.486  INFO  TestBase - START TEST WITH NAME: registrationSuccessModels
13:14:20.489  INFO  manager.ListenerWD - before Find Elements By ---> By.xpath: //button[text()='Sign Out']
13:14:20.523  INFO  manager.ListenerWD - After Find Elements By ---> By.xpath: //button[text()='Sign Out']
13:14:20.523  INFO  manager.ListenerWD - List size is ---->1
13:14:20.524  INFO  manager.ListenerWD - Before Find Element By ---> By.xpath: //button[text()='Sign Out']
13:14:20.563  INFO  manager.ListenerWD - After Find Element By ---> By.xpath: //button[text()='Sign Out']
13:14:20.806  INFO  TestBase - data for test: User{email='Nik860@gmail.com', password='123589$Nik'}
13:14:20.807  INFO  manager.ListenerWD - Before Find Element By ---> By.xpath: //a[@href='/login']
13:14:20.844  INFO  manager.ListenerWD - After Find Element By ---> By.xpath: //a[@href='/login']
13:14:21.075  INFO  manager.ListenerWD - Before Find Element By ---> By.xpath: //input[@placeholder='Email']
13:14:21.109  INFO  manager.ListenerWD - After Find Element By ---> By.xpath: //input[@placeholder='Email']
13:14:21.409  INFO  manager.ListenerWD - Before Find Element By ---> By.xpath: //input[@placeholder='Password']
13:14:21.441  INFO  manager.ListenerWD - After Find Element By ---> By.xpath: //input[@placeholder='Password']
13:14:21.716  INFO  manager.ListenerWD - Before Find Element By ---> By.xpath: //button[2]
13:14:21.747  INFO  manager.ListenerWD - After Find Element By ---> By.xpath: //button[2]
13:14:21.980  INFO  manager.ListenerWD - before Find Elements By ---> By.xpath: //button[text()='Sign Out']
13:14:22.028  INFO  manager.ListenerWD - After Find Elements By ---> By.xpath: //button[text()='Sign Out']
13:14:22.032  INFO  manager.ListenerWD - List size is ---->1
13:14:22.040  INFO  manager.ListenerWD - Before Find Element By ---> By.cssSelector: div.contact-page_message__2qafk>h1
13:14:22.114  INFO  manager.ListenerWD - After Find Element By ---> By.cssSelector: div.contact-page_message__2qafk>h1
13:14:22.152  INFO  TestBase - START TEST WITH NAME: registrationSuccessModels
13:14:22.155  INFO  manager.ListenerWD - before Find Elements By ---> By.xpath: //button[text()='Sign Out']
13:14:22.180  INFO  manager.ListenerWD - After Find Elements By ---> By.xpath: //button[text()='Sign Out']
13:14:22.181  INFO  manager.ListenerWD - List size is ---->1
13:14:22.181  INFO  manager.ListenerWD - Before Find Element By ---> By.xpath: //button[text()='Sign Out']
13:14:22.207  INFO  manager.ListenerWD - After Find Element By ---> By.xpath: //button[text()='Sign Out']
13:14:22.435  INFO  TestBase - data for test: User{email='Nik862@gmail.com', password='123589$Nik'}
13:14:22.436  INFO  manager.ListenerWD - Before Find Element By ---> By.xpath: //a[@href='/login']
13:14:22.459  INFO  manager.ListenerWD - After Find Element By ---> By.xpath: //a[@href='/login']
13:14:22.688  INFO  manager.ListenerWD - Before Find Element By ---> By.xpath: //input[@placeholder='Email']
13:14:22.723  INFO  manager.ListenerWD - After Find Element By ---> By.xpath: //input[@placeholder='Email']
13:14:23.005  INFO  manager.ListenerWD - Before Find Element By ---> By.xpath: //input[@placeholder='Password']
13:14:23.029  INFO  manager.ListenerWD - After Find Element By ---> By.xpath: //input[@placeholder='Password']
13:14:23.306  INFO  manager.ListenerWD - Before Find Element By ---> By.xpath: //button[2]
13:14:23.330  INFO  manager.ListenerWD - After Find Element By ---> By.xpath: //button[2]
13:14:23.556  INFO  manager.ListenerWD - before Find Elements By ---> By.xpath: //button[text()='Sign Out']
13:14:23.582  INFO  manager.ListenerWD - After Find Elements By ---> By.xpath: //button[text()='Sign Out']
13:14:23.582  INFO  manager.ListenerWD - List size is ---->1
13:14:23.583  INFO  manager.ListenerWD - Before Find Element By ---> By.cssSelector: div.contact-page_message__2qafk>h1
13:14:23.643  INFO  manager.ListenerWD - After Find Element By ---> By.cssSelector: div.contact-page_message__2qafk>h1
13:14:23.659  INFO  TestBase - START TEST WITH NAME: registrationSuccessModels
13:14:23.661  INFO  manager.ListenerWD - before Find Elements By ---> By.xpath: //button[text()='Sign Out']
13:14:23.686  INFO  manager.ListenerWD - After Find Elements By ---> By.xpath: //button[text()='Sign Out']
13:14:23.687  INFO  manager.ListenerWD - List size is ---->1
13:14:23.687  INFO  manager.ListenerWD - Before Find Element By ---> By.xpath: //button[text()='Sign Out']
13:14:23.715  INFO  manager.ListenerWD - After Find Element By ---> By.xpath: //button[text()='Sign Out']
13:14:23.955  INFO  TestBase - data for test: User{email='Nik863@gmail.com', password='123589$Nik'}
13:14:23.955  INFO  manager.ListenerWD - Before Find Element By ---> By.xpath: //a[@href='/login']
13:14:23.978  INFO  manager.ListenerWD - After Find Element By ---> By.xpath: //a[@href='/login']
13:14:24.211  INFO  manager.ListenerWD - Before Find Element By ---> By.xpath: //input[@placeholder='Email']
13:14:24.236  INFO  manager.ListenerWD - After Find Element By ---> By.xpath: //input[@placeholder='Email']
13:14:24.539  INFO  manager.ListenerWD - Before Find Element By ---> By.xpath: //input[@placeholder='Password']
13:14:24.563  INFO  manager.ListenerWD - After Find Element By ---> By.xpath: //input[@placeholder='Password']
13:14:24.831  INFO  manager.ListenerWD - Before Find Element By ---> By.xpath: //button[2]
13:14:24.855  INFO  manager.ListenerWD - After Find Element By ---> By.xpath: //button[2]
13:14:25.078  INFO  manager.ListenerWD - before Find Elements By ---> By.xpath: //button[text()='Sign Out']
13:14:25.105  INFO  manager.ListenerWD - After Find Elements By ---> By.xpath: //button[text()='Sign Out']
13:14:25.105  INFO  manager.ListenerWD - List size is ---->1
13:14:25.106  INFO  manager.ListenerWD - Before Find Element By ---> By.cssSelector: div.contact-page_message__2qafk>h1
13:14:25.169  INFO  manager.ListenerWD - After Find Element By ---> By.cssSelector: div.contact-page_message__2qafk>h1
13:14:25.183  INFO  TestBase - START TEST WITH NAME: registrationUserAlreadyExists
13:14:25.185  INFO  manager.ListenerWD - before Find Elements By ---> By.xpath: //button[text()='Sign Out']
13:14:25.206  INFO  manager.ListenerWD - After Find Elements By ---> By.xpath: //button[text()='Sign Out']
13:14:25.207  INFO  manager.ListenerWD - List size is ---->1
13:14:25.207  INFO  manager.ListenerWD - Before Find Element By ---> By.xpath: //button[text()='Sign Out']
13:14:25.230  INFO  manager.ListenerWD - After Find Element By ---> By.xpath: //button[text()='Sign Out']
13:14:25.457  INFO  manager.ListenerWD - Before Find Element By ---> By.xpath: //a[@href='/login']
13:14:25.481  INFO  manager.ListenerWD - After Find Element By ---> By.xpath: //a[@href='/login']
13:14:25.708  INFO  manager.ListenerWD - Before Find Element By ---> By.xpath: //input[@placeholder='Email']
13:14:25.738  INFO  manager.ListenerWD - After Find Element By ---> By.xpath: //input[@placeholder='Email']
13:14:26.011  INFO  manager.ListenerWD - Before Find Element By ---> By.xpath: //input[@placeholder='Password']
13:14:26.040  INFO  manager.ListenerWD - After Find Element By ---> By.xpath: //input[@placeholder='Password']
13:14:26.309  INFO  manager.ListenerWD - Before Find Element By ---> By.xpath: //button[2]
13:14:26.333  INFO  manager.ListenerWD - After Find Element By ---> By.xpath: //button[2]
13:14:26.573  INFO  manager.ListenerWD - before Find Elements By ---> By.xpath: //button[text()='Sign Out']
13:14:26.677  INFO  manager.ListenerWD - We have a 'problem'
13:14:26.678  INFO  manager.ListenerWD - The name of error method findElements
13:14:26.684  INFO  manager.ListenerWD - Describe of error org.openqa.selenium.WebDriverException: Failed to interpret value as array
Build info: version: '4.4.0', revision: 'e5c75ed026a'
System info: host: 'DESKTOP-FMI0Q92', ip: '192.168.1.209', os.name: 'Windows 10', os.arch: 'amd64', os.version: '10.0', java.version: '11.0.16.1'
Driver info: org.openqa.selenium.firefox.FirefoxDriver
Command: [dbc6e2ff-2865-44ba-ac5c-1aa31b86c3ef, findElements {using=xpath, value=//button[text()='Sign Out']}]
Capabilities {acceptInsecureCerts: true, browserName: firefox, browserVersion: 106.0.2, moz:accessibilityChecks: false, moz:buildID: 20221025065831, moz:debuggerAddress: 127.0.0.1:51303, moz:geckodriverVersion: 0.32.0, moz:headless: false, moz:platformVersion: 10.0, moz:processID: 12908, moz:profile: C:\Temp\rust_mozprofileJvdHih, moz:shutdownTimeout: 60000, moz:useNonSpecCompliantPointerOrigin: false, moz:webdriverClick: true, moz:windowless: false, pageLoadStrategy: normal, platformName: WINDOWS, proxy: Proxy(), se:cdp: ws://127.0.0.1:51303/devtoo..., se:cdpVersion: 85.0, setWindowRect: true, strictFileInteractability: false, timeouts: {implicit: 0, pageLoad: 300000, script: 30000}, unhandledPromptBehavior: dismiss and notify}
Session ID: dbc6e2ff-2865-44ba-ac5c-1aa31b86c3ef
13:14:26.684  INFO  manager.ListenerWD - **********************
13:14:26.690  INFO  manager.ListenerWD - Screen with error is 1265 ***  src/test/screenshots/screen1265.png
13:14:26.718  INFO  TestBase - START TEST WITH NAME: registrationWrongEmail
13:14:26.720  INFO  manager.ListenerWD - before Find Elements By ---> By.xpath: //button[text()='Sign Out']
13:14:26.760  INFO  manager.ListenerWD - We have a 'problem'
13:14:26.761  INFO  manager.ListenerWD - The name of error method findElements
13:14:26.763  INFO  manager.ListenerWD - Describe of error org.openqa.selenium.UnhandledAlertException: Dismissed user prompt dialog: User already exist: 
Build info: version: '4.4.0', revision: 'e5c75ed026a'
System info: host: 'DESKTOP-FMI0Q92', ip: '192.168.1.209', os.name: 'Windows 10', os.arch: 'amd64', os.version: '10.0', java.version: '11.0.16.1'
Driver info: org.openqa.selenium.firefox.FirefoxDriver
Command: [dbc6e2ff-2865-44ba-ac5c-1aa31b86c3ef, findElements {using=xpath, value=//button[text()='Sign Out']}]
Capabilities {acceptInsecureCerts: true, browserName: firefox, browserVersion: 106.0.2, moz:accessibilityChecks: false, moz:buildID: 20221025065831, moz:debuggerAddress: 127.0.0.1:51303, moz:geckodriverVersion: 0.32.0, moz:headless: false, moz:platformVersion: 10.0, moz:processID: 12908, moz:profile: C:\Temp\rust_mozprofileJvdHih, moz:shutdownTimeout: 60000, moz:useNonSpecCompliantPointerOrigin: false, moz:webdriverClick: true, moz:windowless: false, pageLoadStrategy: normal, platformName: WINDOWS, proxy: Proxy(), se:cdp: ws://127.0.0.1:51303/devtoo..., se:cdpVersion: 85.0, setWindowRect: true, strictFileInteractability: false, timeouts: {implicit: 0, pageLoad: 300000, script: 30000}, unhandledPromptBehavior: dismiss and notify}
Session ID: dbc6e2ff-2865-44ba-ac5c-1aa31b86c3ef
13:14:26.764  INFO  manager.ListenerWD - **********************
13:14:26.764  INFO  manager.ListenerWD - Screen with error is 1042 ***  src/test/screenshots/screen1042.png
13:14:26.819  INFO  TestBase - START TEST WITH NAME: loginNegativeWrongEmailFormat
13:14:26.821  INFO  TestBase - Start checking authorization
13:14:26.822  INFO  manager.ListenerWD - before Find Elements By ---> By.xpath: //button[text()='Sign Out']
13:14:31.839  INFO  manager.ListenerWD - After Find Elements By ---> By.xpath: //button[text()='Sign Out']
13:14:31.839  INFO  manager.ListenerWD - List size is ---->0
13:14:31.839  INFO  TestBase - Test was not needed in logout 
13:14:31.840  INFO  TestBase - Login negative scenario with wrong email was used data: User{email='null', password='123589$Nik'}
13:14:31.841  INFO  manager.ListenerWD - Before Find Element By ---> By.xpath: //a[@href='/login']
13:14:31.862  INFO  manager.ListenerWD - After Find Element By ---> By.xpath: //a[@href='/login']
13:14:32.094  INFO  manager.ListenerWD - Before Find Element By ---> By.xpath: //input[@placeholder='Password']
13:14:32.113  INFO  manager.ListenerWD - After Find Element By ---> By.xpath: //input[@placeholder='Password']
13:14:32.389  INFO  manager.ListenerWD - Before Find Element By ---> By.xpath: //*[text()=' Login']
13:14:32.421  INFO  manager.ListenerWD - After Find Element By ---> By.xpath: //*[text()=' Login']
13:14:32.642  INFO  manager.ListenerWD - before Find Elements By ---> By.xpath: //button[text()='Sign Out']
13:14:33.327  INFO  manager.ListenerWD - We have a 'problem'
13:14:33.328  INFO  manager.ListenerWD - The name of error method findElements
13:14:33.331  INFO  manager.ListenerWD - Describe of error org.openqa.selenium.WebDriverException: Failed to interpret value as array
Build info: version: '4.4.0', revision: 'e5c75ed026a'
System info: host: 'DESKTOP-FMI0Q92', ip: '192.168.1.209', os.name: 'Windows 10', os.arch: 'amd64', os.version: '10.0', java.version: '11.0.16.1'
Driver info: org.openqa.selenium.firefox.FirefoxDriver
Command: [dbc6e2ff-2865-44ba-ac5c-1aa31b86c3ef, findElements {using=xpath, value=//button[text()='Sign Out']}]
Capabilities {acceptInsecureCerts: true, browserName: firefox, browserVersion: 106.0.2, moz:accessibilityChecks: false, moz:buildID: 20221025065831, moz:debuggerAddress: 127.0.0.1:51303, moz:geckodriverVersion: 0.32.0, moz:headless: false, moz:platformVersion: 10.0, moz:processID: 12908, moz:profile: C:\Temp\rust_mozprofileJvdHih, moz:shutdownTimeout: 60000, moz:useNonSpecCompliantPointerOrigin: false, moz:webdriverClick: true, moz:windowless: false, pageLoadStrategy: normal, platformName: WINDOWS, proxy: Proxy(), se:cdp: ws://127.0.0.1:51303/devtoo..., se:cdpVersion: 85.0, setWindowRect: true, strictFileInteractability: false, timeouts: {implicit: 0, pageLoad: 300000, script: 30000}, unhandledPromptBehavior: dismiss and notify}
Session ID: dbc6e2ff-2865-44ba-ac5c-1aa31b86c3ef
13:14:33.331  INFO  manager.ListenerWD - **********************
13:14:33.332  INFO  manager.ListenerWD - Screen with error is 1365 ***  src/test/screenshots/screen1365.png
13:14:33.339  INFO  TestBase - START TEST WITH NAME: loginNegativeWrongEmailFormat
13:14:33.342  INFO  TestBase - Start checking authorization
13:14:33.344  INFO  manager.ListenerWD - before Find Elements By ---> By.xpath: //button[text()='Sign Out']
13:14:33.384  INFO  manager.ListenerWD - We have a 'problem'
13:14:33.384  INFO  manager.ListenerWD - The name of error method findElements
13:14:33.385  INFO  manager.ListenerWD - Describe of error org.openqa.selenium.UnhandledAlertException: Dismissed user prompt dialog: Undefined Error 500: 
Build info: version: '4.4.0', revision: 'e5c75ed026a'
System info: host: 'DESKTOP-FMI0Q92', ip: '192.168.1.209', os.name: 'Windows 10', os.arch: 'amd64', os.version: '10.0', java.version: '11.0.16.1'
Driver info: org.openqa.selenium.firefox.FirefoxDriver
Command: [dbc6e2ff-2865-44ba-ac5c-1aa31b86c3ef, findElements {using=xpath, value=//button[text()='Sign Out']}]
Capabilities {acceptInsecureCerts: true, browserName: firefox, browserVersion: 106.0.2, moz:accessibilityChecks: false, moz:buildID: 20221025065831, moz:debuggerAddress: 127.0.0.1:51303, moz:geckodriverVersion: 0.32.0, moz:headless: false, moz:platformVersion: 10.0, moz:processID: 12908, moz:profile: C:\Temp\rust_mozprofileJvdHih, moz:shutdownTimeout: 60000, moz:useNonSpecCompliantPointerOrigin: false, moz:webdriverClick: true, moz:windowless: false, pageLoadStrategy: normal, platformName: WINDOWS, proxy: Proxy(), se:cdp: ws://127.0.0.1:51303/devtoo..., se:cdpVersion: 85.0, setWindowRect: true, strictFileInteractability: false, timeouts: {implicit: 0, pageLoad: 300000, script: 30000}, unhandledPromptBehavior: dismiss and notify}
Session ID: dbc6e2ff-2865-44ba-ac5c-1aa31b86c3ef
13:14:33.385  INFO  manager.ListenerWD - **********************
13:14:33.385  INFO  manager.ListenerWD - Screen with error is 1598 ***  src/test/screenshots/screen1598.png
