09:37:52.925  INFO  manager.ApplicationManager - Chrome Driver was opened
09:37:55.740  INFO  manager.ApplicationManager - Current URL is --->https://contacts-app.tobbymarshall815.vercel.app/home
09:37:55.876  INFO  TestBase - START TEST WITH NAME: loginNegativeWrongPasswordFormat2
09:37:55.879  INFO  TestBase - Start checking authorization
09:37:55.881  INFO  manager.ListenerWD - before Find Elements By ---> By.xpath: //button[text()='Sign Out']
09:38:00.903  INFO  manager.ListenerWD - After Find Elements By ---> By.xpath: //button[text()='Sign Out']
09:38:00.904  INFO  manager.ListenerWD - List size is ---->0
09:38:00.906  INFO  TestBase - Test was not needed in logout 
09:38:00.912  INFO  TestBase - Login negative scenario with wrong password was used data: User{email='Nik@gmail.com', password='123589$Ник'}
09:38:00.916  INFO  manager.ListenerWD - Before Find Element By ---> By.xpath: //a[@href='/login']
09:38:00.967  INFO  manager.ListenerWD - After Find Element By ---> By.xpath: //a[@href='/login']
09:38:01.104  INFO  manager.ListenerWD - Before Find Element By ---> By.xpath: //input[@placeholder='Email']
09:38:01.183  INFO  manager.ListenerWD - After Find Element By ---> By.xpath: //input[@placeholder='Email']
09:38:01.418  INFO  manager.ListenerWD - Before Find Element By ---> By.xpath: //input[@placeholder='Password']
09:38:01.471  INFO  manager.ListenerWD - After Find Element By ---> By.xpath: //input[@placeholder='Password']
09:38:01.657  INFO  manager.ListenerWD - Before Find Element By ---> By.xpath: //*[text()=' Login']
09:38:01.694  INFO  manager.ListenerWD - After Find Element By ---> By.xpath: //*[text()=' Login']
09:38:01.769  INFO  manager.ListenerWD - before Find Elements By ---> By.xpath: //button[text()='Sign Out']
09:38:02.518  INFO  manager.ListenerWD - After Find Elements By ---> By.xpath: //button[text()='Sign Out']
09:38:02.518  INFO  manager.ListenerWD - List size is ---->0
09:38:02.612  INFO  TestBase - In assert checked error message 'Wrong email or password format' 
